2024-07-19 09:47:19,795 [INFO] Activator:176 - 


2024-07-19 09:47:19,804 [INFO] Activator:177 - !SESSION log4j initialized
2024-07-19 09:47:31,858 [INFO] LogOutputStream:77 - [STDOUT_REDIRECT] 
2024-07-19 09:47:47,858 [INFO] ApplicationProperties:184 - Using Application install path: C:\ST\STM32CubeIDE_1.15.0\STM32CubeIDE\plugins\com.st.stm32cube.common.mx_6.11.1.202404110753
2024-07-19 09:47:47,898 [INFO] DbMcusXml:78 - Set database path to: C:\ST\STM32CubeIDE_1.15.0\STM32CubeIDE\plugins\com.st.stm32cube.common.mx_6.11.1.202404110753\\db\/mcu/
2024-07-19 09:47:47,899 [INFO] ApiDb:274 - Set plugin database path to: C:\ST\STM32CubeIDE_1.15.0\STM32CubeIDE\plugins\com.st.stm32cube.common.mx_6.11.1.202404110753\\db\/plugins/boardmanager/
2024-07-19 09:47:47,900 [WARN] ApiDb:259 - Overriding images path with different value:  => C:\ST\STM32CubeIDE_1.15.0\STM32CubeIDE\plugins\com.st.stm32cube.common.mx_6.11.1.202404110753\\db\/plugins/mcufinder/images/
2024-07-19 09:47:47,910 [INFO] ApiDb:250 - Set database path to: C:\Users\shrey\.stmcufinder\plugins\mcufinder//mcu/
2024-07-19 09:47:47,912 [INFO] DbMcusAds:125 - Set database path to: C:\Users\shrey\.stmcufinder\plugins\mcufinder//mcu/
2024-07-19 09:47:47,945 [INFO] CrossReferenceDbSqlite:203 - Set database path to: C:\Users\shrey\.stmcufinder\plugins\mcufinder//mcu/cs/
2024-07-19 09:47:48,087 [INFO] RulesReader:64 - Compatibility file has been processed (297 Rules)
2024-07-19 09:47:48,178 [INFO] DbMcusXml:78 - Set database path to: C:\ST\STM32CubeIDE_1.15.0\STM32CubeIDE\plugins\com.st.stm32cube.common.mx_6.11.1.202404110753\\db\/mcu/
2024-07-19 09:47:48,179 [INFO] ApiDb:274 - Set plugin database path to: C:\ST\STM32CubeIDE_1.15.0\STM32CubeIDE\plugins\com.st.stm32cube.common.mx_6.11.1.202404110753\\db\/plugins/boardmanager/
2024-07-19 09:47:48,179 [INFO] ApiDb:261 - Set plugin images path to: C:\ST\STM32CubeIDE_1.15.0\STM32CubeIDE\plugins\com.st.stm32cube.common.mx_6.11.1.202404110753\\db\/plugins/mcufinder/images/
2024-07-19 09:47:48,179 [WARN] DbFile:41 - Overriding database path with different value: C:\Users\shrey\.stmcufinder\plugins\mcufinder/ => C:\Users\shrey\.stmcufinder\plugins\mcufinder
2024-07-19 09:47:48,179 [INFO] ApiDb:250 - Set database path to: C:\Users\shrey\.stmcufinder\plugins\mcufinder//mcu/
2024-07-19 09:47:48,179 [WARN] DbFile:41 - Overriding database path with different value: C:\Users\shrey\.stmcufinder\plugins\mcufinder/ => C:\Users\shrey\.stmcufinder\plugins\mcufinder
2024-07-19 09:47:48,180 [INFO] DbMcusAds:125 - Set database path to: C:\Users\shrey\.stmcufinder\plugins\mcufinder//mcu/
2024-07-19 09:47:48,180 [WARN] DbFile:41 - Overriding database path with different value: C:\Users\shrey\.stmcufinder\plugins\mcufinder/ => C:\Users\shrey\.stmcufinder\plugins\mcufinder
2024-07-19 09:47:48,180 [WARN] DbFile:41 - Overriding database path with different value: C:\Users\shrey\.stmcufinder\plugins\mcufinder/ => C:\Users\shrey\.stmcufinder\plugins\mcufinder
2024-07-19 09:47:48,180 [INFO] CrossReferenceDbSqlite:203 - Set database path to: C:\Users\shrey\.stmcufinder\plugins\mcufinder//mcu/cs/
2024-07-19 09:47:48,264 [INFO] MainPanel:264 - HeapMemory: 268435456
2024-07-19 09:47:48,363 [INFO] DbMcusXml:78 - Set database path to: C:\ST\STM32CubeIDE_1.15.0\STM32CubeIDE\plugins\com.st.stm32cube.common.mx_6.11.1.202404110753\\db\/mcu/
2024-07-19 09:47:48,363 [INFO] ApiDb:274 - Set plugin database path to: C:\ST\STM32CubeIDE_1.15.0\STM32CubeIDE\plugins\com.st.stm32cube.common.mx_6.11.1.202404110753\\db\/plugins/boardmanager/
2024-07-19 09:47:48,364 [INFO] ApiDb:261 - Set plugin images path to: C:\ST\STM32CubeIDE_1.15.0\STM32CubeIDE\plugins\com.st.stm32cube.common.mx_6.11.1.202404110753\\db\/plugins/mcufinder/images/
2024-07-19 09:47:48,364 [WARN] DbFile:41 - Overriding database path with different value: C:\Users\shrey\.stmcufinder\plugins\mcufinder/ => C:\Users\shrey\.stmcufinder\plugins\mcufinder
2024-07-19 09:47:48,364 [INFO] ApiDb:250 - Set database path to: C:\Users\shrey\.stmcufinder\plugins\mcufinder//mcu/
2024-07-19 09:47:48,364 [WARN] DbFile:41 - Overriding database path with different value: C:\Users\shrey\.stmcufinder\plugins\mcufinder/ => C:\Users\shrey\.stmcufinder\plugins\mcufinder
2024-07-19 09:47:48,365 [INFO] DbMcusAds:125 - Set database path to: C:\Users\shrey\.stmcufinder\plugins\mcufinder//mcu/
2024-07-19 09:47:48,365 [WARN] DbFile:41 - Overriding database path with different value: C:\Users\shrey\.stmcufinder\plugins\mcufinder/ => C:\Users\shrey\.stmcufinder\plugins\mcufinder
2024-07-19 09:47:48,365 [WARN] DbFile:41 - Overriding database path with different value: C:\Users\shrey\.stmcufinder\plugins\mcufinder/ => C:\Users\shrey\.stmcufinder\plugins\mcufinder
2024-07-19 09:47:48,365 [INFO] CrossReferenceDbSqlite:203 - Set database path to: C:\Users\shrey\.stmcufinder\plugins\mcufinder//mcu/cs/
2024-07-19 09:47:48,391 [INFO] ApplicationProperties:184 - Using Application install path: C:\ST\STM32CubeIDE_1.15.0\STM32CubeIDE\plugins\com.st.stm32cube.common.mx_6.11.1.202404110753
2024-07-19 09:47:48,394 [INFO] PluginManage:196 - Search for loadable plugins [exclusion list=, ]
2024-07-19 09:47:48,395 [INFO] PluginManage:310 - Check plugin analytics
2024-07-19 09:47:48,621 [INFO] AnalyticsPlugin:253 - Accepted Software Licenses: 
2024-07-19 09:47:48,621 [INFO] AnalyticsPlugin:255 - Accepted CMSIS Pack Licenses: 
2024-07-19 09:47:48,622 [INFO] AnalyticsPlugin:257 - Accepted Firmware Licenses: FW.F4.1.28.0
2024-07-19 09:47:48,625 [INFO] PluginManage:359 - Loaded plugin analytics (category:tool,tabindex:-1)
2024-07-19 09:47:48,626 [INFO] PluginManage:310 - Check plugin cadmodel
2024-07-19 09:47:48,656 [INFO] CADModel:105 - Init CAD model plugin
2024-07-19 09:47:48,657 [INFO] PluginManage:359 - Loaded plugin cadmodel (category:power,tabindex:5)
2024-07-19 09:47:48,657 [INFO] PluginManage:310 - Check plugin clock
2024-07-19 09:47:48,669 [INFO] PluginManage:359 - Loaded plugin clock (category:base,tabindex:2)
2024-07-19 09:47:48,669 [INFO] PluginManage:310 - Check plugin ddr
2024-07-19 09:47:48,672 [INFO] PluginManage:359 - Loaded plugin ddr (category:tool,tabindex:6)
2024-07-19 09:47:48,673 [INFO] PluginManage:310 - Check plugin filemanager
2024-07-19 09:47:48,857 [INFO] PluginManage:359 - Loaded plugin filemanager (category:base,tabindex:10)
2024-07-19 09:47:48,857 [INFO] PluginManage:310 - Check plugin ipmanager
2024-07-19 09:47:48,866 [INFO] PluginManage:359 - Loaded plugin ipmanager (category:base,tabindex:5)
2024-07-19 09:47:48,867 [INFO] PluginManage:310 - Check plugin lpbam
2024-07-19 09:47:48,876 [INFO] PluginManage:359 - Loaded plugin lpbam (category:base,tabindex:0)
2024-07-19 09:47:48,876 [INFO] PluginManage:310 - Check plugin memorymap
2024-07-19 09:47:48,891 [INFO] PluginManage:359 - Loaded plugin memorymap (category:base,tabindex:4)
2024-07-19 09:47:48,891 [INFO] PluginManage:310 - Check plugin pinoutandconfiguration
2024-07-19 09:47:48,899 [INFO] PluginManage:359 - Loaded plugin pinoutandconfiguration (category:base,tabindex:1)
2024-07-19 09:47:48,899 [INFO] PluginManage:310 - Check plugin pinoutconfig
2024-07-19 09:47:49,057 [WARN] SupportedApi:132 - Cannot load RTOS API schema: s4s-elt-must-match.1: The content of 'definitions' must match (annotation?, (simpleType | complexType)?, (unique | key | keyref)*)). A problem was found starting at: attribute.
2024-07-19 09:47:49,459 [INFO] PluginManage:359 - Loaded plugin pinoutconfig (category:base,tabindex:0)
2024-07-19 09:47:49,460 [INFO] PluginManage:310 - Check plugin power
2024-07-19 09:47:49,500 [INFO] PluginManage:359 - Loaded plugin power (category:power,tabindex:4)
2024-07-19 09:47:49,500 [INFO] PluginManage:310 - Check plugin projectmanager
2024-07-19 09:47:49,530 [INFO] PluginManage:359 - Loaded plugin projectmanager (category:projectmanager,tabindex:3)
2024-07-19 09:47:49,531 [INFO] PluginManage:310 - Check plugin thirdparty
2024-07-19 09:47:49,690 [INFO] PluginManage:359 - Loaded plugin thirdparty (category:base,tabindex:-1)
2024-07-19 09:47:49,690 [WARN] IntegrityCheckThread:84 - waiting for thirdparty lock release [integrity check]
2024-07-19 09:47:49,690 [INFO] PluginManage:310 - Check plugin tools
2024-07-19 09:47:49,691 [INFO] IntegrityCheckThread:86 - entering critical section [integrity check]
2024-07-19 09:47:49,691 [INFO] ThirdPartyUpdaterWithRetryManager:70 - Updater plugin not ready yet. [1/15]
2024-07-19 09:47:49,693 [INFO] PluginManage:359 - Loaded plugin tools (category:base,tabindex:7)
2024-07-19 09:47:49,693 [INFO] PluginManage:310 - Check plugin tutovideos
2024-07-19 09:47:49,857 [INFO] PluginManage:359 - Loaded plugin tutovideos (category:base,tabindex:-1)
2024-07-19 09:47:49,857 [INFO] PluginManage:310 - Check plugin updater
2024-07-19 09:47:49,868 [INFO] PluginManage:359 - Loaded plugin updater (category:base,tabindex:12)
2024-07-19 09:47:49,869 [INFO] PluginManage:310 - Check plugin userauth
2024-07-19 09:47:49,874 [INFO] UserAuth:114 - Init User Auth plugin
2024-07-19 09:47:49,874 [INFO] PluginManage:359 - Loaded plugin userauth (category:base,tabindex:14)
2024-07-19 09:47:49,875 [INFO] PluginManage:283 - PluginManage : Loaded plugins [17]
2024-07-19 09:47:50,107 [INFO] PinOutPanel:1561 - setPackage(No Configuration,No Configuration)
2024-07-19 09:47:50,201 [INFO] CADModel:165 - CPN selected for project level
2024-07-19 09:47:50,202 [INFO] CADModel:114 - Register for checkConnection events
2024-07-19 09:47:50,222 [INFO] IPUIPlugin:80 - create IPUIPlugin
2024-07-19 09:47:50,223 [INFO] PluginManager:220 - loadIPPluginJar : add adc
2024-07-19 09:47:50,226 [INFO] IPUIPlugin:80 - create IPUIPlugin
2024-07-19 09:47:50,226 [INFO] PluginManager:220 - loadIPPluginJar : add aes
2024-07-19 09:47:50,229 [INFO] IPUIPlugin:80 - create IPUIPlugin
2024-07-19 09:47:50,229 [INFO] PluginManager:220 - loadIPPluginJar : add can
2024-07-19 09:47:50,231 [INFO] IPUIPlugin:80 - create IPUIPlugin
2024-07-19 09:47:50,231 [INFO] PluginManager:220 - loadIPPluginJar : add comp
2024-07-19 09:47:50,234 [INFO] IPUIPlugin:80 - create IPUIPlugin
2024-07-19 09:47:50,234 [INFO] PluginManager:220 - loadIPPluginJar : add cryp
2024-07-19 09:47:50,237 [INFO] IPUIPlugin:80 - create IPUIPlugin
2024-07-19 09:47:50,237 [INFO] PluginManager:220 - loadIPPluginJar : add dfsdm
2024-07-19 09:47:50,242 [INFO] IPUIPlugin:80 - create IPUIPlugin
2024-07-19 09:47:50,243 [INFO] PluginManager:220 - loadIPPluginJar : add dma
2024-07-19 09:47:50,245 [INFO] IPUIPlugin:80 - create IPUIPlugin
2024-07-19 09:47:50,245 [INFO] PluginManager:220 - loadIPPluginJar : add dma3
2024-07-19 09:47:50,247 [INFO] IPUIPlugin:80 - create IPUIPlugin
2024-07-19 09:47:50,248 [INFO] PluginManager:220 - loadIPPluginJar : add extmemmanager
2024-07-19 09:47:50,250 [INFO] IPUIPlugin:80 - create IPUIPlugin
2024-07-19 09:47:50,250 [INFO] PluginManager:220 - loadIPPluginJar : add fatfs
2024-07-19 09:47:50,255 [INFO] IPUIPlugin:80 - create IPUIPlugin
2024-07-19 09:47:50,255 [INFO] PluginManager:220 - loadIPPluginJar : add fmc
2024-07-19 09:47:50,262 [INFO] IPUIPlugin:80 - create IPUIPlugin
2024-07-19 09:47:50,262 [INFO] PluginManager:220 - loadIPPluginJar : add freertos
2024-07-19 09:47:50,264 [INFO] IPUIPlugin:80 - create IPUIPlugin
2024-07-19 09:47:50,265 [INFO] PluginManager:220 - loadIPPluginJar : add genericplugin
2024-07-19 09:47:50,267 [INFO] IPUIPlugin:80 - create IPUIPlugin
2024-07-19 09:47:50,267 [INFO] PluginManager:220 - loadIPPluginJar : add gfxmmu
2024-07-19 09:47:50,273 [INFO] IPUIPlugin:80 - create IPUIPlugin
2024-07-19 09:47:50,274 [INFO] PluginManager:220 - loadIPPluginJar : add gic
2024-07-19 09:47:50,282 [INFO] IPUIPlugin:80 - create IPUIPlugin
2024-07-19 09:47:50,285 [INFO] PluginManager:220 - loadIPPluginJar : add gpio
2024-07-19 09:47:50,297 [INFO] IPUIPlugin:80 - create IPUIPlugin
2024-07-19 09:47:50,298 [INFO] PluginManager:220 - loadIPPluginJar : add gtzc
2024-07-19 09:47:50,301 [INFO] IPUIPlugin:80 - create IPUIPlugin
2024-07-19 09:47:50,302 [INFO] PluginManager:220 - loadIPPluginJar : add hash
2024-07-19 09:47:50,314 [INFO] IPUIPlugin:80 - create IPUIPlugin
2024-07-19 09:47:50,314 [INFO] PluginManager:220 - loadIPPluginJar : add i2c
2024-07-19 09:47:50,327 [INFO] IPUIPlugin:80 - create IPUIPlugin
2024-07-19 09:47:50,328 [INFO] PluginManager:220 - loadIPPluginJar : add i2s
2024-07-19 09:47:50,334 [INFO] IPUIPlugin:80 - create IPUIPlugin
2024-07-19 09:47:50,334 [INFO] PluginManager:220 - loadIPPluginJar : add i3c
2024-07-19 09:47:50,346 [INFO] IPUIPlugin:80 - create IPUIPlugin
2024-07-19 09:47:50,346 [INFO] PluginManager:220 - loadIPPluginJar : add ipddr
2024-07-19 09:47:50,361 [INFO] IPUIPlugin:80 - create IPUIPlugin
2024-07-19 09:47:50,363 [INFO] PluginManager:220 - loadIPPluginJar : add linkedlist
2024-07-19 09:47:50,373 [INFO] IPUIPlugin:80 - create IPUIPlugin
2024-07-19 09:47:50,373 [INFO] PluginManager:220 - loadIPPluginJar : add lorawan
2024-07-19 09:47:50,379 [INFO] IPUIPlugin:80 - create IPUIPlugin
2024-07-19 09:47:50,380 [INFO] PluginManager:220 - loadIPPluginJar : add ltdc
2024-07-19 09:47:50,396 [INFO] IPUIPlugin:80 - create IPUIPlugin
2024-07-19 09:47:50,397 [INFO] PluginManager:220 - loadIPPluginJar : add mdma
2024-07-19 09:47:50,403 [INFO] IPUIPlugin:80 - create IPUIPlugin
2024-07-19 09:47:50,406 [INFO] PluginManager:220 - loadIPPluginJar : add nvic
2024-07-19 09:47:50,412 [INFO] IPUIPlugin:80 - create IPUIPlugin
2024-07-19 09:47:50,412 [INFO] PluginManager:220 - loadIPPluginJar : add opamp
2024-07-19 09:47:50,417 [INFO] IPUIPlugin:80 - create IPUIPlugin
2024-07-19 09:47:50,418 [INFO] PluginManager:220 - loadIPPluginJar : add openamp
2024-07-19 09:47:50,423 [INFO] IPUIPlugin:80 - create IPUIPlugin
2024-07-19 09:47:50,424 [INFO] PluginManager:220 - loadIPPluginJar : add pdm2pcm
2024-07-19 09:47:50,434 [INFO] IPUIPlugin:80 - create IPUIPlugin
2024-07-19 09:47:50,441 [INFO] PluginManager:220 - loadIPPluginJar : add plateformsettings
2024-07-19 09:47:50,444 [INFO] IPUIPlugin:80 - create IPUIPlugin
2024-07-19 09:47:50,445 [INFO] PluginManager:220 - loadIPPluginJar : add quadspi
2024-07-19 09:47:50,450 [INFO] IPUIPlugin:80 - create IPUIPlugin
2024-07-19 09:47:50,451 [INFO] PluginManager:220 - loadIPPluginJar : add resmgrutility
2024-07-19 09:47:50,456 [INFO] IPUIPlugin:80 - create IPUIPlugin
2024-07-19 09:47:50,456 [INFO] PluginManager:220 - loadIPPluginJar : add sai
2024-07-19 09:47:50,460 [INFO] IPUIPlugin:80 - create IPUIPlugin
2024-07-19 09:47:50,460 [INFO] PluginManager:220 - loadIPPluginJar : add spi
2024-07-19 09:47:50,469 [INFO] IPUIPlugin:80 - create IPUIPlugin
2024-07-19 09:47:50,471 [INFO] PluginManager:220 - loadIPPluginJar : add stm32_wpan
2024-07-19 09:47:50,474 [INFO] IPUIPlugin:80 - create IPUIPlugin
2024-07-19 09:47:50,474 [INFO] PluginManager:220 - loadIPPluginJar : add tim
2024-07-19 09:47:50,479 [INFO] IPUIPlugin:80 - create IPUIPlugin
2024-07-19 09:47:50,479 [INFO] PluginManager:220 - loadIPPluginJar : add touchsensing
2024-07-19 09:47:50,482 [INFO] IPUIPlugin:80 - create IPUIPlugin
2024-07-19 09:47:50,483 [INFO] PluginManager:220 - loadIPPluginJar : add tracer_emb
2024-07-19 09:47:50,486 [INFO] IPUIPlugin:80 - create IPUIPlugin
2024-07-19 09:47:50,486 [INFO] PluginManager:220 - loadIPPluginJar : add ts
2024-07-19 09:47:50,490 [INFO] IPUIPlugin:80 - create IPUIPlugin
2024-07-19 09:47:50,490 [INFO] PluginManager:220 - loadIPPluginJar : add tsc
2024-07-19 09:47:50,494 [INFO] IPUIPlugin:80 - create IPUIPlugin
2024-07-19 09:47:50,494 [INFO] PluginManager:220 - loadIPPluginJar : add ucpd
2024-07-19 09:47:50,501 [INFO] IPUIPlugin:80 - create IPUIPlugin
2024-07-19 09:47:50,501 [INFO] PluginManager:220 - loadIPPluginJar : add usart
2024-07-19 09:47:50,507 [INFO] IPUIPlugin:80 - create IPUIPlugin
2024-07-19 09:47:50,508 [INFO] PluginManager:220 - loadIPPluginJar : add usbx
2024-07-19 09:47:50,677 [INFO] CADModel:165 - CPN selected for project level
2024-07-19 09:47:50,678 [INFO] CADModel:114 - Register for checkConnection events
2024-07-19 09:47:50,678 [FATAL] Updater:308 - Updater called before beeing initialized
2024-07-19 09:47:50,678 [ERROR] CADModel:125 - Updater not yet initialized, retry later 
2024-07-19 09:47:50,885 [INFO] CADModel:165 - CPN selected for project level
2024-07-19 09:47:50,885 [INFO] CADModel:114 - Register for checkConnection events
2024-07-19 09:47:50,885 [FATAL] Updater:308 - Updater called before beeing initialized
2024-07-19 09:47:50,886 [ERROR] CADModel:125 - Updater not yet initialized, retry later 
2024-07-19 09:47:50,891 [FATAL] Updater:308 - Updater called before beeing initialized
2024-07-19 09:47:51,110 [FATAL] Updater:308 - Updater called before beeing initialized
2024-07-19 09:47:51,116 [INFO] DbMcusAds:53 - JSON generation date=Thu May 16 14:52:00 IST 2024 (1715851320667)
2024-07-19 09:47:51,117 [FATAL] Updater:308 - Updater called before beeing initialized
2024-07-19 09:47:51,176 [WARN] DetailPanel:346 - Failed to get advertising image, set to default
2024-07-19 09:47:51,433 [FATAL] Updater:308 - Updater called before beeing initialized
2024-07-19 09:47:51,447 [FATAL] Updater:308 - Updater called before beeing initialized
2024-07-19 09:47:51,447 [FATAL] Updater:308 - Updater called before beeing initialized
2024-07-19 09:47:51,447 [WARN] DetailPanel:346 - Failed to get advertising image, set to default
2024-07-19 09:47:51,449 [FATAL] Updater:308 - Updater called before beeing initialized
2024-07-19 09:47:51,620 [ERROR] Updater:1120 - MainUpdater not yet initialized. External WinMGr cannot be set.
2024-07-19 09:47:51,624 [INFO] Updater:1056 - Updater Version found : 6.11.1
2024-07-19 09:47:51,648 [INFO] ApplicationProperties:184 - Using Application install path: C:\ST\STM32CubeIDE_1.15.0\STM32CubeIDE\plugins\com.st.stm32cube.common.mx_6.11.1.202404110753
2024-07-19 09:47:52,696 [INFO] ThirdPartyUpdaterWithRetryManager:70 - Updater plugin not ready yet. [2/15]
2024-07-19 09:47:53,222 [ERROR] LogOutputStream:75 - [STDERR_REDIRECT] Jul 19, 2024 9:47:53 AM java.util.prefs.WindowsPreferences <init>
2024-07-19 09:47:53,224 [ERROR] LogOutputStream:75 - [STDERR_REDIRECT] WARNING: Could not open/create prefs root node Software\JavaSoft\Prefs at root 0xffffffff80000002. Windows RegCreateKeyEx(...) returned error code 5.
2024-07-19 09:47:53,224 [ERROR] LogOutputStream:75 - [STDERR_REDIRECT] 
2024-07-19 09:47:54,112 [INFO] MainUpdater:2873 - connection check result : 10
2024-07-19 09:47:54,113 [INFO] MainUpdater:290 - Updater Check For Update Now.
2024-07-19 09:47:54,113 [INFO] MicroXplorer:498 - Change Database Version : DB.6.0.111
2024-07-19 09:47:54,124 [INFO] McuFinderGlobals:63 - Set McuFinder mode to 2 (CubeIDE integrated)
2024-07-19 09:47:54,138 [INFO] UserAuth:415 - Internet connection configuration mode: 1
2024-07-19 09:47:54,158 [INFO] JxBrowserEngine:152 - Initiate JxBrowser Engine with user profile folder
2024-07-19 09:47:54,418 [INFO] CheckServerUpdateThread:120 - End of CheckServer Thread
2024-07-19 09:47:54,851 [INFO] WebApp:161 - Instantiating new browser for Auth
2024-07-19 09:47:55,591 [INFO] WebApp:779 - Register for checkConnection events
2024-07-19 09:47:55,591 [INFO] WebApp:414 - Apply proxy settings
2024-07-19 09:47:55,592 [INFO] WebApp:499 - Chromium requires no authentication
2024-07-19 09:47:55,600 [INFO] WebApp:442 - Direct internet connection detected
2024-07-19 09:47:56,059 [WARN] PackLoader:240 - Cannot read IP mode file for STMicroelectronics.FP-SNS-MOTENVWB1.1.4.0
2024-07-19 09:47:56,177 [INFO] WebApp:192 - Starting web application
2024-07-19 09:47:56,177 [INFO] WebApp:544 - Web application path used C:\ST\STM32CubeIDE_1.15.0\STM32CubeIDE\plugins\com.st.stm32cube.common.mx_6.11.1.202404110753\db\plugins\mcufinder\reactClient1\index.html
2024-07-19 09:47:56,182 [WARN] PackLoader:240 - Cannot read IP mode file for STMicroelectronics.X-CUBE-SMBUS.2.1.0
2024-07-19 09:47:56,192 [WARN] PackLoader:240 - Cannot read IP mode file for STMicroelectronics.X-CUBE-TOUCHGFX.4.23.1
2024-07-19 09:47:56,197 [WARN] PackLoader:240 - Cannot read IP mode file for STMicroelectronics.X-CUBE-TOUCHGFX.4.23.0
2024-07-19 09:47:56,203 [WARN] PackLoader:240 - Cannot read IP mode file for STMicroelectronics.X-CUBE-TOUCHGFX.4.23.2
2024-07-19 09:47:56,272 [WARN] PackLoader:240 - Cannot read IP mode file for STMicroelectronics.X-CUBE-AZRTOS-F7.1.1.0
2024-07-19 09:47:56,332 [WARN] PackLoader:240 - Cannot read IP mode file for STMicroelectronics.FP-SNS-MOTENV1.4.3.2
2024-07-19 09:47:56,346 [WARN] PackLoader:240 - Cannot read IP mode file for STMicroelectronics.FP-SNS-FLIGHT1.5.0.2
2024-07-19 09:47:56,358 [WARN] PackLoader:240 - Cannot read IP mode file for STMicroelectronics.X-CUBE-DISPLAY.3.0.0
2024-07-19 09:47:56,380 [WARN] PackLoader:240 - Cannot read IP mode file for STMicroelectronics.X-CUBE-BLE1.7.0.0
2024-07-19 09:47:56,397 [WARN] PackLoader:240 - Cannot read IP mode file for emotas.I-CUBE-CANOPEN.1.3.0
2024-07-19 09:47:56,440 [WARN] PackLoader:240 - Cannot read IP mode file for STMicroelectronics.X-CUBE-BLEMGR.3.1.0
2024-07-19 09:47:56,461 [WARN] PackLoader:240 - Cannot read IP mode file for STMicroelectronics.FP-SNS-SMARTAG2.1.2.0
2024-07-19 09:47:56,481 [INFO] LogOutputStream:77 - [STDOUT_REDIRECT] 1 : Invalid condition id : UX_CORESTACK_Condition cause : null
2024-07-19 09:47:56,482 [INFO] LogOutputStream:77 - [STDOUT_REDIRECT] 1 : Invalid condition id : UX_CORESTACK_Condition cause : null
2024-07-19 09:47:56,484 [INFO] LogOutputStream:77 - [STDOUT_REDIRECT] 1 : Invalid condition id : UX_CORESTACK_Condition cause : null
2024-07-19 09:47:56,486 [INFO] LogOutputStream:77 - [STDOUT_REDIRECT] 1 : Invalid condition id : UX_CORESTACK_Condition cause : null
2024-07-19 09:47:56,487 [INFO] LogOutputStream:77 - [STDOUT_REDIRECT] 1 : Invalid condition id : UX_CORESTACK_Condition cause : null
2024-07-19 09:47:56,492 [WARN] PackLoader:240 - Cannot read IP mode file for STMicroelectronics.X-CUBE-AZRTOS-WL.2.0.0
2024-07-19 09:47:56,499 [WARN] PackLoader:240 - Cannot read IP mode file for STMicroelectronics.FP-SNS-MOTENV1.5.0.0
2024-07-19 09:47:56,510 [WARN] PackLoader:240 - Cannot read IP mode file for wolfSSL.I-CUBE-wolfMQTT.1.19.0
2024-07-19 09:47:56,521 [WARN] PackLoader:240 - Cannot read IP mode file for WES.I-CUBE-Cesium.1.3.0
2024-07-19 09:47:56,528 [WARN] PackLoader:240 - Cannot read IP mode file for STMicroelectronics.X-CUBE-BLE2.3.3.0
2024-07-19 09:47:56,542 [WARN] PackLoader:240 - Cannot read IP mode file for STMicroelectronics.X-CUBE-TCPP.4.1.0
2024-07-19 09:47:56,565 [WARN] PackLoader:240 - Cannot read IP mode file for STMicroelectronics.X-CUBE-ALGOBUILD.1.3.0
2024-07-19 09:47:56,595 [WARN] PackLoader:240 - Cannot read IP mode file for STMicroelectronics.X-CUBE-AZRTOS-G0.1.1.0
2024-07-19 09:47:56,610 [WARN] PackLoader:240 - Cannot read IP mode file for STMicroelectronics.X-CUBE-SAFEA1.1.2.2
2024-07-19 09:47:56,622 [WARN] PackLoader:240 - Cannot read IP mode file for STMicroelectronics.X-CUBE-NFC4.3.0.0
2024-07-19 09:47:56,636 [WARN] PackLoader:240 - Cannot read IP mode file for wolfSSL.I-CUBE-wolfMQTT.1.18.0
2024-07-19 09:47:56,659 [WARN] PackLoader:240 - Cannot read IP mode file for EmbeddedOffice.I-CUBE-FS-RTOS.1.0.1
2024-07-19 09:47:56,659 [ERROR] ConditionMgr:805 - Attr not supported : Dmpu
2024-07-19 09:47:56,659 [ERROR] ConditionMgr:805 - Attr not supported : Dmpu
2024-07-19 09:47:56,659 [ERROR] ConditionMgr:805 - Attr not supported : Dmpu
2024-07-19 09:47:56,660 [ERROR] ConditionMgr:805 - Attr not supported : Dmpu
2024-07-19 09:47:56,660 [ERROR] ConditionMgr:805 - Attr not supported : Dmpu
2024-07-19 09:47:56,660 [ERROR] ConditionMgr:805 - Attr not supported : Dmpu
2024-07-19 09:47:56,660 [ERROR] ConditionMgr:805 - Attr not supported : Dmpu
2024-07-19 09:47:56,660 [ERROR] ConditionMgr:805 - Attr not supported : Dmpu
2024-07-19 09:47:56,660 [ERROR] ConditionMgr:805 - Attr not supported : Dmpu
2024-07-19 09:47:56,660 [ERROR] ConditionMgr:805 - Attr not supported : Dmpu
2024-07-19 09:47:56,660 [ERROR] ConditionMgr:805 - Attr not supported : Dmpu
2024-07-19 09:47:56,660 [ERROR] ConditionMgr:805 - Attr not supported : Dmpu
2024-07-19 09:47:56,660 [ERROR] ConditionMgr:805 - Attr not supported : Dmpu
2024-07-19 09:47:56,660 [ERROR] ConditionMgr:805 - Attr not supported : Dmpu
2024-07-19 09:47:56,661 [ERROR] ConditionMgr:805 - Attr not supported : Dmpu
2024-07-19 09:47:56,661 [ERROR] ConditionMgr:805 - Attr not supported : Dmpu
2024-07-19 09:47:56,661 [ERROR] ConditionMgr:805 - Attr not supported : Dmpu
2024-07-19 09:47:56,661 [ERROR] ConditionMgr:805 - Attr not supported : Dmpu
2024-07-19 09:47:56,664 [ERROR] ConditionMgr:805 - Attr not supported : Dmpu
2024-07-19 09:47:56,664 [ERROR] ConditionMgr:805 - Attr not supported : Dmpu
2024-07-19 09:47:56,664 [ERROR] ConditionMgr:805 - Attr not supported : Dmpu
2024-07-19 09:47:56,664 [ERROR] ConditionMgr:805 - Attr not supported : Dmpu
2024-07-19 09:47:56,665 [ERROR] ConditionMgr:805 - Attr not supported : Dmpu
2024-07-19 09:47:56,665 [ERROR] ConditionMgr:805 - Attr not supported : Dmpu
2024-07-19 09:47:56,665 [ERROR] ConditionMgr:805 - Attr not supported : Dmpu
2024-07-19 09:47:56,665 [ERROR] ConditionMgr:805 - Attr not supported : Dmpu
2024-07-19 09:47:56,665 [ERROR] ConditionMgr:805 - Attr not supported : Dmpu
2024-07-19 09:47:56,665 [ERROR] ConditionMgr:805 - Attr not supported : Dmpu
2024-07-19 09:47:56,665 [ERROR] ConditionMgr:805 - Attr not supported : Dmpu
2024-07-19 09:47:56,665 [ERROR] ConditionMgr:805 - Attr not supported : Dmpu
2024-07-19 09:47:56,666 [ERROR] ConditionMgr:805 - Attr not supported : Dmpu
2024-07-19 09:47:56,666 [ERROR] ConditionMgr:805 - Attr not supported : Dmpu
2024-07-19 09:47:56,666 [ERROR] ConditionMgr:805 - Attr not supported : Dmpu
2024-07-19 09:47:56,666 [ERROR] ConditionMgr:805 - Attr not supported : Dmpu
2024-07-19 09:47:56,666 [ERROR] ConditionMgr:805 - Attr not supported : Dmpu
2024-07-19 09:47:56,666 [ERROR] ConditionMgr:805 - Attr not supported : Dmpu
2024-07-19 09:47:56,666 [ERROR] ConditionMgr:805 - Attr not supported : Dmpu
2024-07-19 09:47:56,666 [ERROR] ConditionMgr:805 - Attr not supported : Dmpu
2024-07-19 09:47:56,666 [ERROR] ConditionMgr:805 - Attr not supported : Dmpu
2024-07-19 09:47:56,666 [ERROR] ConditionMgr:805 - Attr not supported : Dmpu
2024-07-19 09:47:56,667 [ERROR] ConditionMgr:805 - Attr not supported : Dmpu
2024-07-19 09:47:56,667 [ERROR] ConditionMgr:805 - Attr not supported : Dmpu
2024-07-19 09:47:56,667 [ERROR] ConditionMgr:805 - Attr not supported : Dmpu
2024-07-19 09:47:56,667 [ERROR] ConditionMgr:805 - Attr not supported : Dmpu
2024-07-19 09:47:56,667 [ERROR] ConditionMgr:805 - Attr not supported : Dmpu
2024-07-19 09:47:56,667 [ERROR] ConditionMgr:805 - Attr not supported : Dmpu
2024-07-19 09:47:56,667 [ERROR] ConditionMgr:805 - Attr not supported : Dmpu
2024-07-19 09:47:56,667 [ERROR] ConditionMgr:805 - Attr not supported : Dmpu
2024-07-19 09:47:56,667 [ERROR] ConditionMgr:805 - Attr not supported : Dmpu
2024-07-19 09:47:56,667 [ERROR] ConditionMgr:805 - Attr not supported : Dmpu
2024-07-19 09:47:56,669 [ERROR] ConditionMgr:805 - Attr not supported : Dmpu
2024-07-19 09:47:56,669 [ERROR] ConditionMgr:805 - Attr not supported : Dmpu
2024-07-19 09:47:56,669 [ERROR] ConditionMgr:805 - Attr not supported : Dmpu
2024-07-19 09:47:56,669 [ERROR] ConditionMgr:805 - Attr not supported : Dmpu
2024-07-19 09:47:56,670 [ERROR] ConditionMgr:805 - Attr not supported : Dmpu
2024-07-19 09:47:56,670 [ERROR] ConditionMgr:805 - Attr not supported : Dmpu
2024-07-19 09:47:56,670 [ERROR] ConditionMgr:805 - Attr not supported : Dmpu
2024-07-19 09:47:56,670 [ERROR] ConditionMgr:805 - Attr not supported : Dmpu
2024-07-19 09:47:56,670 [ERROR] ConditionMgr:805 - Attr not supported : Dmpu
2024-07-19 09:47:56,670 [ERROR] ConditionMgr:805 - Attr not supported : Dmpu
2024-07-19 09:47:56,671 [ERROR] ConditionMgr:805 - Attr not supported : Dmpu
2024-07-19 09:47:56,671 [ERROR] ConditionMgr:805 - Attr not supported : Dmpu
2024-07-19 09:47:56,671 [ERROR] ConditionMgr:805 - Attr not supported : Dmpu
2024-07-19 09:47:56,671 [ERROR] ConditionMgr:805 - Attr not supported : Dmpu
2024-07-19 09:47:56,679 [WARN] PackLoader:240 - Cannot read IP mode file for RealThread.X-CUBE-RT-Thread_Nano.4.1.1
2024-07-19 09:47:56,686 [WARN] PackLoader:240 - Cannot read IP mode file for STMicroelectronics.FP-ATR-SIGFOX1.3.2.0
2024-07-19 09:47:56,696 [WARN] PackLoader:240 - Cannot read IP mode file for STMicroelectronics.X-CUBE-EEPRMA1.5.1.0
2024-07-19 09:47:56,745 [WARN] PackLoader:240 - Cannot read IP mode file for SEGGER.I-CUBE-embOS.1.3.1
2024-07-19 09:47:56,942 [WARN] PackLoader:240 - Cannot read IP mode file for STMicroelectronics.X-CUBE-ALGOBUILD.1.4.0
2024-07-19 09:47:56,995 [WARN] PackLoader:240 - Cannot read IP mode file for STMicroelectronics.X-CUBE-GNSS1.6.0.0
2024-07-19 09:47:57,100 [WARN] PackLoader:240 - Cannot read IP mode file for STMicroelectronics.X-CUBE-AZRTOS-F4.1.1.0
2024-07-19 09:47:57,108 [WARN] PackLoader:240 - Cannot read IP mode file for STMicroelectronics.X-CUBE-FREERTOS.1.2.0
2024-07-19 09:47:57,115 [WARN] PackLoader:240 - Cannot read IP mode file for wolfSSL.I-CUBE-wolfSSL.5.6.6
2024-07-19 09:47:57,140 [WARN] PackLoader:240 - Cannot read IP mode file for STMicroelectronics.X-CUBE-AZRTOS-L5.2.0.0
2024-07-19 09:47:57,157 [WARN] PackLoader:240 - Cannot read IP mode file for STMicroelectronics.X-CUBE-NFC6.3.1.0
2024-07-19 09:47:57,169 [WARN] PackLoader:240 - Cannot read IP mode file for ITTIA_DB.I-CUBE-ITTIADB.8.8.0
2024-07-19 09:47:57,188 [WARN] PackLoader:240 - Cannot read IP mode file for STMicroelectronics.X-CUBE-DPower.1.2.0
2024-07-19 09:47:57,198 [WARN] PackLoader:240 - Cannot read IP mode file for STMicroelectronics.X-CUBE-AI.9.0.0
2024-07-19 09:47:57,210 [WARN] PackLoader:240 - Cannot read IP mode file for STMicroelectronics.X-CUBE-NFC7.1.0.1
2024-07-19 09:47:57,225 [WARN] PackLoader:240 - Cannot read IP mode file for wolfSSL.I-CUBE-wolfTPM.3.2.0
2024-07-19 09:47:57,233 [WARN] PackLoader:240 - Cannot read IP mode file for STMicroelectronics.X-CUBE-AI.8.1.0
2024-07-19 09:47:57,300 [WARN] ConditionMgr:438 - getConditionDescription Invalid condition id : LAN8742 Phy interface Condition cause : null
2024-07-19 09:47:57,301 [WARN] PackLoader:240 - Cannot read IP mode file for STMicroelectronics.X-CUBE-AZRTOS-L4.2.0.0
2024-07-19 09:47:57,304 [WARN] ConditionMgr:1039 - genDependencies : Invalid condition id : LAN8742 Phy interface Condition cause : null
2024-07-19 09:47:57,306 [WARN] ConditionMgr:1039 - genDependencies : Invalid condition id : LAN8742 Phy interface Condition cause : null
2024-07-19 09:47:57,307 [WARN] ConditionMgr:1039 - genDependencies : Invalid condition id : LAN8742 Phy interface Condition cause : null
2024-07-19 09:47:57,317 [WARN] PackLoader:240 - Cannot read IP mode file for STMicroelectronics.X-CUBE-SFXS2LP1.4.0.0
2024-07-19 09:47:57,348 [WARN] ConditionMgr:438 - getConditionDescription Invalid condition id : UX DEVICE CLASS RTOS Condition cause : null
2024-07-19 09:47:57,349 [WARN] ConditionMgr:438 - getConditionDescription Invalid condition id : UX DEVICE CLASS RTOS Condition cause : null
2024-07-19 09:47:57,353 [WARN] PackLoader:240 - Cannot read IP mode file for STMicroelectronics.X-CUBE-AZRTOS-WB.2.0.0
2024-07-19 09:47:57,354 [WARN] ConditionMgr:1039 - genDependencies : Invalid condition id : UX DEVICE CLASS RTOS Condition cause : null
2024-07-19 09:47:57,355 [WARN] ConditionMgr:1039 - genDependencies : Invalid condition id : UX DEVICE CLASS RTOS Condition cause : null
2024-07-19 09:47:57,364 [WARN] ConditionMgr:1039 - genDependencies : Invalid condition id : UX DEVICE CLASS RTOS Condition cause : null
2024-07-19 09:47:57,365 [WARN] ConditionMgr:1039 - genDependencies : Invalid condition id : UX DEVICE CLASS RTOS Condition cause : null
2024-07-19 09:47:57,365 [WARN] ConditionMgr:1039 - genDependencies : Invalid condition id : UX DEVICE CLASS RTOS Condition cause : null
2024-07-19 09:47:57,382 [WARN] PackLoader:240 - Cannot read IP mode file for STMicroelectronics.X-CUBE-SUBG2.5.0.0
2024-07-19 09:47:57,410 [WARN] PackLoader:240 - Cannot read IP mode file for STMicroelectronics.X-CUBE-AZRTOS-G4.2.0.0
2024-07-19 09:47:57,442 [WARN] PackLoader:240 - Cannot read IP mode file for Infineon.AIROC-Wi-Fi-Bluetooth-STM32.1.5.1
2024-07-19 09:47:57,450 [WARN] PackLoader:240 - Cannot read IP mode file for STMicroelectronics.FP-SNS-MOTENVWB1.1.3.1
2024-07-19 09:47:57,456 [WARN] PackLoader:240 - Cannot read IP mode file for STMicroelectronics.X-CUBE-ISPU.2.0.0
2024-07-19 09:47:57,466 [WARN] PackLoader:240 - Cannot read IP mode file for STMicroelectronics.X-CUBE-ALS.1.0.2
2024-07-19 09:47:57,554 [WARN] PackLoader:240 - Cannot read IP mode file for STMicroelectronics.X-CUBE-MEMS1.10.0.0
2024-07-19 09:47:57,798 [WARN] PackLoader:240 - Cannot read IP mode file for STMicroelectronics.X-CUBE-FREERTOS.1.1.0
2024-07-19 09:47:57,801 [WARN] PackLoader:240 - Cannot read IP mode file for STMicroelectronics.X-CUBE-TOUCHGFX.4.24.0
2024-07-19 09:47:57,820 [WARN] PackLoader:240 - Cannot read IP mode file for portGmbH.I-Cube-SoM-uGOAL.1.1.0
2024-07-19 09:47:57,830 [WARN] PackLoader:240 - Cannot read IP mode file for STMicroelectronics.X-CUBE-ALS.1.0.1
2024-07-19 09:47:57,859 [WARN] PackLoader:240 - Cannot read IP mode file for STMicroelectronics.X-CUBE-AZRTOS-H7RS.1.0.0
2024-07-19 09:47:57,868 [WARN] PackLoader:240 - Cannot read IP mode file for STMicroelectronics.FP-ATR-ASTRA1.2.0.0
2024-07-19 09:47:57,894 [WARN] PackLoader:240 - Cannot read IP mode file for STMicroelectronics.X-CUBE-TOF1.3.4.1
2024-07-19 09:47:57,959 [WARN] PackLoader:240 - Cannot read IP mode file for STMicroelectronics.X-CUBE-AZRTOS-H7.3.2.0
2024-07-19 09:47:57,970 [WARN] PackLoader:240 - Cannot read IP mode file for wolfSSL.I-CUBE-wolfSSH.1.4.17
2024-07-19 09:47:57,971 [INFO] ThirdParty:978 - Integrity check success = true
2024-07-19 09:47:57,971 [INFO] IntegrityCheckThread:100 - exiting critical section [integrity check]
2024-07-19 09:47:57,972 [INFO] IntegrityCheckThread:103 - End integrity checks thread
2024-07-19 10:37:56,575 [ERROR] LogOutputStream:75 - [STDERR_REDIRECT] 
2024-07-19 13:51:17,599 [INFO] Activator:176 - 


2024-07-19 13:51:17,601 [INFO] Activator:177 - !SESSION log4j initialized
2024-07-19 13:51:28,508 [INFO] LogOutputStream:77 - [STDOUT_REDIRECT] 
