2024-07-19 09:47:19,795 [INFO] Activator:176 - 


2024-07-19 09:47:19,804 [INFO] Activator:177 - !SESSION log4j initialized
2024-07-19 09:47:31,858 [INFO] LogOutputStream:77 - [STDOUT_REDIRECT] 
2024-07-19 09:47:47,858 [INFO] ApplicationProperties:184 - Using Application install path: C:\ST\STM32CubeIDE_1.15.0\STM32CubeIDE\plugins\com.st.stm32cube.common.mx_6.11.1.202404110753
2024-07-19 09:47:47,898 [INFO] DbMcusXml:78 - Set database path to: C:\ST\STM32CubeIDE_1.15.0\STM32CubeIDE\plugins\com.st.stm32cube.common.mx_6.11.1.202404110753\\db\/mcu/
2024-07-19 09:47:47,899 [INFO] ApiDb:274 - Set plugin database path to: C:\ST\STM32CubeIDE_1.15.0\STM32CubeIDE\plugins\com.st.stm32cube.common.mx_6.11.1.202404110753\\db\/plugins/boardmanager/
2024-07-19 09:47:47,900 [WARN] ApiDb:259 - Overriding images path with different value:  => C:\ST\STM32CubeIDE_1.15.0\STM32CubeIDE\plugins\com.st.stm32cube.common.mx_6.11.1.202404110753\\db\/plugins/mcufinder/images/
2024-07-19 09:47:47,910 [INFO] ApiDb:250 - Set database path to: C:\Users\shrey\.stmcufinder\plugins\mcufinder//mcu/
2024-07-19 09:47:47,912 [INFO] DbMcusAds:125 - Set database path to: C:\Users\shrey\.stmcufinder\plugins\mcufinder//mcu/
2024-07-19 09:47:47,945 [INFO] CrossReferenceDbSqlite:203 - Set database path to: C:\Users\shrey\.stmcufinder\plugins\mcufinder//mcu/cs/
2024-07-19 09:47:48,087 [INFO] RulesReader:64 - Compatibility file has been processed (297 Rules)
2024-07-19 09:47:48,178 [INFO] DbMcusXml:78 - Set database path to: C:\ST\STM32CubeIDE_1.15.0\STM32CubeIDE\plugins\com.st.stm32cube.common.mx_6.11.1.202404110753\\db\/mcu/
2024-07-19 09:47:48,179 [INFO] ApiDb:274 - Set plugin database path to: C:\ST\STM32CubeIDE_1.15.0\STM32CubeIDE\plugins\com.st.stm32cube.common.mx_6.11.1.202404110753\\db\/plugins/boardmanager/
2024-07-19 09:47:48,179 [INFO] ApiDb:261 - Set plugin images path to: C:\ST\STM32CubeIDE_1.15.0\STM32CubeIDE\plugins\com.st.stm32cube.common.mx_6.11.1.202404110753\\db\/plugins/mcufinder/images/
2024-07-19 09:47:48,179 [WARN] DbFile:41 - Overriding database path with different value: C:\Users\shrey\.stmcufinder\plugins\mcufinder/ => C:\Users\shrey\.stmcufinder\plugins\mcufinder
2024-07-19 09:47:48,179 [INFO] ApiDb:250 - Set database path to: C:\Users\shrey\.stmcufinder\plugins\mcufinder//mcu/
2024-07-19 09:47:48,179 [WARN] DbFile:41 - Overriding database path with different value: C:\Users\shrey\.stmcufinder\plugins\mcufinder/ => C:\Users\shrey\.stmcufinder\plugins\mcufinder
2024-07-19 09:47:48,180 [INFO] DbMcusAds:125 - Set database path to: C:\Users\shrey\.stmcufinder\plugins\mcufinder//mcu/
2024-07-19 09:47:48,180 [WARN] DbFile:41 - Overriding database path with different value: C:\Users\shrey\.stmcufinder\plugins\mcufinder/ => C:\Users\shrey\.stmcufinder\plugins\mcufinder
2024-07-19 09:47:48,180 [WARN] DbFile:41 - Overriding database path with different value: C:\Users\shrey\.stmcufinder\plugins\mcufinder/ => C:\Users\shrey\.stmcufinder\plugins\mcufinder
2024-07-19 09:47:48,180 [INFO] CrossReferenceDbSqlite:203 - Set database path to: C:\Users\shrey\.stmcufinder\plugins\mcufinder//mcu/cs/
2024-07-19 09:47:48,264 [INFO] MainPanel:264 - HeapMemory: 268435456
2024-07-19 09:47:48,363 [INFO] DbMcusXml:78 - Set database path to: C:\ST\STM32CubeIDE_1.15.0\STM32CubeIDE\plugins\com.st.stm32cube.common.mx_6.11.1.202404110753\\db\/mcu/
2024-07-19 09:47:48,363 [INFO] ApiDb:274 - Set plugin database path to: C:\ST\STM32CubeIDE_1.15.0\STM32CubeIDE\plugins\com.st.stm32cube.common.mx_6.11.1.202404110753\\db\/plugins/boardmanager/
2024-07-19 09:47:48,364 [INFO] ApiDb:261 - Set plugin images path to: C:\ST\STM32CubeIDE_1.15.0\STM32CubeIDE\plugins\com.st.stm32cube.common.mx_6.11.1.202404110753\\db\/plugins/mcufinder/images/
2024-07-19 09:47:48,364 [WARN] DbFile:41 - Overriding database path with different value: C:\Users\shrey\.stmcufinder\plugins\mcufinder/ => C:\Users\shrey\.stmcufinder\plugins\mcufinder
2024-07-19 09:47:48,364 [INFO] ApiDb:250 - Set database path to: C:\Users\shrey\.stmcufinder\plugins\mcufinder//mcu/
2024-07-19 09:47:48,364 [WARN] DbFile:41 - Overriding database path with different value: C:\Users\shrey\.stmcufinder\plugins\mcufinder/ => C:\Users\shrey\.stmcufinder\plugins\mcufinder
2024-07-19 09:47:48,365 [INFO] DbMcusAds:125 - Set database path to: C:\Users\shrey\.stmcufinder\plugins\mcufinder//mcu/
2024-07-19 09:47:48,365 [WARN] DbFile:41 - Overriding database path with different value: C:\Users\shrey\.stmcufinder\plugins\mcufinder/ => C:\Users\shrey\.stmcufinder\plugins\mcufinder
2024-07-19 09:47:48,365 [WARN] DbFile:41 - Overriding database path with different value: C:\Users\shrey\.stmcufinder\plugins\mcufinder/ => C:\Users\shrey\.stmcufinder\plugins\mcufinder
2024-07-19 09:47:48,365 [INFO] CrossReferenceDbSqlite:203 - Set database path to: C:\Users\shrey\.stmcufinder\plugins\mcufinder//mcu/cs/
2024-07-19 09:47:48,391 [INFO] ApplicationProperties:184 - Using Application install path: C:\ST\STM32CubeIDE_1.15.0\STM32CubeIDE\plugins\com.st.stm32cube.common.mx_6.11.1.202404110753
2024-07-19 09:47:48,394 [INFO] PluginManage:196 - Search for loadable plugins [exclusion list=, ]
2024-07-19 09:47:48,395 [INFO] PluginManage:310 - Check plugin analytics
2024-07-19 09:47:48,621 [INFO] AnalyticsPlugin:253 - Accepted Software Licenses: 
2024-07-19 09:47:48,621 [INFO] AnalyticsPlugin:255 - Accepted CMSIS Pack Licenses: 
2024-07-19 09:47:48,622 [INFO] AnalyticsPlugin:257 - Accepted Firmware Licenses: FW.F4.1.28.0
2024-07-19 09:47:48,625 [INFO] PluginManage:359 - Loaded plugin analytics (category:tool,tabindex:-1)
2024-07-19 09:47:48,626 [INFO] PluginManage:310 - Check plugin cadmodel
2024-07-19 09:47:48,656 [INFO] CADModel:105 - Init CAD model plugin
2024-07-19 09:47:48,657 [INFO] PluginManage:359 - Loaded plugin cadmodel (category:power,tabindex:5)
2024-07-19 09:47:48,657 [INFO] PluginManage:310 - Check plugin clock
2024-07-19 09:47:48,669 [INFO] PluginManage:359 - Loaded plugin clock (category:base,tabindex:2)
2024-07-19 09:47:48,669 [INFO] PluginManage:310 - Check plugin ddr
2024-07-19 09:47:48,672 [INFO] PluginManage:359 - Loaded plugin ddr (category:tool,tabindex:6)
2024-07-19 09:47:48,673 [INFO] PluginManage:310 - Check plugin filemanager
2024-07-19 09:47:48,857 [INFO] PluginManage:359 - Loaded plugin filemanager (category:base,tabindex:10)
2024-07-19 09:47:48,857 [INFO] PluginManage:310 - Check plugin ipmanager
2024-07-19 09:47:48,866 [INFO] PluginManage:359 - Loaded plugin ipmanager (category:base,tabindex:5)
2024-07-19 09:47:48,867 [INFO] PluginManage:310 - Check plugin lpbam
2024-07-19 09:47:48,876 [INFO] PluginManage:359 - Loaded plugin lpbam (category:base,tabindex:0)
2024-07-19 09:47:48,876 [INFO] PluginManage:310 - Check plugin memorymap
2024-07-19 09:47:48,891 [INFO] PluginManage:359 - Loaded plugin memorymap (category:base,tabindex:4)
2024-07-19 09:47:48,891 [INFO] PluginManage:310 - Check plugin pinoutandconfiguration
2024-07-19 09:47:48,899 [INFO] PluginManage:359 - Loaded plugin pinoutandconfiguration (category:base,tabindex:1)
2024-07-19 09:47:48,899 [INFO] PluginManage:310 - Check plugin pinoutconfig
2024-07-19 09:47:49,057 [WARN] SupportedApi:132 - Cannot load RTOS API schema: s4s-elt-must-match.1: The content of 'definitions' must match (annotation?, (simpleType | complexType)?, (unique | key | keyref)*)). A problem was found starting at: attribute.
2024-07-19 09:47:49,459 [INFO] PluginManage:359 - Loaded plugin pinoutconfig (category:base,tabindex:0)
2024-07-19 09:47:49,460 [INFO] PluginManage:310 - Check plugin power
2024-07-19 09:47:49,500 [INFO] PluginManage:359 - Loaded plugin power (category:power,tabindex:4)
2024-07-19 09:47:49,500 [INFO] PluginManage:310 - Check plugin projectmanager
2024-07-19 09:47:49,530 [INFO] PluginManage:359 - Loaded plugin projectmanager (category:projectmanager,tabindex:3)
2024-07-19 09:47:49,531 [INFO] PluginManage:310 - Check plugin thirdparty
2024-07-19 09:47:49,690 [INFO] PluginManage:359 - Loaded plugin thirdparty (category:base,tabindex:-1)
2024-07-19 09:47:49,690 [WARN] IntegrityCheckThread:84 - waiting for thirdparty lock release [integrity check]
2024-07-19 09:47:49,690 [INFO] PluginManage:310 - Check plugin tools
2024-07-19 09:47:49,691 [INFO] IntegrityCheckThread:86 - entering critical section [integrity check]
2024-07-19 09:47:49,691 [INFO] ThirdPartyUpdaterWithRetryManager:70 - Updater plugin not ready yet. [1/15]
2024-07-19 09:47:49,693 [INFO] PluginManage:359 - Loaded plugin tools (category:base,tabindex:7)
2024-07-19 09:47:49,693 [INFO] PluginManage:310 - Check plugin tutovideos
2024-07-19 09:47:49,857 [INFO] PluginManage:359 - Loaded plugin tutovideos (category:base,tabindex:-1)
2024-07-19 09:47:49,857 [INFO] PluginManage:310 - Check plugin updater
2024-07-19 09:47:49,868 [INFO] PluginManage:359 - Loaded plugin updater (category:base,tabindex:12)
2024-07-19 09:47:49,869 [INFO] PluginManage:310 - Check plugin userauth
2024-07-19 09:47:49,874 [INFO] UserAuth:114 - Init User Auth plugin
2024-07-19 09:47:49,874 [INFO] PluginManage:359 - Loaded plugin userauth (category:base,tabindex:14)
2024-07-19 09:47:49,875 [INFO] PluginManage:283 - PluginManage : Loaded plugins [17]
2024-07-19 09:47:50,107 [INFO] PinOutPanel:1561 - setPackage(No Configuration,No Configuration)
2024-07-19 09:47:50,201 [INFO] CADModel:165 - CPN selected for project level
2024-07-19 09:47:50,202 [INFO] CADModel:114 - Register for checkConnection events
2024-07-19 09:47:50,222 [INFO] IPUIPlugin:80 - create IPUIPlugin
2024-07-19 09:47:50,223 [INFO] PluginManager:220 - loadIPPluginJar : add adc
2024-07-19 09:47:50,226 [INFO] IPUIPlugin:80 - create IPUIPlugin
2024-07-19 09:47:50,226 [INFO] PluginManager:220 - loadIPPluginJar : add aes
2024-07-19 09:47:50,229 [INFO] IPUIPlugin:80 - create IPUIPlugin
2024-07-19 09:47:50,229 [INFO] PluginManager:220 - loadIPPluginJar : add can
2024-07-19 09:47:50,231 [INFO] IPUIPlugin:80 - create IPUIPlugin
2024-07-19 09:47:50,231 [INFO] PluginManager:220 - loadIPPluginJar : add comp
2024-07-19 09:47:50,234 [INFO] IPUIPlugin:80 - create IPUIPlugin
2024-07-19 09:47:50,234 [INFO] PluginManager:220 - loadIPPluginJar : add cryp
2024-07-19 09:47:50,237 [INFO] IPUIPlugin:80 - create IPUIPlugin
2024-07-19 09:47:50,237 [INFO] PluginManager:220 - loadIPPluginJar : add dfsdm
2024-07-19 09:47:50,242 [INFO] IPUIPlugin:80 - create IPUIPlugin
2024-07-19 09:47:50,243 [INFO] PluginManager:220 - loadIPPluginJar : add dma
2024-07-19 09:47:50,245 [INFO] IPUIPlugin:80 - create IPUIPlugin
2024-07-19 09:47:50,245 [INFO] PluginManager:220 - loadIPPluginJar : add dma3
2024-07-19 09:47:50,247 [INFO] IPUIPlugin:80 - create IPUIPlugin
2024-07-19 09:47:50,248 [INFO] PluginManager:220 - loadIPPluginJar : add extmemmanager
2024-07-19 09:47:50,250 [INFO] IPUIPlugin:80 - create IPUIPlugin
2024-07-19 09:47:50,250 [INFO] PluginManager:220 - loadIPPluginJar : add fatfs
2024-07-19 09:47:50,255 [INFO] IPUIPlugin:80 - create IPUIPlugin
2024-07-19 09:47:50,255 [INFO] PluginManager:220 - loadIPPluginJar : add fmc
2024-07-19 09:47:50,262 [INFO] IPUIPlugin:80 - create IPUIPlugin
2024-07-19 09:47:50,262 [INFO] PluginManager:220 - loadIPPluginJar : add freertos
2024-07-19 09:47:50,264 [INFO] IPUIPlugin:80 - create IPUIPlugin
2024-07-19 09:47:50,265 [INFO] PluginManager:220 - loadIPPluginJar : add genericplugin
2024-07-19 09:47:50,267 [INFO] IPUIPlugin:80 - create IPUIPlugin
2024-07-19 09:47:50,267 [INFO] PluginManager:220 - loadIPPluginJar : add gfxmmu
2024-07-19 09:47:50,273 [INFO] IPUIPlugin:80 - create IPUIPlugin
2024-07-19 09:47:50,274 [INFO] PluginManager:220 - loadIPPluginJar : add gic
2024-07-19 09:47:50,282 [INFO] IPUIPlugin:80 - create IPUIPlugin
2024-07-19 09:47:50,285 [INFO] PluginManager:220 - loadIPPluginJar : add gpio
2024-07-19 09:47:50,297 [INFO] IPUIPlugin:80 - create IPUIPlugin
2024-07-19 09:47:50,298 [INFO] PluginManager:220 - loadIPPluginJar : add gtzc
2024-07-19 09:47:50,301 [INFO] IPUIPlugin:80 - create IPUIPlugin
2024-07-19 09:47:50,302 [INFO] PluginManager:220 - loadIPPluginJar : add hash
2024-07-19 09:47:50,314 [INFO] IPUIPlugin:80 - create IPUIPlugin
2024-07-19 09:47:50,314 [INFO] PluginManager:220 - loadIPPluginJar : add i2c
2024-07-19 09:47:50,327 [INFO] IPUIPlugin:80 - create IPUIPlugin
2024-07-19 09:47:50,328 [INFO] PluginManager:220 - loadIPPluginJar : add i2s
2024-07-19 09:47:50,334 [INFO] IPUIPlugin:80 - create IPUIPlugin
2024-07-19 09:47:50,334 [INFO] PluginManager:220 - loadIPPluginJar : add i3c
2024-07-19 09:47:50,346 [INFO] IPUIPlugin:80 - create IPUIPlugin
2024-07-19 09:47:50,346 [INFO] PluginManager:220 - loadIPPluginJar : add ipddr
2024-07-19 09:47:50,361 [INFO] IPUIPlugin:80 - create IPUIPlugin
2024-07-19 09:47:50,363 [INFO] PluginManager:220 - loadIPPluginJar : add linkedlist
2024-07-19 09:47:50,373 [INFO] IPUIPlugin:80 - create IPUIPlugin
2024-07-19 09:47:50,373 [INFO] PluginManager:220 - loadIPPluginJar : add lorawan
2024-07-19 09:47:50,379 [INFO] IPUIPlugin:80 - create IPUIPlugin
2024-07-19 09:47:50,380 [INFO] PluginManager:220 - loadIPPluginJar : add ltdc
2024-07-19 09:47:50,396 [INFO] IPUIPlugin:80 - create IPUIPlugin
2024-07-19 09:47:50,397 [INFO] PluginManager:220 - loadIPPluginJar : add mdma
2024-07-19 09:47:50,403 [INFO] IPUIPlugin:80 - create IPUIPlugin
2024-07-19 09:47:50,406 [INFO] PluginManager:220 - loadIPPluginJar : add nvic
2024-07-19 09:47:50,412 [INFO] IPUIPlugin:80 - create IPUIPlugin
2024-07-19 09:47:50,412 [INFO] PluginManager:220 - loadIPPluginJar : add opamp
2024-07-19 09:47:50,417 [INFO] IPUIPlugin:80 - create IPUIPlugin
2024-07-19 09:47:50,418 [INFO] PluginManager:220 - loadIPPluginJar : add openamp
2024-07-19 09:47:50,423 [INFO] IPUIPlugin:80 - create IPUIPlugin
2024-07-19 09:47:50,424 [INFO] PluginManager:220 - loadIPPluginJar : add pdm2pcm
2024-07-19 09:47:50,434 [INFO] IPUIPlugin:80 - create IPUIPlugin
2024-07-19 09:47:50,441 [INFO] PluginManager:220 - loadIPPluginJar : add plateformsettings
2024-07-19 09:47:50,444 [INFO] IPUIPlugin:80 - create IPUIPlugin
2024-07-19 09:47:50,445 [INFO] PluginManager:220 - loadIPPluginJar : add quadspi
2024-07-19 09:47:50,450 [INFO] IPUIPlugin:80 - create IPUIPlugin
2024-07-19 09:47:50,451 [INFO] PluginManager:220 - loadIPPluginJar : add resmgrutility
2024-07-19 09:47:50,456 [INFO] IPUIPlugin:80 - create IPUIPlugin
2024-07-19 09:47:50,456 [INFO] PluginManager:220 - loadIPPluginJar : add sai
2024-07-19 09:47:50,460 [INFO] IPUIPlugin:80 - create IPUIPlugin
2024-07-19 09:47:50,460 [INFO] PluginManager:220 - loadIPPluginJar : add spi
2024-07-19 09:47:50,469 [INFO] IPUIPlugin:80 - create IPUIPlugin
2024-07-19 09:47:50,471 [INFO] PluginManager:220 - loadIPPluginJar : add stm32_wpan
2024-07-19 09:47:50,474 [INFO] IPUIPlugin:80 - create IPUIPlugin
2024-07-19 09:47:50,474 [INFO] PluginManager:220 - loadIPPluginJar : add tim
2024-07-19 09:47:50,479 [INFO] IPUIPlugin:80 - create IPUIPlugin
2024-07-19 09:47:50,479 [INFO] PluginManager:220 - loadIPPluginJar : add touchsensing
2024-07-19 09:47:50,482 [INFO] IPUIPlugin:80 - create IPUIPlugin
2024-07-19 09:47:50,483 [INFO] PluginManager:220 - loadIPPluginJar : add tracer_emb
2024-07-19 09:47:50,486 [INFO] IPUIPlugin:80 - create IPUIPlugin
2024-07-19 09:47:50,486 [INFO] PluginManager:220 - loadIPPluginJar : add ts
2024-07-19 09:47:50,490 [INFO] IPUIPlugin:80 - create IPUIPlugin
2024-07-19 09:47:50,490 [INFO] PluginManager:220 - loadIPPluginJar : add tsc
2024-07-19 09:47:50,494 [INFO] IPUIPlugin:80 - create IPUIPlugin
2024-07-19 09:47:50,494 [INFO] PluginManager:220 - loadIPPluginJar : add ucpd
2024-07-19 09:47:50,501 [INFO] IPUIPlugin:80 - create IPUIPlugin
2024-07-19 09:47:50,501 [INFO] PluginManager:220 - loadIPPluginJar : add usart
2024-07-19 09:47:50,507 [INFO] IPUIPlugin:80 - create IPUIPlugin
2024-07-19 09:47:50,508 [INFO] PluginManager:220 - loadIPPluginJar : add usbx
2024-07-19 09:47:50,677 [INFO] CADModel:165 - CPN selected for project level
2024-07-19 09:47:50,678 [INFO] CADModel:114 - Register for checkConnection events
2024-07-19 09:47:50,678 [FATAL] Updater:308 - Updater called before beeing initialized
2024-07-19 09:47:50,678 [ERROR] CADModel:125 - Updater not yet initialized, retry later 
2024-07-19 09:47:50,885 [INFO] CADModel:165 - CPN selected for project level
2024-07-19 09:47:50,885 [INFO] CADModel:114 - Register for checkConnection events
2024-07-19 09:47:50,885 [FATAL] Updater:308 - Updater called before beeing initialized
2024-07-19 09:47:50,886 [ERROR] CADModel:125 - Updater not yet initialized, retry later 
2024-07-19 09:47:50,891 [FATAL] Updater:308 - Updater called before beeing initialized
2024-07-19 09:47:51,110 [FATAL] Updater:308 - Updater called before beeing initialized
2024-07-19 09:47:51,116 [INFO] DbMcusAds:53 - JSON generation date=Thu May 16 14:52:00 IST 2024 (1715851320667)
2024-07-19 09:47:51,117 [FATAL] Updater:308 - Updater called before beeing initialized
2024-07-19 09:47:51,176 [WARN] DetailPanel:346 - Failed to get advertising image, set to default
2024-07-19 09:47:51,433 [FATAL] Updater:308 - Updater called before beeing initialized
2024-07-19 09:47:51,447 [FATAL] Updater:308 - Updater called before beeing initialized
2024-07-19 09:47:51,447 [FATAL] Updater:308 - Updater called before beeing initialized
2024-07-19 09:47:51,447 [WARN] DetailPanel:346 - Failed to get advertising image, set to default
2024-07-19 09:47:51,449 [FATAL] Updater:308 - Updater called before beeing initialized
2024-07-19 09:47:51,620 [ERROR] Updater:1120 - MainUpdater not yet initialized. External WinMGr cannot be set.
2024-07-19 09:47:51,624 [INFO] Updater:1056 - Updater Version found : 6.11.1
2024-07-19 09:47:51,648 [INFO] ApplicationProperties:184 - Using Application install path: C:\ST\STM32CubeIDE_1.15.0\STM32CubeIDE\plugins\com.st.stm32cube.common.mx_6.11.1.202404110753
2024-07-19 09:47:52,696 [INFO] ThirdPartyUpdaterWithRetryManager:70 - Updater plugin not ready yet. [2/15]
2024-07-19 09:47:53,222 [ERROR] LogOutputStream:75 - [STDERR_REDIRECT] Jul 19, 2024 9:47:53 AM java.util.prefs.WindowsPreferences <init>
2024-07-19 09:47:53,224 [ERROR] LogOutputStream:75 - [STDERR_REDIRECT] WARNING: Could not open/create prefs root node Software\JavaSoft\Prefs at root 0xffffffff80000002. Windows RegCreateKeyEx(...) returned error code 5.
2024-07-19 09:47:53,224 [ERROR] LogOutputStream:75 - [STDERR_REDIRECT] 
2024-07-19 09:47:54,112 [INFO] MainUpdater:2873 - connection check result : 10
2024-07-19 09:47:54,113 [INFO] MainUpdater:290 - Updater Check For Update Now.
2024-07-19 09:47:54,113 [INFO] MicroXplorer:498 - Change Database Version : DB.6.0.111
2024-07-19 09:47:54,124 [INFO] McuFinderGlobals:63 - Set McuFinder mode to 2 (CubeIDE integrated)
2024-07-19 09:47:54,138 [INFO] UserAuth:415 - Internet connection configuration mode: 1
2024-07-19 09:47:54,158 [INFO] JxBrowserEngine:152 - Initiate JxBrowser Engine with user profile folder
2024-07-19 09:47:54,418 [INFO] CheckServerUpdateThread:120 - End of CheckServer Thread
2024-07-19 09:47:54,851 [INFO] WebApp:161 - Instantiating new browser for Auth
2024-07-19 09:47:55,591 [INFO] WebApp:779 - Register for checkConnection events
2024-07-19 09:47:55,591 [INFO] WebApp:414 - Apply proxy settings
2024-07-19 09:47:55,592 [INFO] WebApp:499 - Chromium requires no authentication
2024-07-19 09:47:55,600 [INFO] WebApp:442 - Direct internet connection detected
2024-07-19 09:47:56,059 [WARN] PackLoader:240 - Cannot read IP mode file for STMicroelectronics.FP-SNS-MOTENVWB1.1.4.0
2024-07-19 09:47:56,177 [INFO] WebApp:192 - Starting web application
2024-07-19 09:47:56,177 [INFO] WebApp:544 - Web application path used C:\ST\STM32CubeIDE_1.15.0\STM32CubeIDE\plugins\com.st.stm32cube.common.mx_6.11.1.202404110753\db\plugins\mcufinder\reactClient1\index.html
2024-07-19 09:47:56,182 [WARN] PackLoader:240 - Cannot read IP mode file for STMicroelectronics.X-CUBE-SMBUS.2.1.0
2024-07-19 09:47:56,192 [WARN] PackLoader:240 - Cannot read IP mode file for STMicroelectronics.X-CUBE-TOUCHGFX.4.23.1
2024-07-19 09:47:56,197 [WARN] PackLoader:240 - Cannot read IP mode file for STMicroelectronics.X-CUBE-TOUCHGFX.4.23.0
2024-07-19 09:47:56,203 [WARN] PackLoader:240 - Cannot read IP mode file for STMicroelectronics.X-CUBE-TOUCHGFX.4.23.2
2024-07-19 09:47:56,272 [WARN] PackLoader:240 - Cannot read IP mode file for STMicroelectronics.X-CUBE-AZRTOS-F7.1.1.0
2024-07-19 09:47:56,332 [WARN] PackLoader:240 - Cannot read IP mode file for STMicroelectronics.FP-SNS-MOTENV1.4.3.2
2024-07-19 09:47:56,346 [WARN] PackLoader:240 - Cannot read IP mode file for STMicroelectronics.FP-SNS-FLIGHT1.5.0.2
2024-07-19 09:47:56,358 [WARN] PackLoader:240 - Cannot read IP mode file for STMicroelectronics.X-CUBE-DISPLAY.3.0.0
2024-07-19 09:47:56,380 [WARN] PackLoader:240 - Cannot read IP mode file for STMicroelectronics.X-CUBE-BLE1.7.0.0
2024-07-19 09:47:56,397 [WARN] PackLoader:240 - Cannot read IP mode file for emotas.I-CUBE-CANOPEN.1.3.0
2024-07-19 09:47:56,440 [WARN] PackLoader:240 - Cannot read IP mode file for STMicroelectronics.X-CUBE-BLEMGR.3.1.0
2024-07-19 09:47:56,461 [WARN] PackLoader:240 - Cannot read IP mode file for STMicroelectronics.FP-SNS-SMARTAG2.1.2.0
2024-07-19 09:47:56,481 [INFO] LogOutputStream:77 - [STDOUT_REDIRECT] 1 : Invalid condition id : UX_CORESTACK_Condition cause : null
2024-07-19 09:47:56,482 [INFO] LogOutputStream:77 - [STDOUT_REDIRECT] 1 : Invalid condition id : UX_CORESTACK_Condition cause : null
2024-07-19 09:47:56,484 [INFO] LogOutputStream:77 - [STDOUT_REDIRECT] 1 : Invalid condition id : UX_CORESTACK_Condition cause : null
2024-07-19 09:47:56,486 [INFO] LogOutputStream:77 - [STDOUT_REDIRECT] 1 : Invalid condition id : UX_CORESTACK_Condition cause : null
2024-07-19 09:47:56,487 [INFO] LogOutputStream:77 - [STDOUT_REDIRECT] 1 : Invalid condition id : UX_CORESTACK_Condition cause : null
2024-07-19 09:47:56,492 [WARN] PackLoader:240 - Cannot read IP mode file for STMicroelectronics.X-CUBE-AZRTOS-WL.2.0.0
2024-07-19 09:47:56,499 [WARN] PackLoader:240 - Cannot read IP mode file for STMicroelectronics.FP-SNS-MOTENV1.5.0.0
2024-07-19 09:47:56,510 [WARN] PackLoader:240 - Cannot read IP mode file for wolfSSL.I-CUBE-wolfMQTT.1.19.0
2024-07-19 09:47:56,521 [WARN] PackLoader:240 - Cannot read IP mode file for WES.I-CUBE-Cesium.1.3.0
2024-07-19 09:47:56,528 [WARN] PackLoader:240 - Cannot read IP mode file for STMicroelectronics.X-CUBE-BLE2.3.3.0
2024-07-19 09:47:56,542 [WARN] PackLoader:240 - Cannot read IP mode file for STMicroelectronics.X-CUBE-TCPP.4.1.0
2024-07-19 09:47:56,565 [WARN] PackLoader:240 - Cannot read IP mode file for STMicroelectronics.X-CUBE-ALGOBUILD.1.3.0
2024-07-19 09:47:56,595 [WARN] PackLoader:240 - Cannot read IP mode file for STMicroelectronics.X-CUBE-AZRTOS-G0.1.1.0
2024-07-19 09:47:56,610 [WARN] PackLoader:240 - Cannot read IP mode file for STMicroelectronics.X-CUBE-SAFEA1.1.2.2
2024-07-19 09:47:56,622 [WARN] PackLoader:240 - Cannot read IP mode file for STMicroelectronics.X-CUBE-NFC4.3.0.0
2024-07-19 09:47:56,636 [WARN] PackLoader:240 - Cannot read IP mode file for wolfSSL.I-CUBE-wolfMQTT.1.18.0
2024-07-19 09:47:56,659 [WARN] PackLoader:240 - Cannot read IP mode file for EmbeddedOffice.I-CUBE-FS-RTOS.1.0.1
2024-07-19 09:47:56,659 [ERROR] ConditionMgr:805 - Attr not supported : Dmpu
2024-07-19 09:47:56,659 [ERROR] ConditionMgr:805 - Attr not supported : Dmpu
2024-07-19 09:47:56,659 [ERROR] ConditionMgr:805 - Attr not supported : Dmpu
2024-07-19 09:47:56,660 [ERROR] ConditionMgr:805 - Attr not supported : Dmpu
2024-07-19 09:47:56,660 [ERROR] ConditionMgr:805 - Attr not supported : Dmpu
2024-07-19 09:47:56,660 [ERROR] ConditionMgr:805 - Attr not supported : Dmpu
2024-07-19 09:47:56,660 [ERROR] ConditionMgr:805 - Attr not supported : Dmpu
2024-07-19 09:47:56,660 [ERROR] ConditionMgr:805 - Attr not supported : Dmpu
2024-07-19 09:47:56,660 [ERROR] ConditionMgr:805 - Attr not supported : Dmpu
2024-07-19 09:47:56,660 [ERROR] ConditionMgr:805 - Attr not supported : Dmpu
2024-07-19 09:47:56,660 [ERROR] ConditionMgr:805 - Attr not supported : Dmpu
2024-07-19 09:47:56,660 [ERROR] ConditionMgr:805 - Attr not supported : Dmpu
2024-07-19 09:47:56,660 [ERROR] ConditionMgr:805 - Attr not supported : Dmpu
2024-07-19 09:47:56,660 [ERROR] ConditionMgr:805 - Attr not supported : Dmpu
2024-07-19 09:47:56,661 [ERROR] ConditionMgr:805 - Attr not supported : Dmpu
2024-07-19 09:47:56,661 [ERROR] ConditionMgr:805 - Attr not supported : Dmpu
2024-07-19 09:47:56,661 [ERROR] ConditionMgr:805 - Attr not supported : Dmpu
2024-07-19 09:47:56,661 [ERROR] ConditionMgr:805 - Attr not supported : Dmpu
2024-07-19 09:47:56,664 [ERROR] ConditionMgr:805 - Attr not supported : Dmpu
2024-07-19 09:47:56,664 [ERROR] ConditionMgr:805 - Attr not supported : Dmpu
2024-07-19 09:47:56,664 [ERROR] ConditionMgr:805 - Attr not supported : Dmpu
2024-07-19 09:47:56,664 [ERROR] ConditionMgr:805 - Attr not supported : Dmpu
2024-07-19 09:47:56,665 [ERROR] ConditionMgr:805 - Attr not supported : Dmpu
2024-07-19 09:47:56,665 [ERROR] ConditionMgr:805 - Attr not supported : Dmpu
2024-07-19 09:47:56,665 [ERROR] ConditionMgr:805 - Attr not supported : Dmpu
2024-07-19 09:47:56,665 [ERROR] ConditionMgr:805 - Attr not supported : Dmpu
2024-07-19 09:47:56,665 [ERROR] ConditionMgr:805 - Attr not supported : Dmpu
2024-07-19 09:47:56,665 [ERROR] ConditionMgr:805 - Attr not supported : Dmpu
2024-07-19 09:47:56,665 [ERROR] ConditionMgr:805 - Attr not supported : Dmpu
2024-07-19 09:47:56,665 [ERROR] ConditionMgr:805 - Attr not supported : Dmpu
2024-07-19 09:47:56,666 [ERROR] ConditionMgr:805 - Attr not supported : Dmpu
2024-07-19 09:47:56,666 [ERROR] ConditionMgr:805 - Attr not supported : Dmpu
2024-07-19 09:47:56,666 [ERROR] ConditionMgr:805 - Attr not supported : Dmpu
2024-07-19 09:47:56,666 [ERROR] ConditionMgr:805 - Attr not supported : Dmpu
2024-07-19 09:47:56,666 [ERROR] ConditionMgr:805 - Attr not supported : Dmpu
2024-07-19 09:47:56,666 [ERROR] ConditionMgr:805 - Attr not supported : Dmpu
2024-07-19 09:47:56,666 [ERROR] ConditionMgr:805 - Attr not supported : Dmpu
2024-07-19 09:47:56,666 [ERROR] ConditionMgr:805 - Attr not supported : Dmpu
2024-07-19 09:47:56,666 [ERROR] ConditionMgr:805 - Attr not supported : Dmpu
2024-07-19 09:47:56,666 [ERROR] ConditionMgr:805 - Attr not supported : Dmpu
2024-07-19 09:47:56,667 [ERROR] ConditionMgr:805 - Attr not supported : Dmpu
2024-07-19 09:47:56,667 [ERROR] ConditionMgr:805 - Attr not supported : Dmpu
2024-07-19 09:47:56,667 [ERROR] ConditionMgr:805 - Attr not supported : Dmpu
2024-07-19 09:47:56,667 [ERROR] ConditionMgr:805 - Attr not supported : Dmpu
2024-07-19 09:47:56,667 [ERROR] ConditionMgr:805 - Attr not supported : Dmpu
2024-07-19 09:47:56,667 [ERROR] ConditionMgr:805 - Attr not supported : Dmpu
2024-07-19 09:47:56,667 [ERROR] ConditionMgr:805 - Attr not supported : Dmpu
2024-07-19 09:47:56,667 [ERROR] ConditionMgr:805 - Attr not supported : Dmpu
2024-07-19 09:47:56,667 [ERROR] ConditionMgr:805 - Attr not supported : Dmpu
2024-07-19 09:47:56,667 [ERROR] ConditionMgr:805 - Attr not supported : Dmpu
2024-07-19 09:47:56,669 [ERROR] ConditionMgr:805 - Attr not supported : Dmpu
2024-07-19 09:47:56,669 [ERROR] ConditionMgr:805 - Attr not supported : Dmpu
2024-07-19 09:47:56,669 [ERROR] ConditionMgr:805 - Attr not supported : Dmpu
2024-07-19 09:47:56,669 [ERROR] ConditionMgr:805 - Attr not supported : Dmpu
2024-07-19 09:47:56,670 [ERROR] ConditionMgr:805 - Attr not supported : Dmpu
2024-07-19 09:47:56,670 [ERROR] ConditionMgr:805 - Attr not supported : Dmpu
2024-07-19 09:47:56,670 [ERROR] ConditionMgr:805 - Attr not supported : Dmpu
2024-07-19 09:47:56,670 [ERROR] ConditionMgr:805 - Attr not supported : Dmpu
2024-07-19 09:47:56,670 [ERROR] ConditionMgr:805 - Attr not supported : Dmpu
2024-07-19 09:47:56,670 [ERROR] ConditionMgr:805 - Attr not supported : Dmpu
2024-07-19 09:47:56,671 [ERROR] ConditionMgr:805 - Attr not supported : Dmpu
2024-07-19 09:47:56,671 [ERROR] ConditionMgr:805 - Attr not supported : Dmpu
2024-07-19 09:47:56,671 [ERROR] ConditionMgr:805 - Attr not supported : Dmpu
2024-07-19 09:47:56,671 [ERROR] ConditionMgr:805 - Attr not supported : Dmpu
2024-07-19 09:47:56,679 [WARN] PackLoader:240 - Cannot read IP mode file for RealThread.X-CUBE-RT-Thread_Nano.4.1.1
2024-07-19 09:47:56,686 [WARN] PackLoader:240 - Cannot read IP mode file for STMicroelectronics.FP-ATR-SIGFOX1.3.2.0
2024-07-19 09:47:56,696 [WARN] PackLoader:240 - Cannot read IP mode file for STMicroelectronics.X-CUBE-EEPRMA1.5.1.0
2024-07-19 09:47:56,745 [WARN] PackLoader:240 - Cannot read IP mode file for SEGGER.I-CUBE-embOS.1.3.1
2024-07-19 09:47:56,942 [WARN] PackLoader:240 - Cannot read IP mode file for STMicroelectronics.X-CUBE-ALGOBUILD.1.4.0
2024-07-19 09:47:56,995 [WARN] PackLoader:240 - Cannot read IP mode file for STMicroelectronics.X-CUBE-GNSS1.6.0.0
2024-07-19 09:47:57,100 [WARN] PackLoader:240 - Cannot read IP mode file for STMicroelectronics.X-CUBE-AZRTOS-F4.1.1.0
2024-07-19 09:47:57,108 [WARN] PackLoader:240 - Cannot read IP mode file for STMicroelectronics.X-CUBE-FREERTOS.1.2.0
2024-07-19 09:47:57,115 [WARN] PackLoader:240 - Cannot read IP mode file for wolfSSL.I-CUBE-wolfSSL.5.6.6
2024-07-19 09:47:57,140 [WARN] PackLoader:240 - Cannot read IP mode file for STMicroelectronics.X-CUBE-AZRTOS-L5.2.0.0
2024-07-19 09:47:57,157 [WARN] PackLoader:240 - Cannot read IP mode file for STMicroelectronics.X-CUBE-NFC6.3.1.0
2024-07-19 09:47:57,169 [WARN] PackLoader:240 - Cannot read IP mode file for ITTIA_DB.I-CUBE-ITTIADB.8.8.0
2024-07-19 09:47:57,188 [WARN] PackLoader:240 - Cannot read IP mode file for STMicroelectronics.X-CUBE-DPower.1.2.0
2024-07-19 09:47:57,198 [WARN] PackLoader:240 - Cannot read IP mode file for STMicroelectronics.X-CUBE-AI.9.0.0
2024-07-19 09:47:57,210 [WARN] PackLoader:240 - Cannot read IP mode file for STMicroelectronics.X-CUBE-NFC7.1.0.1
2024-07-19 09:47:57,225 [WARN] PackLoader:240 - Cannot read IP mode file for wolfSSL.I-CUBE-wolfTPM.3.2.0
2024-07-19 09:47:57,233 [WARN] PackLoader:240 - Cannot read IP mode file for STMicroelectronics.X-CUBE-AI.8.1.0
2024-07-19 09:47:57,300 [WARN] ConditionMgr:438 - getConditionDescription Invalid condition id : LAN8742 Phy interface Condition cause : null
2024-07-19 09:47:57,301 [WARN] PackLoader:240 - Cannot read IP mode file for STMicroelectronics.X-CUBE-AZRTOS-L4.2.0.0
2024-07-19 09:47:57,304 [WARN] ConditionMgr:1039 - genDependencies : Invalid condition id : LAN8742 Phy interface Condition cause : null
2024-07-19 09:47:57,306 [WARN] ConditionMgr:1039 - genDependencies : Invalid condition id : LAN8742 Phy interface Condition cause : null
2024-07-19 09:47:57,307 [WARN] ConditionMgr:1039 - genDependencies : Invalid condition id : LAN8742 Phy interface Condition cause : null
2024-07-19 09:47:57,317 [WARN] PackLoader:240 - Cannot read IP mode file for STMicroelectronics.X-CUBE-SFXS2LP1.4.0.0
2024-07-19 09:47:57,348 [WARN] ConditionMgr:438 - getConditionDescription Invalid condition id : UX DEVICE CLASS RTOS Condition cause : null
2024-07-19 09:47:57,349 [WARN] ConditionMgr:438 - getConditionDescription Invalid condition id : UX DEVICE CLASS RTOS Condition cause : null
2024-07-19 09:47:57,353 [WARN] PackLoader:240 - Cannot read IP mode file for STMicroelectronics.X-CUBE-AZRTOS-WB.2.0.0
2024-07-19 09:47:57,354 [WARN] ConditionMgr:1039 - genDependencies : Invalid condition id : UX DEVICE CLASS RTOS Condition cause : null
2024-07-19 09:47:57,355 [WARN] ConditionMgr:1039 - genDependencies : Invalid condition id : UX DEVICE CLASS RTOS Condition cause : null
2024-07-19 09:47:57,364 [WARN] ConditionMgr:1039 - genDependencies : Invalid condition id : UX DEVICE CLASS RTOS Condition cause : null
2024-07-19 09:47:57,365 [WARN] ConditionMgr:1039 - genDependencies : Invalid condition id : UX DEVICE CLASS RTOS Condition cause : null
2024-07-19 09:47:57,365 [WARN] ConditionMgr:1039 - genDependencies : Invalid condition id : UX DEVICE CLASS RTOS Condition cause : null
2024-07-19 09:47:57,382 [WARN] PackLoader:240 - Cannot read IP mode file for STMicroelectronics.X-CUBE-SUBG2.5.0.0
2024-07-19 09:47:57,410 [WARN] PackLoader:240 - Cannot read IP mode file for STMicroelectronics.X-CUBE-AZRTOS-G4.2.0.0
2024-07-19 09:47:57,442 [WARN] PackLoader:240 - Cannot read IP mode file for Infineon.AIROC-Wi-Fi-Bluetooth-STM32.1.5.1
2024-07-19 09:47:57,450 [WARN] PackLoader:240 - Cannot read IP mode file for STMicroelectronics.FP-SNS-MOTENVWB1.1.3.1
2024-07-19 09:47:57,456 [WARN] PackLoader:240 - Cannot read IP mode file for STMicroelectronics.X-CUBE-ISPU.2.0.0
2024-07-19 09:47:57,466 [WARN] PackLoader:240 - Cannot read IP mode file for STMicroelectronics.X-CUBE-ALS.1.0.2
2024-07-19 09:47:57,554 [WARN] PackLoader:240 - Cannot read IP mode file for STMicroelectronics.X-CUBE-MEMS1.10.0.0
2024-07-19 09:47:57,798 [WARN] PackLoader:240 - Cannot read IP mode file for STMicroelectronics.X-CUBE-FREERTOS.1.1.0
2024-07-19 09:47:57,801 [WARN] PackLoader:240 - Cannot read IP mode file for STMicroelectronics.X-CUBE-TOUCHGFX.4.24.0
2024-07-19 09:47:57,820 [WARN] PackLoader:240 - Cannot read IP mode file for portGmbH.I-Cube-SoM-uGOAL.1.1.0
2024-07-19 09:47:57,830 [WARN] PackLoader:240 - Cannot read IP mode file for STMicroelectronics.X-CUBE-ALS.1.0.1
2024-07-19 09:47:57,859 [WARN] PackLoader:240 - Cannot read IP mode file for STMicroelectronics.X-CUBE-AZRTOS-H7RS.1.0.0
2024-07-19 09:47:57,868 [WARN] PackLoader:240 - Cannot read IP mode file for STMicroelectronics.FP-ATR-ASTRA1.2.0.0
2024-07-19 09:47:57,894 [WARN] PackLoader:240 - Cannot read IP mode file for STMicroelectronics.X-CUBE-TOF1.3.4.1
2024-07-19 09:47:57,959 [WARN] PackLoader:240 - Cannot read IP mode file for STMicroelectronics.X-CUBE-AZRTOS-H7.3.2.0
2024-07-19 09:47:57,970 [WARN] PackLoader:240 - Cannot read IP mode file for wolfSSL.I-CUBE-wolfSSH.1.4.17
2024-07-19 09:47:57,971 [INFO] ThirdParty:978 - Integrity check success = true
2024-07-19 09:47:57,971 [INFO] IntegrityCheckThread:100 - exiting critical section [integrity check]
2024-07-19 09:47:57,972 [INFO] IntegrityCheckThread:103 - End integrity checks thread
2024-07-19 10:37:56,575 [ERROR] LogOutputStream:75 - [STDERR_REDIRECT] 
2024-07-19 13:51:17,599 [INFO] Activator:176 - 


2024-07-19 13:51:17,601 [INFO] Activator:177 - !SESSION log4j initialized
2024-07-19 13:51:28,508 [INFO] LogOutputStream:77 - [STDOUT_REDIRECT] 
2024-07-19 13:52:06,285 [INFO] ApplicationProperties:184 - Using Application install path: C:\ST\STM32CubeIDE_1.15.0\STM32CubeIDE\plugins\com.st.stm32cube.common.mx_6.11.1.202404110753
2024-07-19 13:52:06,309 [INFO] DbMcusXml:78 - Set database path to: C:\ST\STM32CubeIDE_1.15.0\STM32CubeIDE\plugins\com.st.stm32cube.common.mx_6.11.1.202404110753\\db\/mcu/
2024-07-19 13:52:06,309 [INFO] ApiDb:274 - Set plugin database path to: C:\ST\STM32CubeIDE_1.15.0\STM32CubeIDE\plugins\com.st.stm32cube.common.mx_6.11.1.202404110753\\db\/plugins/boardmanager/
2024-07-19 13:52:06,309 [WARN] ApiDb:259 - Overriding images path with different value:  => C:\ST\STM32CubeIDE_1.15.0\STM32CubeIDE\plugins\com.st.stm32cube.common.mx_6.11.1.202404110753\\db\/plugins/mcufinder/images/
2024-07-19 13:52:06,325 [INFO] ApiDb:250 - Set database path to: C:\Users\shrey\.stmcufinder\plugins\mcufinder//mcu/
2024-07-19 13:52:06,326 [INFO] DbMcusAds:125 - Set database path to: C:\Users\shrey\.stmcufinder\plugins\mcufinder//mcu/
2024-07-19 13:52:06,346 [INFO] CrossReferenceDbSqlite:203 - Set database path to: C:\Users\shrey\.stmcufinder\plugins\mcufinder//mcu/cs/
2024-07-19 13:52:06,495 [INFO] RulesReader:64 - Compatibility file has been processed (297 Rules)
2024-07-19 13:52:06,626 [INFO] DbMcusXml:78 - Set database path to: C:\ST\STM32CubeIDE_1.15.0\STM32CubeIDE\plugins\com.st.stm32cube.common.mx_6.11.1.202404110753\\db\/mcu/
2024-07-19 13:52:06,626 [INFO] ApiDb:274 - Set plugin database path to: C:\ST\STM32CubeIDE_1.15.0\STM32CubeIDE\plugins\com.st.stm32cube.common.mx_6.11.1.202404110753\\db\/plugins/boardmanager/
2024-07-19 13:52:06,627 [INFO] ApiDb:261 - Set plugin images path to: C:\ST\STM32CubeIDE_1.15.0\STM32CubeIDE\plugins\com.st.stm32cube.common.mx_6.11.1.202404110753\\db\/plugins/mcufinder/images/
2024-07-19 13:52:06,627 [WARN] DbFile:41 - Overriding database path with different value: C:\Users\shrey\.stmcufinder\plugins\mcufinder/ => C:\Users\shrey\.stmcufinder\plugins\mcufinder
2024-07-19 13:52:06,627 [INFO] ApiDb:250 - Set database path to: C:\Users\shrey\.stmcufinder\plugins\mcufinder//mcu/
2024-07-19 13:52:06,627 [WARN] DbFile:41 - Overriding database path with different value: C:\Users\shrey\.stmcufinder\plugins\mcufinder/ => C:\Users\shrey\.stmcufinder\plugins\mcufinder
2024-07-19 13:52:06,627 [INFO] DbMcusAds:125 - Set database path to: C:\Users\shrey\.stmcufinder\plugins\mcufinder//mcu/
2024-07-19 13:52:06,627 [WARN] DbFile:41 - Overriding database path with different value: C:\Users\shrey\.stmcufinder\plugins\mcufinder/ => C:\Users\shrey\.stmcufinder\plugins\mcufinder
2024-07-19 13:52:06,627 [WARN] DbFile:41 - Overriding database path with different value: C:\Users\shrey\.stmcufinder\plugins\mcufinder/ => C:\Users\shrey\.stmcufinder\plugins\mcufinder
2024-07-19 13:52:06,627 [INFO] CrossReferenceDbSqlite:203 - Set database path to: C:\Users\shrey\.stmcufinder\plugins\mcufinder//mcu/cs/
2024-07-19 13:52:06,735 [INFO] MainPanel:264 - HeapMemory: 591396864
2024-07-19 13:52:06,885 [INFO] DbMcusXml:78 - Set database path to: C:\ST\STM32CubeIDE_1.15.0\STM32CubeIDE\plugins\com.st.stm32cube.common.mx_6.11.1.202404110753\\db\/mcu/
2024-07-19 13:52:06,885 [INFO] ApiDb:274 - Set plugin database path to: C:\ST\STM32CubeIDE_1.15.0\STM32CubeIDE\plugins\com.st.stm32cube.common.mx_6.11.1.202404110753\\db\/plugins/boardmanager/
2024-07-19 13:52:06,885 [INFO] ApiDb:261 - Set plugin images path to: C:\ST\STM32CubeIDE_1.15.0\STM32CubeIDE\plugins\com.st.stm32cube.common.mx_6.11.1.202404110753\\db\/plugins/mcufinder/images/
2024-07-19 13:52:06,886 [WARN] DbFile:41 - Overriding database path with different value: C:\Users\shrey\.stmcufinder\plugins\mcufinder/ => C:\Users\shrey\.stmcufinder\plugins\mcufinder
2024-07-19 13:52:06,886 [INFO] ApiDb:250 - Set database path to: C:\Users\shrey\.stmcufinder\plugins\mcufinder//mcu/
2024-07-19 13:52:06,886 [WARN] DbFile:41 - Overriding database path with different value: C:\Users\shrey\.stmcufinder\plugins\mcufinder/ => C:\Users\shrey\.stmcufinder\plugins\mcufinder
2024-07-19 13:52:06,886 [INFO] DbMcusAds:125 - Set database path to: C:\Users\shrey\.stmcufinder\plugins\mcufinder//mcu/
2024-07-19 13:52:06,886 [WARN] DbFile:41 - Overriding database path with different value: C:\Users\shrey\.stmcufinder\plugins\mcufinder/ => C:\Users\shrey\.stmcufinder\plugins\mcufinder
2024-07-19 13:52:06,886 [WARN] DbFile:41 - Overriding database path with different value: C:\Users\shrey\.stmcufinder\plugins\mcufinder/ => C:\Users\shrey\.stmcufinder\plugins\mcufinder
2024-07-19 13:52:06,886 [INFO] CrossReferenceDbSqlite:203 - Set database path to: C:\Users\shrey\.stmcufinder\plugins\mcufinder//mcu/cs/
2024-07-19 13:52:06,912 [INFO] ApplicationProperties:184 - Using Application install path: C:\ST\STM32CubeIDE_1.15.0\STM32CubeIDE\plugins\com.st.stm32cube.common.mx_6.11.1.202404110753
2024-07-19 13:52:06,914 [INFO] PluginManage:196 - Search for loadable plugins [exclusion list=, ]
2024-07-19 13:52:06,917 [INFO] PluginManage:310 - Check plugin analytics
2024-07-19 13:52:07,161 [INFO] AnalyticsPlugin:253 - Accepted Software Licenses: 
2024-07-19 13:52:07,161 [INFO] AnalyticsPlugin:255 - Accepted CMSIS Pack Licenses: 
2024-07-19 13:52:07,161 [INFO] AnalyticsPlugin:257 - Accepted Firmware Licenses: FW.F4.1.28.0
2024-07-19 13:52:07,164 [INFO] PluginManage:359 - Loaded plugin analytics (category:tool,tabindex:-1)
2024-07-19 13:52:07,165 [INFO] PluginManage:310 - Check plugin cadmodel
2024-07-19 13:52:07,237 [INFO] CADModel:105 - Init CAD model plugin
2024-07-19 13:52:07,237 [INFO] PluginManage:359 - Loaded plugin cadmodel (category:power,tabindex:5)
2024-07-19 13:52:07,237 [INFO] PluginManage:310 - Check plugin clock
2024-07-19 13:52:07,263 [INFO] PluginManage:359 - Loaded plugin clock (category:base,tabindex:2)
2024-07-19 13:52:07,264 [INFO] PluginManage:310 - Check plugin ddr
2024-07-19 13:52:07,267 [INFO] PluginManage:359 - Loaded plugin ddr (category:tool,tabindex:6)
2024-07-19 13:52:07,267 [INFO] PluginManage:310 - Check plugin filemanager
2024-07-19 13:52:07,451 [INFO] PluginManage:359 - Loaded plugin filemanager (category:base,tabindex:10)
2024-07-19 13:52:07,451 [INFO] PluginManage:310 - Check plugin ipmanager
2024-07-19 13:52:07,474 [INFO] PluginManage:359 - Loaded plugin ipmanager (category:base,tabindex:5)
2024-07-19 13:52:07,474 [INFO] PluginManage:310 - Check plugin lpbam
2024-07-19 13:52:07,511 [INFO] PluginManage:359 - Loaded plugin lpbam (category:base,tabindex:0)
2024-07-19 13:52:07,511 [INFO] PluginManage:310 - Check plugin memorymap
2024-07-19 13:52:07,544 [INFO] PluginManage:359 - Loaded plugin memorymap (category:base,tabindex:4)
2024-07-19 13:52:07,545 [INFO] PluginManage:310 - Check plugin pinoutandconfiguration
2024-07-19 13:52:07,564 [INFO] PluginManage:359 - Loaded plugin pinoutandconfiguration (category:base,tabindex:1)
2024-07-19 13:52:07,564 [INFO] PluginManage:310 - Check plugin pinoutconfig
2024-07-19 13:52:07,702 [WARN] SupportedApi:132 - Cannot load RTOS API schema: s4s-elt-must-match.1: The content of 'definitions' must match (annotation?, (simpleType | complexType)?, (unique | key | keyref)*)). A problem was found starting at: attribute.
2024-07-19 13:52:07,914 [INFO] PluginManage:359 - Loaded plugin pinoutconfig (category:base,tabindex:0)
2024-07-19 13:52:07,914 [INFO] PluginManage:310 - Check plugin power
2024-07-19 13:52:07,945 [INFO] PluginManage:359 - Loaded plugin power (category:power,tabindex:4)
2024-07-19 13:52:07,945 [INFO] PluginManage:310 - Check plugin projectmanager
2024-07-19 13:52:07,964 [INFO] PluginManage:359 - Loaded plugin projectmanager (category:projectmanager,tabindex:3)
2024-07-19 13:52:07,964 [INFO] PluginManage:310 - Check plugin thirdparty
2024-07-19 13:52:08,282 [INFO] PluginManage:359 - Loaded plugin thirdparty (category:base,tabindex:-1)
2024-07-19 13:52:08,282 [INFO] PluginManage:310 - Check plugin tools
2024-07-19 13:52:08,282 [WARN] IntegrityCheckThread:84 - waiting for thirdparty lock release [integrity check]
2024-07-19 13:52:08,282 [INFO] IntegrityCheckThread:86 - entering critical section [integrity check]
2024-07-19 13:52:08,283 [INFO] ThirdPartyUpdaterWithRetryManager:70 - Updater plugin not ready yet. [1/15]
2024-07-19 13:52:08,316 [INFO] PluginManage:359 - Loaded plugin tools (category:base,tabindex:7)
2024-07-19 13:52:08,316 [INFO] PluginManage:310 - Check plugin tutovideos
2024-07-19 13:52:08,583 [INFO] PluginManage:359 - Loaded plugin tutovideos (category:base,tabindex:-1)
2024-07-19 13:52:08,583 [INFO] PluginManage:310 - Check plugin updater
2024-07-19 13:52:08,598 [INFO] PluginManage:359 - Loaded plugin updater (category:base,tabindex:12)
2024-07-19 13:52:08,598 [INFO] PluginManage:310 - Check plugin userauth
2024-07-19 13:52:08,604 [INFO] UserAuth:114 - Init User Auth plugin
2024-07-19 13:52:08,604 [INFO] PluginManage:359 - Loaded plugin userauth (category:base,tabindex:14)
2024-07-19 13:52:08,605 [INFO] PluginManage:283 - PluginManage : Loaded plugins [17]
2024-07-19 13:52:08,886 [INFO] PinOutPanel:1561 - setPackage(No Configuration,No Configuration)
2024-07-19 13:52:08,988 [INFO] CADModel:165 - CPN selected for project level
2024-07-19 13:52:08,988 [INFO] CADModel:114 - Register for checkConnection events
2024-07-19 13:52:09,020 [INFO] IPUIPlugin:80 - create IPUIPlugin
2024-07-19 13:52:09,020 [INFO] PluginManager:220 - loadIPPluginJar : add adc
2024-07-19 13:52:09,053 [INFO] IPUIPlugin:80 - create IPUIPlugin
2024-07-19 13:52:09,053 [INFO] PluginManager:220 - loadIPPluginJar : add aes
2024-07-19 13:52:09,090 [INFO] IPUIPlugin:80 - create IPUIPlugin
2024-07-19 13:52:09,090 [INFO] PluginManager:220 - loadIPPluginJar : add can
2024-07-19 13:52:09,111 [INFO] IPUIPlugin:80 - create IPUIPlugin
2024-07-19 13:52:09,111 [INFO] PluginManager:220 - loadIPPluginJar : add comp
2024-07-19 13:52:09,143 [INFO] IPUIPlugin:80 - create IPUIPlugin
2024-07-19 13:52:09,143 [INFO] PluginManager:220 - loadIPPluginJar : add cryp
2024-07-19 13:52:09,176 [INFO] IPUIPlugin:80 - create IPUIPlugin
2024-07-19 13:52:09,176 [INFO] PluginManager:220 - loadIPPluginJar : add dfsdm
2024-07-19 13:52:09,192 [INFO] IPUIPlugin:80 - create IPUIPlugin
2024-07-19 13:52:09,192 [INFO] PluginManager:220 - loadIPPluginJar : add dma
2024-07-19 13:52:09,235 [INFO] IPUIPlugin:80 - create IPUIPlugin
2024-07-19 13:52:09,235 [INFO] PluginManager:220 - loadIPPluginJar : add dma3
2024-07-19 13:52:09,278 [INFO] IPUIPlugin:80 - create IPUIPlugin
2024-07-19 13:52:09,278 [INFO] PluginManager:220 - loadIPPluginJar : add extmemmanager
2024-07-19 13:52:09,299 [INFO] IPUIPlugin:80 - create IPUIPlugin
2024-07-19 13:52:09,299 [INFO] PluginManager:220 - loadIPPluginJar : add fatfs
2024-07-19 13:52:09,345 [INFO] IPUIPlugin:80 - create IPUIPlugin
2024-07-19 13:52:09,345 [INFO] PluginManager:220 - loadIPPluginJar : add fmc
2024-07-19 13:52:09,361 [INFO] IPUIPlugin:80 - create IPUIPlugin
2024-07-19 13:52:09,362 [INFO] PluginManager:220 - loadIPPluginJar : add freertos
2024-07-19 13:52:09,382 [INFO] IPUIPlugin:80 - create IPUIPlugin
2024-07-19 13:52:09,382 [INFO] PluginManager:220 - loadIPPluginJar : add genericplugin
2024-07-19 13:52:09,475 [INFO] IPUIPlugin:80 - create IPUIPlugin
2024-07-19 13:52:09,475 [INFO] PluginManager:220 - loadIPPluginJar : add gfxmmu
2024-07-19 13:52:09,604 [INFO] IPUIPlugin:80 - create IPUIPlugin
2024-07-19 13:52:09,604 [INFO] PluginManager:220 - loadIPPluginJar : add gic
2024-07-19 13:52:09,618 [INFO] IPUIPlugin:80 - create IPUIPlugin
2024-07-19 13:52:09,618 [INFO] PluginManager:220 - loadIPPluginJar : add gpio
2024-07-19 13:52:09,705 [INFO] IPUIPlugin:80 - create IPUIPlugin
2024-07-19 13:52:09,705 [INFO] PluginManager:220 - loadIPPluginJar : add gtzc
2024-07-19 13:52:09,738 [INFO] IPUIPlugin:80 - create IPUIPlugin
2024-07-19 13:52:09,738 [INFO] PluginManager:220 - loadIPPluginJar : add hash
2024-07-19 13:52:09,789 [INFO] IPUIPlugin:80 - create IPUIPlugin
2024-07-19 13:52:09,789 [INFO] PluginManager:220 - loadIPPluginJar : add i2c
2024-07-19 13:52:09,829 [INFO] IPUIPlugin:80 - create IPUIPlugin
2024-07-19 13:52:09,829 [INFO] PluginManager:220 - loadIPPluginJar : add i2s
2024-07-19 13:52:09,868 [INFO] IPUIPlugin:80 - create IPUIPlugin
2024-07-19 13:52:09,868 [INFO] PluginManager:220 - loadIPPluginJar : add i3c
2024-07-19 13:52:09,960 [INFO] IPUIPlugin:80 - create IPUIPlugin
2024-07-19 13:52:09,960 [INFO] PluginManager:220 - loadIPPluginJar : add ipddr
2024-07-19 13:52:10,048 [INFO] IPUIPlugin:80 - create IPUIPlugin
2024-07-19 13:52:10,049 [INFO] PluginManager:220 - loadIPPluginJar : add linkedlist
2024-07-19 13:52:10,081 [INFO] IPUIPlugin:80 - create IPUIPlugin
2024-07-19 13:52:10,082 [INFO] PluginManager:220 - loadIPPluginJar : add lorawan
2024-07-19 13:52:10,115 [INFO] IPUIPlugin:80 - create IPUIPlugin
2024-07-19 13:52:10,115 [INFO] PluginManager:220 - loadIPPluginJar : add ltdc
2024-07-19 13:52:10,130 [INFO] IPUIPlugin:80 - create IPUIPlugin
2024-07-19 13:52:10,130 [INFO] PluginManager:220 - loadIPPluginJar : add mdma
2024-07-19 13:52:10,144 [INFO] IPUIPlugin:80 - create IPUIPlugin
2024-07-19 13:52:10,144 [INFO] PluginManager:220 - loadIPPluginJar : add nvic
2024-07-19 13:52:10,177 [INFO] IPUIPlugin:80 - create IPUIPlugin
2024-07-19 13:52:10,177 [INFO] PluginManager:220 - loadIPPluginJar : add opamp
2024-07-19 13:52:10,233 [INFO] IPUIPlugin:80 - create IPUIPlugin
2024-07-19 13:52:10,233 [INFO] PluginManager:220 - loadIPPluginJar : add openamp
2024-07-19 13:52:10,273 [INFO] IPUIPlugin:80 - create IPUIPlugin
2024-07-19 13:52:10,273 [INFO] PluginManager:220 - loadIPPluginJar : add pdm2pcm
2024-07-19 13:52:10,288 [INFO] IPUIPlugin:80 - create IPUIPlugin
2024-07-19 13:52:10,290 [INFO] PluginManager:220 - loadIPPluginJar : add plateformsettings
2024-07-19 13:52:10,311 [INFO] IPUIPlugin:80 - create IPUIPlugin
2024-07-19 13:52:10,311 [INFO] PluginManager:220 - loadIPPluginJar : add quadspi
2024-07-19 13:52:10,324 [INFO] IPUIPlugin:80 - create IPUIPlugin
2024-07-19 13:52:10,324 [INFO] PluginManager:220 - loadIPPluginJar : add resmgrutility
2024-07-19 13:52:10,366 [INFO] IPUIPlugin:80 - create IPUIPlugin
2024-07-19 13:52:10,366 [INFO] PluginManager:220 - loadIPPluginJar : add sai
2024-07-19 13:52:10,398 [INFO] IPUIPlugin:80 - create IPUIPlugin
2024-07-19 13:52:10,398 [INFO] PluginManager:220 - loadIPPluginJar : add spi
2024-07-19 13:52:10,461 [INFO] IPUIPlugin:80 - create IPUIPlugin
2024-07-19 13:52:10,461 [INFO] PluginManager:220 - loadIPPluginJar : add stm32_wpan
2024-07-19 13:52:10,482 [INFO] IPUIPlugin:80 - create IPUIPlugin
2024-07-19 13:52:10,482 [INFO] PluginManager:220 - loadIPPluginJar : add tim
2024-07-19 13:52:10,535 [INFO] IPUIPlugin:80 - create IPUIPlugin
2024-07-19 13:52:10,536 [INFO] PluginManager:220 - loadIPPluginJar : add touchsensing
2024-07-19 13:52:10,559 [INFO] IPUIPlugin:80 - create IPUIPlugin
2024-07-19 13:52:10,559 [INFO] PluginManager:220 - loadIPPluginJar : add tracer_emb
2024-07-19 13:52:10,580 [INFO] IPUIPlugin:80 - create IPUIPlugin
2024-07-19 13:52:10,580 [INFO] PluginManager:220 - loadIPPluginJar : add ts
2024-07-19 13:52:10,601 [INFO] IPUIPlugin:80 - create IPUIPlugin
2024-07-19 13:52:10,602 [INFO] PluginManager:220 - loadIPPluginJar : add tsc
2024-07-19 13:52:10,624 [INFO] IPUIPlugin:80 - create IPUIPlugin
2024-07-19 13:52:10,624 [INFO] PluginManager:220 - loadIPPluginJar : add ucpd
2024-07-19 13:52:10,664 [INFO] IPUIPlugin:80 - create IPUIPlugin
2024-07-19 13:52:10,664 [INFO] PluginManager:220 - loadIPPluginJar : add usart
2024-07-19 13:52:10,702 [INFO] IPUIPlugin:80 - create IPUIPlugin
2024-07-19 13:52:10,702 [INFO] PluginManager:220 - loadIPPluginJar : add usbx
2024-07-19 13:52:10,835 [INFO] CADModel:165 - CPN selected for project level
2024-07-19 13:52:10,835 [INFO] CADModel:114 - Register for checkConnection events
2024-07-19 13:52:10,836 [FATAL] Updater:308 - Updater called before beeing initialized
2024-07-19 13:52:10,836 [ERROR] CADModel:125 - Updater not yet initialized, retry later 
2024-07-19 13:52:11,014 [INFO] CADModel:165 - CPN selected for project level
2024-07-19 13:52:11,014 [INFO] CADModel:114 - Register for checkConnection events
2024-07-19 13:52:11,014 [FATAL] Updater:308 - Updater called before beeing initialized
2024-07-19 13:52:11,014 [ERROR] CADModel:125 - Updater not yet initialized, retry later 
2024-07-19 13:52:11,018 [FATAL] Updater:308 - Updater called before beeing initialized
2024-07-19 13:52:11,154 [FATAL] Updater:308 - Updater called before beeing initialized
2024-07-19 13:52:11,165 [INFO] DbMcusAds:53 - JSON generation date=Thu May 16 14:52:00 IST 2024 (1715851320667)
2024-07-19 13:52:11,165 [FATAL] Updater:308 - Updater called before beeing initialized
2024-07-19 13:52:11,224 [WARN] DetailPanel:346 - Failed to get advertising image, set to default
2024-07-19 13:52:11,283 [INFO] ThirdPartyUpdaterWithRetryManager:70 - Updater plugin not ready yet. [2/15]
2024-07-19 13:52:11,304 [FATAL] Updater:308 - Updater called before beeing initialized
2024-07-19 13:52:11,308 [FATAL] Updater:308 - Updater called before beeing initialized
2024-07-19 13:52:11,308 [FATAL] Updater:308 - Updater called before beeing initialized
2024-07-19 13:52:11,308 [WARN] DetailPanel:346 - Failed to get advertising image, set to default
2024-07-19 13:52:11,309 [FATAL] Updater:308 - Updater called before beeing initialized
2024-07-19 13:52:11,375 [ERROR] Updater:1120 - MainUpdater not yet initialized. External WinMGr cannot be set.
2024-07-19 13:52:11,389 [INFO] Updater:1056 - Updater Version found : 6.11.1
2024-07-19 13:52:11,419 [INFO] ApplicationProperties:184 - Using Application install path: C:\ST\STM32CubeIDE_1.15.0\STM32CubeIDE\plugins\com.st.stm32cube.common.mx_6.11.1.202404110753
2024-07-19 13:52:11,795 [INFO] McuFinderGlobals:63 - Set McuFinder mode to 2 (CubeIDE integrated)
2024-07-19 13:52:13,001 [ERROR] LogOutputStream:75 - [STDERR_REDIRECT] Jul 19, 2024 1:52:12 PM java.util.prefs.WindowsPreferences <init>
2024-07-19 13:52:13,003 [ERROR] LogOutputStream:75 - [STDERR_REDIRECT] WARNING: Could not open/create prefs root node Software\JavaSoft\Prefs at root 0xffffffff80000002. Windows RegCreateKeyEx(...) returned error code 5.
2024-07-19 13:52:13,003 [ERROR] LogOutputStream:75 - [STDERR_REDIRECT] 
2024-07-19 13:52:13,724 [INFO] MainUpdater:2873 - connection check result : 10
2024-07-19 13:52:13,726 [INFO] MainUpdater:290 - Updater Check For Update Now.
2024-07-19 13:52:13,726 [INFO] MicroXplorer:498 - Change Database Version : DB.6.0.111
2024-07-19 13:52:13,753 [INFO] McuFinderGlobals:63 - Set McuFinder mode to 2 (CubeIDE integrated)
2024-07-19 13:52:13,775 [INFO] UserAuth:415 - Internet connection configuration mode: 1
2024-07-19 13:52:13,812 [INFO] JxBrowserEngine:152 - Initiate JxBrowser Engine with user profile folder
2024-07-19 13:52:13,990 [INFO] CheckServerUpdateThread:120 - End of CheckServer Thread
2024-07-19 13:52:13,996 [INFO] MainUpdater:2873 - connection check result : 10
2024-07-19 13:52:14,846 [WARN] PackLoader:240 - Cannot read IP mode file for STMicroelectronics.FP-SNS-MOTENVWB1.1.4.0
2024-07-19 13:52:14,951 [WARN] PackLoader:240 - Cannot read IP mode file for STMicroelectronics.X-CUBE-SMBUS.2.1.0
2024-07-19 13:52:15,061 [WARN] PackLoader:240 - Cannot read IP mode file for STMicroelectronics.X-CUBE-TOUCHGFX.4.23.1
2024-07-19 13:52:15,079 [WARN] PackLoader:240 - Cannot read IP mode file for STMicroelectronics.X-CUBE-TOUCHGFX.4.23.0
2024-07-19 13:52:15,095 [WARN] PackLoader:240 - Cannot read IP mode file for STMicroelectronics.X-CUBE-TOUCHGFX.4.23.2
2024-07-19 13:52:15,168 [WARN] PackLoader:240 - Cannot read IP mode file for STMicroelectronics.X-CUBE-AZRTOS-F7.1.1.0
2024-07-19 13:52:15,211 [WARN] PackLoader:240 - Cannot read IP mode file for STMicroelectronics.FP-SNS-MOTENV1.4.3.2
2024-07-19 13:52:15,249 [WARN] PackLoader:240 - Cannot read IP mode file for STMicroelectronics.FP-SNS-FLIGHT1.5.0.2
2024-07-19 13:52:15,282 [WARN] PackLoader:240 - Cannot read IP mode file for STMicroelectronics.X-CUBE-DISPLAY.3.0.0
2024-07-19 13:52:15,359 [WARN] PackLoader:240 - Cannot read IP mode file for STMicroelectronics.X-CUBE-BLE1.7.0.0
2024-07-19 13:52:15,383 [WARN] PackLoader:240 - Cannot read IP mode file for emotas.I-CUBE-CANOPEN.1.3.0
2024-07-19 13:52:15,415 [WARN] PackLoader:240 - Cannot read IP mode file for STMicroelectronics.X-CUBE-BLEMGR.3.1.0
2024-07-19 13:52:15,438 [WARN] PackLoader:240 - Cannot read IP mode file for STMicroelectronics.FP-SNS-SMARTAG2.1.2.0
2024-07-19 13:52:15,477 [INFO] LogOutputStream:77 - [STDOUT_REDIRECT] 1 : Invalid condition id : UX_CORESTACK_Condition cause : null
2024-07-19 13:52:15,478 [INFO] LogOutputStream:77 - [STDOUT_REDIRECT] 1 : Invalid condition id : UX_CORESTACK_Condition cause : null
2024-07-19 13:52:15,480 [INFO] LogOutputStream:77 - [STDOUT_REDIRECT] 1 : Invalid condition id : UX_CORESTACK_Condition cause : null
2024-07-19 13:52:15,481 [INFO] LogOutputStream:77 - [STDOUT_REDIRECT] 1 : Invalid condition id : UX_CORESTACK_Condition cause : null
2024-07-19 13:52:15,482 [INFO] LogOutputStream:77 - [STDOUT_REDIRECT] 1 : Invalid condition id : UX_CORESTACK_Condition cause : null
2024-07-19 13:52:15,489 [WARN] PackLoader:240 - Cannot read IP mode file for STMicroelectronics.X-CUBE-AZRTOS-WL.2.0.0
2024-07-19 13:52:15,514 [WARN] PackLoader:240 - Cannot read IP mode file for STMicroelectronics.FP-SNS-MOTENV1.5.0.0
2024-07-19 13:52:15,522 [INFO] ApiDb:581 - Connected to CubeFinder SQLite database (C:\Users\shrey\.stmcufinder\plugins\mcufinder\mcu\cube-finder-db.db)
2024-07-19 13:52:15,542 [WARN] PackLoader:240 - Cannot read IP mode file for wolfSSL.I-CUBE-wolfMQTT.1.19.0
2024-07-19 13:52:15,581 [WARN] PackLoader:240 - Cannot read IP mode file for WES.I-CUBE-Cesium.1.3.0
2024-07-19 13:52:15,609 [WARN] PackLoader:240 - Cannot read IP mode file for STMicroelectronics.X-CUBE-BLE2.3.3.0
2024-07-19 13:52:15,637 [WARN] PackLoader:240 - Cannot read IP mode file for STMicroelectronics.X-CUBE-TCPP.4.1.0
2024-07-19 13:52:15,668 [WARN] PackLoader:240 - Cannot read IP mode file for STMicroelectronics.X-CUBE-ALGOBUILD.1.3.0
2024-07-19 13:52:15,686 [INFO] ApiDb:668 - CubeFinder database Data Model version=2.1
2024-07-19 13:52:15,686 [INFO] ApiDb:669 - CubeFinder database Configuration version=3.0.39
2024-07-19 13:52:15,687 [INFO] ApiDb:670 - CubeFinder database generation date=2024-06-20 (1718880634)
2024-07-19 13:52:15,687 [INFO] ApiDb:671 - CubeFinder database FW Pack versions=[FP-ATR-ASTRA1_V2.0.0, FP-SNS-FLIGHT1_V5.0.2, FP-SNS-MOTENV1_V5.0.0, FP-SNS-MOTENVWB1_V1.4.0, FP-SNS-SMARTAG2_V1.2.0, STM32Cube_FW_C0_V1.2.0, STM32Cube_FW_F4_V1.28.0, STM32Cube_FW_F7_V1.17.2, STM32Cube_FW_G0_V1.6.2, STM32Cube_FW_G4_V1.6.0, STM32Cube_FW_H5_V1.3.0, STM32Cube_FW_H7RS_V1.1.0, STM32Cube_FW_H7_V1.11.2, STM32Cube_FW_L0_V1.12.2, STM32Cube_FW_L5_V1.5.1, STM32Cube_FW_U0_V1.1.0, STM32Cube_FW_U5_V1.6.0, STM32Cube_FW_WB0_V1.0.0, STM32Cube_FW_WBA_V1.4.0, STM32Cube_FW_WB_V1.20.0, STM32Cube_FW_WL_V1.3.0, X-CUBE-ALGOBUILD_V1.4.0, X-CUBE-ALS_V1.0.2, X-CUBE-AZRTOS-F4_V1.1.0, X-CUBE-AZRTOS-F7_V1.1.0, X-CUBE-AZRTOS-G0_V1.1.0, X-CUBE-AZRTOS-G4_V2.0.0, X-CUBE-AZRTOS-H7RS_V1.0.0, X-CUBE-AZRTOS-H7_V3.2.0, X-CUBE-AZRTOS-L4_V2.0.0, X-CUBE-AZRTOS-L5_V1.1.0, X-CUBE-AZRTOS-WB_V2.0.0, X-CUBE-AZRTOS-WL_V2.0.0, X-CUBE-BLE1_V7.0.0, X-CUBE-BLE2_V3.3.0, X-CUBE-BLEMGR_V3.1.0, X-CUBE-EEPRMA1_V5.1.0, X-CUBE-FREERTOS_V1.2.0, X-CUBE-GNSS1_V6.0.0, X-CUBE-MEMS1_V10.0.0, X-CUBE-NFC4_V3.0.0, X-CUBE-NFC7_V1.0.1, X-CUBE-SFXS2LP1_V4.0.0, X-CUBE-SUBG2_V5.0.0, X-CUBE-TOF1_V3.4.1]
2024-07-19 13:52:15,721 [WARN] PackLoader:240 - Cannot read IP mode file for STMicroelectronics.X-CUBE-AZRTOS-G0.1.1.0
2024-07-19 13:52:15,746 [WARN] PackLoader:240 - Cannot read IP mode file for STMicroelectronics.X-CUBE-SAFEA1.1.2.2
2024-07-19 13:52:15,786 [WARN] PackLoader:240 - Cannot read IP mode file for STMicroelectronics.X-CUBE-NFC4.3.0.0
2024-07-19 13:52:15,810 [WARN] PackLoader:240 - Cannot read IP mode file for wolfSSL.I-CUBE-wolfMQTT.1.18.0
2024-07-19 13:52:15,860 [WARN] PackLoader:240 - Cannot read IP mode file for EmbeddedOffice.I-CUBE-FS-RTOS.1.0.1
2024-07-19 13:52:15,861 [ERROR] ConditionMgr:805 - Attr not supported : Dmpu
2024-07-19 13:52:15,863 [ERROR] ConditionMgr:805 - Attr not supported : Dmpu
2024-07-19 13:52:15,863 [ERROR] ConditionMgr:805 - Attr not supported : Dmpu
2024-07-19 13:52:15,863 [ERROR] ConditionMgr:805 - Attr not supported : Dmpu
2024-07-19 13:52:15,863 [ERROR] ConditionMgr:805 - Attr not supported : Dmpu
2024-07-19 13:52:15,863 [ERROR] ConditionMgr:805 - Attr not supported : Dmpu
2024-07-19 13:52:15,863 [ERROR] ConditionMgr:805 - Attr not supported : Dmpu
2024-07-19 13:52:15,864 [ERROR] ConditionMgr:805 - Attr not supported : Dmpu
2024-07-19 13:52:15,866 [ERROR] ConditionMgr:805 - Attr not supported : Dmpu
2024-07-19 13:52:15,866 [ERROR] ConditionMgr:805 - Attr not supported : Dmpu
2024-07-19 13:52:15,866 [ERROR] ConditionMgr:805 - Attr not supported : Dmpu
2024-07-19 13:52:15,867 [ERROR] ConditionMgr:805 - Attr not supported : Dmpu
2024-07-19 13:52:15,867 [ERROR] ConditionMgr:805 - Attr not supported : Dmpu
2024-07-19 13:52:15,867 [ERROR] ConditionMgr:805 - Attr not supported : Dmpu
2024-07-19 13:52:15,867 [ERROR] ConditionMgr:805 - Attr not supported : Dmpu
2024-07-19 13:52:15,868 [ERROR] ConditionMgr:805 - Attr not supported : Dmpu
2024-07-19 13:52:15,870 [ERROR] ConditionMgr:805 - Attr not supported : Dmpu
2024-07-19 13:52:15,871 [ERROR] ConditionMgr:805 - Attr not supported : Dmpu
2024-07-19 13:52:15,872 [ERROR] ConditionMgr:805 - Attr not supported : Dmpu
2024-07-19 13:52:15,872 [ERROR] ConditionMgr:805 - Attr not supported : Dmpu
2024-07-19 13:52:15,872 [ERROR] ConditionMgr:805 - Attr not supported : Dmpu
2024-07-19 13:52:15,872 [ERROR] ConditionMgr:805 - Attr not supported : Dmpu
2024-07-19 13:52:15,873 [ERROR] ConditionMgr:805 - Attr not supported : Dmpu
2024-07-19 13:52:15,873 [ERROR] ConditionMgr:805 - Attr not supported : Dmpu
2024-07-19 13:52:15,873 [ERROR] ConditionMgr:805 - Attr not supported : Dmpu
2024-07-19 13:52:15,873 [ERROR] ConditionMgr:805 - Attr not supported : Dmpu
2024-07-19 13:52:15,874 [ERROR] ConditionMgr:805 - Attr not supported : Dmpu
2024-07-19 13:52:15,876 [ERROR] ConditionMgr:805 - Attr not supported : Dmpu
2024-07-19 13:52:15,887 [ERROR] ConditionMgr:805 - Attr not supported : Dmpu
2024-07-19 13:52:15,896 [ERROR] ConditionMgr:805 - Attr not supported : Dmpu
2024-07-19 13:52:15,897 [ERROR] ConditionMgr:805 - Attr not supported : Dmpu
2024-07-19 13:52:15,897 [ERROR] ConditionMgr:805 - Attr not supported : Dmpu
2024-07-19 13:52:15,897 [ERROR] ConditionMgr:805 - Attr not supported : Dmpu
2024-07-19 13:52:15,898 [ERROR] ConditionMgr:805 - Attr not supported : Dmpu
2024-07-19 13:52:15,898 [ERROR] ConditionMgr:805 - Attr not supported : Dmpu
2024-07-19 13:52:15,898 [ERROR] ConditionMgr:805 - Attr not supported : Dmpu
2024-07-19 13:52:15,899 [ERROR] ConditionMgr:805 - Attr not supported : Dmpu
2024-07-19 13:52:15,899 [ERROR] ConditionMgr:805 - Attr not supported : Dmpu
2024-07-19 13:52:15,900 [ERROR] ConditionMgr:805 - Attr not supported : Dmpu
2024-07-19 13:52:15,901 [ERROR] ConditionMgr:805 - Attr not supported : Dmpu
2024-07-19 13:52:15,901 [ERROR] ConditionMgr:805 - Attr not supported : Dmpu
2024-07-19 13:52:15,902 [ERROR] ConditionMgr:805 - Attr not supported : Dmpu
2024-07-19 13:52:15,902 [ERROR] ConditionMgr:805 - Attr not supported : Dmpu
2024-07-19 13:52:15,902 [ERROR] ConditionMgr:805 - Attr not supported : Dmpu
2024-07-19 13:52:15,902 [ERROR] ConditionMgr:805 - Attr not supported : Dmpu
2024-07-19 13:52:15,902 [ERROR] ConditionMgr:805 - Attr not supported : Dmpu
2024-07-19 13:52:15,902 [ERROR] ConditionMgr:805 - Attr not supported : Dmpu
2024-07-19 13:52:15,902 [ERROR] ConditionMgr:805 - Attr not supported : Dmpu
2024-07-19 13:52:15,903 [ERROR] ConditionMgr:805 - Attr not supported : Dmpu
2024-07-19 13:52:15,903 [ERROR] ConditionMgr:805 - Attr not supported : Dmpu
2024-07-19 13:52:15,903 [ERROR] ConditionMgr:805 - Attr not supported : Dmpu
2024-07-19 13:52:15,903 [ERROR] ConditionMgr:805 - Attr not supported : Dmpu
2024-07-19 13:52:15,904 [ERROR] ConditionMgr:805 - Attr not supported : Dmpu
2024-07-19 13:52:15,904 [ERROR] ConditionMgr:805 - Attr not supported : Dmpu
2024-07-19 13:52:15,904 [ERROR] ConditionMgr:805 - Attr not supported : Dmpu
2024-07-19 13:52:15,905 [ERROR] ConditionMgr:805 - Attr not supported : Dmpu
2024-07-19 13:52:15,905 [ERROR] ConditionMgr:805 - Attr not supported : Dmpu
2024-07-19 13:52:15,906 [ERROR] ConditionMgr:805 - Attr not supported : Dmpu
2024-07-19 13:52:15,906 [ERROR] ConditionMgr:805 - Attr not supported : Dmpu
2024-07-19 13:52:15,906 [ERROR] ConditionMgr:805 - Attr not supported : Dmpu
2024-07-19 13:52:15,906 [ERROR] ConditionMgr:805 - Attr not supported : Dmpu
2024-07-19 13:52:15,906 [ERROR] ConditionMgr:805 - Attr not supported : Dmpu
2024-07-19 13:52:15,906 [ERROR] ConditionMgr:805 - Attr not supported : Dmpu
2024-07-19 13:52:15,907 [ERROR] ConditionMgr:805 - Attr not supported : Dmpu
2024-07-19 13:52:15,979 [WARN] PackLoader:240 - Cannot read IP mode file for RealThread.X-CUBE-RT-Thread_Nano.4.1.1
2024-07-19 13:52:16,034 [INFO] DbBoardsSqlite:226 - include board P-NUCLEO-WB55-NUCLEO as a kit item of type 'Nucleo-64'
2024-07-19 13:52:16,035 [INFO] DbBoardsSqlite:226 - include board P-NUCLEO-WB55-USBDONGLE as a kit item of type 'Nucleo USB Dongle'
2024-07-19 13:52:16,037 [INFO] DbBoardsSqlite:226 - include board STEVAL-IDP005V1 as a kit item of type 'Evaluation Board'
2024-07-19 13:52:16,038 [INFO] DbBoardsSqlite:226 - include board STEVAL-IDP005V2 as a kit item of type 'Evaluation Board'
2024-07-19 13:52:16,044 [WARN] PackLoader:240 - Cannot read IP mode file for STMicroelectronics.FP-ATR-SIGFOX1.3.2.0
2024-07-19 13:52:16,097 [WARN] PackLoader:240 - Cannot read IP mode file for STMicroelectronics.X-CUBE-EEPRMA1.5.1.0
2024-07-19 13:52:16,185 [WARN] PackLoader:240 - Cannot read IP mode file for SEGGER.I-CUBE-embOS.1.3.1
2024-07-19 13:52:16,390 [WARN] PackLoader:240 - Cannot read IP mode file for STMicroelectronics.X-CUBE-ALGOBUILD.1.4.0
2024-07-19 13:52:16,437 [WARN] PackLoader:240 - Cannot read IP mode file for STMicroelectronics.X-CUBE-GNSS1.6.0.0
2024-07-19 13:52:16,524 [WARN] PackLoader:240 - Cannot read IP mode file for STMicroelectronics.X-CUBE-AZRTOS-F4.1.1.0
2024-07-19 13:52:16,574 [WARN] PackLoader:240 - Cannot read IP mode file for STMicroelectronics.X-CUBE-FREERTOS.1.2.0
2024-07-19 13:52:16,606 [WARN] PackLoader:240 - Cannot read IP mode file for wolfSSL.I-CUBE-wolfSSL.5.6.6
2024-07-19 13:52:16,689 [WARN] PackLoader:240 - Cannot read IP mode file for STMicroelectronics.X-CUBE-AZRTOS-L5.2.0.0
2024-07-19 13:52:16,737 [WARN] PackLoader:240 - Cannot read IP mode file for STMicroelectronics.X-CUBE-NFC6.3.1.0
2024-07-19 13:52:16,767 [WARN] PackLoader:240 - Cannot read IP mode file for ITTIA_DB.I-CUBE-ITTIADB.8.8.0
2024-07-19 13:52:16,792 [WARN] PackLoader:240 - Cannot read IP mode file for STMicroelectronics.X-CUBE-DPower.1.2.0
2024-07-19 13:52:16,814 [WARN] PackLoader:240 - Cannot read IP mode file for STMicroelectronics.X-CUBE-AI.9.0.0
2024-07-19 13:52:16,836 [WARN] PackLoader:240 - Cannot read IP mode file for STMicroelectronics.X-CUBE-NFC7.1.0.1
2024-07-19 13:52:16,857 [WARN] PackLoader:240 - Cannot read IP mode file for wolfSSL.I-CUBE-wolfTPM.3.2.0
2024-07-19 13:52:16,877 [WARN] PackLoader:240 - Cannot read IP mode file for STMicroelectronics.X-CUBE-AI.8.1.0
2024-07-19 13:52:16,944 [WARN] ConditionMgr:438 - getConditionDescription Invalid condition id : LAN8742 Phy interface Condition cause : null
2024-07-19 13:52:16,946 [WARN] PackLoader:240 - Cannot read IP mode file for STMicroelectronics.X-CUBE-AZRTOS-L4.2.0.0
2024-07-19 13:52:16,949 [WARN] ConditionMgr:1039 - genDependencies : Invalid condition id : LAN8742 Phy interface Condition cause : null
2024-07-19 13:52:16,949 [WARN] ConditionMgr:1039 - genDependencies : Invalid condition id : LAN8742 Phy interface Condition cause : null
2024-07-19 13:52:16,950 [WARN] ConditionMgr:1039 - genDependencies : Invalid condition id : LAN8742 Phy interface Condition cause : null
2024-07-19 13:52:16,986 [WARN] PackLoader:240 - Cannot read IP mode file for STMicroelectronics.X-CUBE-SFXS2LP1.4.0.0
2024-07-19 13:52:17,054 [WARN] ConditionMgr:438 - getConditionDescription Invalid condition id : UX DEVICE CLASS RTOS Condition cause : null
2024-07-19 13:52:17,055 [WARN] ConditionMgr:438 - getConditionDescription Invalid condition id : UX DEVICE CLASS RTOS Condition cause : null
2024-07-19 13:52:17,062 [WARN] PackLoader:240 - Cannot read IP mode file for STMicroelectronics.X-CUBE-AZRTOS-WB.2.0.0
2024-07-19 13:52:17,064 [WARN] ConditionMgr:1039 - genDependencies : Invalid condition id : UX DEVICE CLASS RTOS Condition cause : null
2024-07-19 13:52:17,064 [WARN] ConditionMgr:1039 - genDependencies : Invalid condition id : UX DEVICE CLASS RTOS Condition cause : null
2024-07-19 13:52:17,071 [WARN] ConditionMgr:1039 - genDependencies : Invalid condition id : UX DEVICE CLASS RTOS Condition cause : null
2024-07-19 13:52:17,073 [WARN] ConditionMgr:1039 - genDependencies : Invalid condition id : UX DEVICE CLASS RTOS Condition cause : null
2024-07-19 13:52:17,073 [WARN] ConditionMgr:1039 - genDependencies : Invalid condition id : UX DEVICE CLASS RTOS Condition cause : null
2024-07-19 13:52:17,123 [WARN] PackLoader:240 - Cannot read IP mode file for STMicroelectronics.X-CUBE-SUBG2.5.0.0
2024-07-19 13:52:17,178 [WARN] PackLoader:240 - Cannot read IP mode file for STMicroelectronics.X-CUBE-AZRTOS-G4.2.0.0
2024-07-19 13:52:17,227 [WARN] PackLoader:240 - Cannot read IP mode file for Infineon.AIROC-Wi-Fi-Bluetooth-STM32.1.5.1
2024-07-19 13:52:17,268 [WARN] PackLoader:240 - Cannot read IP mode file for STMicroelectronics.FP-SNS-MOTENVWB1.1.3.1
2024-07-19 13:52:17,284 [INFO] ApiDb:240 - Found 483 in-development CPN: [B-G473E-ZEST1S, B-WB1M-WPAN1, B-WL5M-SUBG1, NUCLEO-C031C6, NUCLEO-H503RB, NUCLEO-H533RE, NUCLEO-H563ZI, NUCLEO-H7S3L8, NUCLEO-U031R8, NUCLEO-U083RC, NUCLEO-U545RE-Q, NUCLEO-U5A5ZJ-Q, NUCLEO-WBA52CG, NUCLEO-WBA55CG, STEVAL-PROTEUS1, STEVAL-SMARTAG2, STEVAL-STWINBX1, STM320518-EVAL, STM32C0116-DK, STM32C011D6Y3TR, STM32C011D6Y6TR, STM32C011F4P3, STM32C011F4P6, STM32C011F4U3, STM32C011F4U6TR, STM32C011F6P3, STM32C011F6P6, STM32C011F6U3, STM32C011F6U6TR, STM32C011J4M3, STM32C011J4M6, STM32C011J6M3, STM32C011J6M6, STM32C0316-DK, STM32C031C4T3, STM32C031C4T6, STM32C031C4U3, STM32C031C4U6, STM32C031C6T3, STM32C031C6T6, STM32C031C6U3, STM32C031C6U6, STM32C031F4P3, STM32C031F4P6, STM32C031F6P3, STM32C031F6P6, STM32C031G4U3, STM32C031G4U6, STM32C031G6U3, STM32C031G6U6, STM32C031K4T3, STM32C031K4T6, STM32C031K4U3, STM32C031K4U6, STM32C031K6T3, STM32C031K6T6, STM32C031K6U3, STM32C031K6U6, STM32G071K8TXN, STM32G071K8UXN, STM32G081GBU6N, STM32G081KBT6N, STM32G081KBUXN, STM32G0B1CCT6N, STM32G0B1KCT6, STM32G0B1NEY6TR, STM32G0B1RCT6N, STM32G0C1CCT6, STM32G0C1CCT6N, STM32G0C1CCU6N, STM32G0C1CET6N, STM32G0C1CEU6N, STM32G0C1KCT6, STM32G0C1NEY6TR, STM32G0C1RCI6N, STM32G0C1RCT6N, STM32G0C1REI6N, STM32G0C1RET6N, STM32G0C1VCI6, STM32G0C1VEI6, STM32G471CCT6, STM32G471CCU6, STM32G471CET3, STM32G471CET6, STM32G471CEU3, STM32G471CEU6, STM32G471MCT6, STM32G471MET3, STM32G471MET6, STM32G471MEY6TR, STM32G471QCT6, STM32G471QET3, STM32G471RCT6, STM32G471RET3, STM32G471RET6, STM32G471VCH6, STM32G471VCI6, STM32G471VCT6, STM32G471VEH3, STM32G471VEH6, STM32G471VEI3, STM32G471VEI6, STM32G471VET3, STM32G471VET6, STM32G474CCT6, STM32H503CBT6, STM32H503CBU6, STM32H503EBY6TR, STM32H503KBU6, STM32H503RBT6, STM32H523CCT6, STM32H523CCU6, STM32H523CET6, STM32H523CEU6, STM32H523HEY6TR, STM32H523RCT6, STM32H523RET6, STM32H523VCI6, STM32H523VCT6, STM32H523VEI6, STM32H523VET6, STM32H523ZCJ6, STM32H523ZCT6, STM32H523ZEJ6, STM32H523ZET6, STM32H533CET6, STM32H533CEU6, STM32H533HEY6TR, STM32H533RET6, STM32H533VEI6, STM32H533VET6, STM32H533ZEJ6, STM32H533ZET6, STM32H562AGI6, STM32H562AII6, STM32H562IGK6, STM32H562IGT6, STM32H562IIK6, STM32H562IIT6, STM32H562RGT6, STM32H562RGV6, STM32H562RIT6, STM32H562RIV6, STM32H562VGT6, STM32H562VIT6, STM32H562ZGT6, STM32H562ZIT6, STM32H563AGI6, STM32H563AII3Q, STM32H563AII6, STM32H563IGK6, STM32H563IGT6, STM32H563IIK3Q, STM32H563IIK6, STM32H563IIT3Q, STM32H563IIT6, STM32H563MIY3QTR, STM32H563RGT6, STM32H563RGV6, STM32H563RIT6, STM32H563RIV6, STM32H563VGT6, STM32H563VIT3Q, STM32H563VIT6, STM32H563ZGT6, STM32H563ZIT3Q, STM32H563ZIT6, STM32H573AII3Q, STM32H573AII6, STM32H573I-DK, STM32H573IIK3Q, STM32H573IIK6, STM32H573IIT3Q, STM32H573IIT6, STM32H573MIY3QTR, STM32H573RIT6, STM32H573RIV6, STM32H573VIT3Q, STM32H573VIT6, STM32H573ZIT3Q, STM32H573ZIT6, STM32H7R3A8I6, STM32H7R3I8K6, STM32H7R3I8T6, STM32H7R3L8H6, STM32H7R3L8H6H, STM32H7R3R8V6, STM32H7R3V8H6, STM32H7R3V8T6, STM32H7R3V8Y6, STM32H7R3Z8J6, STM32H7R3Z8T6, STM32H7R7A8I6, STM32H7R7I8K6, STM32H7R7I8T6, STM32H7R7L8H6, STM32H7R7L8H6H, STM32H7R7Z8J6, STM32H7S3A8I6, STM32H7S3I8K6, STM32H7S3I8T6, STM32H7S3L8H6, STM32H7S3L8H6H, STM32H7S3R8V6, STM32H7S3V8H6, STM32H7S3V8T6, STM32H7S3V8Y6, STM32H7S3Z8J6, STM32H7S3Z8T6, STM32H7S78-DK, STM32H7S7A8I6, STM32H7S7I8K6, STM32H7S7I8T6, STM32H7S7L8H6, STM32H7S7L8H6H, STM32H7S7Z8J6, STM32L4R5QGI6STR, STM32MP131AAE3, STM32MP131AAF3, STM32MP131AAG3, STM32MP131CAE3, STM32MP131CAF3, STM32MP131CAG3, STM32MP131DAE7, STM32MP131DAF7, STM32MP131DAG7, STM32MP131FAE7, STM32MP131FAF7, STM32MP131FAG7, STM32MP133AAE3, STM32MP133AAF3, STM32MP133AAG3, STM32MP133CAE3, STM32MP133CAF3, STM32MP133CAG3, STM32MP133DAE7, STM32MP133DAF7, STM32MP133DAG7, STM32MP133FAE7, STM32MP133FAF7, STM32MP133FAG7, STM32MP135AAE3, STM32MP135AAF3, STM32MP135AAG3, STM32MP135CAE3, STM32MP135CAF3, STM32MP135CAG3, STM32MP135DAE7, STM32MP135DAF7, STM32MP135DAG7, STM32MP135F-DK, STM32MP135FAE7, STM32MP135FAF7, STM32MP135FAF7T, STM32MP135FAF7U, STM32MP135FAG7, STM32U031C6T6, STM32U031C6U6, STM32U031C8T6, STM32U031C8U6, STM32U031F4P6, STM32U031F6P6, STM32U031F8P6, STM32U031G6Y6TR, STM32U031G8Y6TR, STM32U031K4U6, STM32U031K6U6, STM32U031K8U6, STM32U031R6I6, STM32U031R6T6, STM32U031R8I6, STM32U031R8T6, STM32U073C8T6, STM32U073C8U6, STM32U073CBT6, STM32U073CBU6, STM32U073CCT6, STM32U073CCU6, STM32U073H8Y6TR, STM32U073HBY6TR, STM32U073HCY6TR, STM32U073K8U6, STM32U073KBU6, STM32U073KCU6, STM32U073M8I6, STM32U073M8T6, STM32U073MBI6, STM32U073MBT6, STM32U073MCI6, STM32U073MCT6, STM32U073R8I6, STM32U073R8T6, STM32U073RBI6, STM32U073RBT6, STM32U073RCI6, STM32U073RCT6, STM32U083C-DK, STM32U083CCT6, STM32U083CCU6, STM32U083HCY6TR, STM32U083KCU6, STM32U083MCI6, STM32U083MCT6, STM32U083RCI6, STM32U083RCT6, STM32U535CBT6, STM32U535CBT6Q, STM32U535CBU6, STM32U535CBU6Q, STM32U535CCT6, STM32U535CCT6Q, STM32U535CCU6, STM32U535CCU6Q, STM32U535CET6, STM32U535CET6Q, STM32U535CEU6, STM32U535CEU6Q, STM32U535JEY6QTR, STM32U535NCY6QTR, STM32U535NEY6QTR, STM32U535RBI6, STM32U535RBI6Q, STM32U535RBT6, STM32U535RBT6Q, STM32U535RCI6, STM32U535RCI6Q, STM32U535RCT6, STM32U535RCT6Q, STM32U535REI6, STM32U535REI6Q, STM32U535RET6, STM32U535RET6Q, STM32U535VCI6, STM32U535VCI6Q, STM32U535VCT6, STM32U535VCT6Q, STM32U535VEI6, STM32U535VEI6Q, STM32U535VET6, STM32U535VET6Q, STM32U545CET6, STM32U545CET6Q, STM32U545CEU6, STM32U545CEU6Q, STM32U545JEY6QTR, STM32U545NEY6QTR, STM32U545REI6, STM32U545REI6Q, STM32U545RET6, STM32U545RET6Q, STM32U545VEI6, STM32U545VEI6Q, STM32U545VET6, STM32U545VET6Q, STM32U595AIH6, STM32U595AIH6Q, STM32U595AJH6, STM32U595AJH6Q, STM32U595QII6, STM32U595QII6Q, STM32U595QJI6, STM32U595QJI6Q, STM32U595RIT6, STM32U595RIT6Q, STM32U595RJT6, STM32U595RJT6Q, STM32U595VIT6, STM32U595VIT6Q, STM32U595VJT6, STM32U595VJT6Q, STM32U595ZIT6, STM32U595ZIT6Q, STM32U595ZIY6QTR, STM32U595ZJT6, STM32U595ZJT6Q, STM32U595ZJY6QTR, STM32U599BJY6QTR, STM32U599NIH6Q, STM32U599NJH6Q, STM32U599VIT6Q, STM32U599VJT6, STM32U599VJT6Q, STM32U599ZIT6Q, STM32U599ZIY6QTR, STM32U599ZJT6Q, STM32U599ZJY6QTR, STM32U5A5AJH6, STM32U5A5AJH6Q, STM32U5A5QII3Q , STM32U5A5QJI6, STM32U5A5QJI6Q, STM32U5A5RJT6, STM32U5A5RJT6Q, STM32U5A5VJT6, STM32U5A5VJT6Q, STM32U5A5ZJT6, STM32U5A5ZJT6Q, STM32U5A5ZJY6QTR, STM32U5A9BJY6QTR, STM32U5A9J-DK, STM32U5A9NJH6Q, STM32U5A9VJT6Q, STM32U5A9ZJT6Q, STM32U5A9ZJY6QTR, STM32U5F7VIT6, STM32U5F7VIT6Q, STM32U5F7VJT6, STM32U5F7VJT6Q, STM32U5F9BJY6QTR, STM32U5F9NJH6Q, STM32U5F9VIT6Q, STM32U5F9VJT6Q, STM32U5F9ZIJ6QTR, STM32U5F9ZIT6Q, STM32U5F9ZJJ6QTR, STM32U5F9ZJT6Q, STM32U5G7VJT6, STM32U5G7VJT6Q, STM32U5G9BJY6QTR, STM32U5G9J-DK1, STM32U5G9J-DK2, STM32U5G9NJH6Q, STM32U5G9VJT6Q, STM32U5G9ZJJ6QTR, STM32U5G9ZJT6Q, STM32WB1MMCH6, STM32WBA50KEU6, STM32WBA50KEU6TR, STM32WBA50KGU6, STM32WBA50KGU6TR, STM32WBA52CEU6, STM32WBA52CEU6TR, STM32WBA52CEU7, STM32WBA52CEU7TR, STM32WBA52CGU6, STM32WBA52CGU6TR, STM32WBA52CGU6U, STM32WBA52CGU7, STM32WBA52CGU7TR, STM32WBA52KEU6, STM32WBA52KEU6TR, STM32WBA52KGU6, STM32WBA52KGU6TR, STM32WBA54CEU6, STM32WBA54CEU6TR, STM32WBA54CEU7, STM32WBA54CEU7TR, STM32WBA54CGU6, STM32WBA54CGU6TR, STM32WBA54CGU7, STM32WBA54CGU7TR, STM32WBA54KEU6, STM32WBA54KEU6TR, STM32WBA54KEU7, STM32WBA54KEU7TR, STM32WBA54KGU6, STM32WBA54KGU6TR, STM32WBA54KGU7, STM32WBA54KGU7TR, STM32WBA55CEU6, STM32WBA55CEU6TR, STM32WBA55CEU7, STM32WBA55CEU7TR, STM32WBA55CGU6, STM32WBA55CGU6TR, STM32WBA55CGU6U, STM32WBA55CGU7, STM32WBA55CGU7TR, STM32WBA55G-DK1, STM32WBA55HEF6, STM32WBA55HEF7, STM32WBA55HGF6, STM32WBA55HGF7, STM32WBA55UEI6, STM32WBA55UEI6TR, STM32WBA55UEI7, STM32WBA55UEI7TR, STM32WBA55UGI6, STM32WBA55UGI6TR, STM32WBA55UGI7, STM32WBA55UGI7TR, STM32WL5MOCH6, STM32WL5MOCH6TR]
2024-07-19 13:52:17,292 [INFO] ApiDb:668 - CubeFinder database Data Model version=2.1
2024-07-19 13:52:17,292 [INFO] ApiDb:669 - CubeFinder database Configuration version=3.0.39
2024-07-19 13:52:17,292 [INFO] ApiDb:670 - CubeFinder database generation date=2024-06-20 (1718880634)
2024-07-19 13:52:17,292 [INFO] ApiDb:671 - CubeFinder database FW Pack versions=[FP-ATR-ASTRA1_V2.0.0, FP-SNS-FLIGHT1_V5.0.2, FP-SNS-MOTENV1_V5.0.0, FP-SNS-MOTENVWB1_V1.4.0, FP-SNS-SMARTAG2_V1.2.0, STM32Cube_FW_C0_V1.2.0, STM32Cube_FW_F4_V1.28.0, STM32Cube_FW_F7_V1.17.2, STM32Cube_FW_G0_V1.6.2, STM32Cube_FW_G4_V1.6.0, STM32Cube_FW_H5_V1.3.0, STM32Cube_FW_H7RS_V1.1.0, STM32Cube_FW_H7_V1.11.2, STM32Cube_FW_L0_V1.12.2, STM32Cube_FW_L5_V1.5.1, STM32Cube_FW_U0_V1.1.0, STM32Cube_FW_U5_V1.6.0, STM32Cube_FW_WB0_V1.0.0, STM32Cube_FW_WBA_V1.4.0, STM32Cube_FW_WB_V1.20.0, STM32Cube_FW_WL_V1.3.0, X-CUBE-ALGOBUILD_V1.4.0, X-CUBE-ALS_V1.0.2, X-CUBE-AZRTOS-F4_V1.1.0, X-CUBE-AZRTOS-F7_V1.1.0, X-CUBE-AZRTOS-G0_V1.1.0, X-CUBE-AZRTOS-G4_V2.0.0, X-CUBE-AZRTOS-H7RS_V1.0.0, X-CUBE-AZRTOS-H7_V3.2.0, X-CUBE-AZRTOS-L4_V2.0.0, X-CUBE-AZRTOS-L5_V1.1.0, X-CUBE-AZRTOS-WB_V2.0.0, X-CUBE-AZRTOS-WL_V2.0.0, X-CUBE-BLE1_V7.0.0, X-CUBE-BLE2_V3.3.0, X-CUBE-BLEMGR_V3.1.0, X-CUBE-EEPRMA1_V5.1.0, X-CUBE-FREERTOS_V1.2.0, X-CUBE-GNSS1_V6.0.0, X-CUBE-MEMS1_V10.0.0, X-CUBE-NFC4_V3.0.0, X-CUBE-NFC7_V1.0.1, X-CUBE-SFXS2LP1_V4.0.0, X-CUBE-SUBG2_V5.0.0, X-CUBE-TOF1_V3.4.1]
2024-07-19 13:52:17,336 [WARN] PackLoader:240 - Cannot read IP mode file for STMicroelectronics.X-CUBE-ISPU.2.0.0
2024-07-19 13:52:17,398 [WARN] PackLoader:240 - Cannot read IP mode file for STMicroelectronics.X-CUBE-ALS.1.0.2
2024-07-19 13:52:17,535 [WARN] PackLoader:240 - Cannot read IP mode file for STMicroelectronics.X-CUBE-MEMS1.10.0.0
2024-07-19 13:52:17,782 [WARN] PackLoader:240 - Cannot read IP mode file for STMicroelectronics.X-CUBE-FREERTOS.1.1.0
2024-07-19 13:52:17,861 [WARN] PackLoader:240 - Cannot read IP mode file for STMicroelectronics.X-CUBE-TOUCHGFX.4.24.0
2024-07-19 13:52:17,908 [WARN] PackLoader:240 - Cannot read IP mode file for portGmbH.I-Cube-SoM-uGOAL.1.1.0
2024-07-19 13:52:17,928 [WARN] PackLoader:240 - Cannot read IP mode file for STMicroelectronics.X-CUBE-ALS.1.0.1
2024-07-19 13:52:18,053 [WARN] PackLoader:240 - Cannot read IP mode file for STMicroelectronics.X-CUBE-AZRTOS-H7RS.1.0.0
2024-07-19 13:52:18,300 [WARN] PackLoader:240 - Cannot read IP mode file for STMicroelectronics.FP-ATR-ASTRA1.2.0.0
2024-07-19 13:52:18,381 [WARN] PackLoader:240 - Cannot read IP mode file for STMicroelectronics.X-CUBE-TOF1.3.4.1
2024-07-19 13:52:18,652 [WARN] PackLoader:240 - Cannot read IP mode file for STMicroelectronics.X-CUBE-AZRTOS-H7.3.2.0
2024-07-19 13:52:19,165 [WARN] PackLoader:240 - Cannot read IP mode file for wolfSSL.I-CUBE-wolfSSH.1.4.17
2024-07-19 13:52:19,166 [INFO] ThirdParty:978 - Integrity check success = true
2024-07-19 13:52:19,166 [INFO] IntegrityCheckThread:100 - exiting critical section [integrity check]
2024-07-19 13:52:19,166 [INFO] IntegrityCheckThread:103 - End integrity checks thread
2024-07-19 13:52:20,560 [INFO] ApiDb:240 - Found 483 in-development CPN: [B-G473E-ZEST1S, B-WB1M-WPAN1, B-WL5M-SUBG1, NUCLEO-C031C6, NUCLEO-H503RB, NUCLEO-H533RE, NUCLEO-H563ZI, NUCLEO-H7S3L8, NUCLEO-U031R8, NUCLEO-U083RC, NUCLEO-U545RE-Q, NUCLEO-U5A5ZJ-Q, NUCLEO-WBA52CG, NUCLEO-WBA55CG, STEVAL-PROTEUS1, STEVAL-SMARTAG2, STEVAL-STWINBX1, STM320518-EVAL, STM32C0116-DK, STM32C011D6Y3TR, STM32C011D6Y6TR, STM32C011F4P3, STM32C011F4P6, STM32C011F4U3, STM32C011F4U6TR, STM32C011F6P3, STM32C011F6P6, STM32C011F6U3, STM32C011F6U6TR, STM32C011J4M3, STM32C011J4M6, STM32C011J6M3, STM32C011J6M6, STM32C0316-DK, STM32C031C4T3, STM32C031C4T6, STM32C031C4U3, STM32C031C4U6, STM32C031C6T3, STM32C031C6T6, STM32C031C6U3, STM32C031C6U6, STM32C031F4P3, STM32C031F4P6, STM32C031F6P3, STM32C031F6P6, STM32C031G4U3, STM32C031G4U6, STM32C031G6U3, STM32C031G6U6, STM32C031K4T3, STM32C031K4T6, STM32C031K4U3, STM32C031K4U6, STM32C031K6T3, STM32C031K6T6, STM32C031K6U3, STM32C031K6U6, STM32G071K8TXN, STM32G071K8UXN, STM32G081GBU6N, STM32G081KBT6N, STM32G081KBUXN, STM32G0B1CCT6N, STM32G0B1KCT6, STM32G0B1NEY6TR, STM32G0B1RCT6N, STM32G0C1CCT6, STM32G0C1CCT6N, STM32G0C1CCU6N, STM32G0C1CET6N, STM32G0C1CEU6N, STM32G0C1KCT6, STM32G0C1NEY6TR, STM32G0C1RCI6N, STM32G0C1RCT6N, STM32G0C1REI6N, STM32G0C1RET6N, STM32G0C1VCI6, STM32G0C1VEI6, STM32G471CCT6, STM32G471CCU6, STM32G471CET3, STM32G471CET6, STM32G471CEU3, STM32G471CEU6, STM32G471MCT6, STM32G471MET3, STM32G471MET6, STM32G471MEY6TR, STM32G471QCT6, STM32G471QET3, STM32G471RCT6, STM32G471RET3, STM32G471RET6, STM32G471VCH6, STM32G471VCI6, STM32G471VCT6, STM32G471VEH3, STM32G471VEH6, STM32G471VEI3, STM32G471VEI6, STM32G471VET3, STM32G471VET6, STM32G474CCT6, STM32H503CBT6, STM32H503CBU6, STM32H503EBY6TR, STM32H503KBU6, STM32H503RBT6, STM32H523CCT6, STM32H523CCU6, STM32H523CET6, STM32H523CEU6, STM32H523HEY6TR, STM32H523RCT6, STM32H523RET6, STM32H523VCI6, STM32H523VCT6, STM32H523VEI6, STM32H523VET6, STM32H523ZCJ6, STM32H523ZCT6, STM32H523ZEJ6, STM32H523ZET6, STM32H533CET6, STM32H533CEU6, STM32H533HEY6TR, STM32H533RET6, STM32H533VEI6, STM32H533VET6, STM32H533ZEJ6, STM32H533ZET6, STM32H562AGI6, STM32H562AII6, STM32H562IGK6, STM32H562IGT6, STM32H562IIK6, STM32H562IIT6, STM32H562RGT6, STM32H562RGV6, STM32H562RIT6, STM32H562RIV6, STM32H562VGT6, STM32H562VIT6, STM32H562ZGT6, STM32H562ZIT6, STM32H563AGI6, STM32H563AII3Q, STM32H563AII6, STM32H563IGK6, STM32H563IGT6, STM32H563IIK3Q, STM32H563IIK6, STM32H563IIT3Q, STM32H563IIT6, STM32H563MIY3QTR, STM32H563RGT6, STM32H563RGV6, STM32H563RIT6, STM32H563RIV6, STM32H563VGT6, STM32H563VIT3Q, STM32H563VIT6, STM32H563ZGT6, STM32H563ZIT3Q, STM32H563ZIT6, STM32H573AII3Q, STM32H573AII6, STM32H573I-DK, STM32H573IIK3Q, STM32H573IIK6, STM32H573IIT3Q, STM32H573IIT6, STM32H573MIY3QTR, STM32H573RIT6, STM32H573RIV6, STM32H573VIT3Q, STM32H573VIT6, STM32H573ZIT3Q, STM32H573ZIT6, STM32H7R3A8I6, STM32H7R3I8K6, STM32H7R3I8T6, STM32H7R3L8H6, STM32H7R3L8H6H, STM32H7R3R8V6, STM32H7R3V8H6, STM32H7R3V8T6, STM32H7R3V8Y6, STM32H7R3Z8J6, STM32H7R3Z8T6, STM32H7R7A8I6, STM32H7R7I8K6, STM32H7R7I8T6, STM32H7R7L8H6, STM32H7R7L8H6H, STM32H7R7Z8J6, STM32H7S3A8I6, STM32H7S3I8K6, STM32H7S3I8T6, STM32H7S3L8H6, STM32H7S3L8H6H, STM32H7S3R8V6, STM32H7S3V8H6, STM32H7S3V8T6, STM32H7S3V8Y6, STM32H7S3Z8J6, STM32H7S3Z8T6, STM32H7S78-DK, STM32H7S7A8I6, STM32H7S7I8K6, STM32H7S7I8T6, STM32H7S7L8H6, STM32H7S7L8H6H, STM32H7S7Z8J6, STM32L4R5QGI6STR, STM32MP131AAE3, STM32MP131AAF3, STM32MP131AAG3, STM32MP131CAE3, STM32MP131CAF3, STM32MP131CAG3, STM32MP131DAE7, STM32MP131DAF7, STM32MP131DAG7, STM32MP131FAE7, STM32MP131FAF7, STM32MP131FAG7, STM32MP133AAE3, STM32MP133AAF3, STM32MP133AAG3, STM32MP133CAE3, STM32MP133CAF3, STM32MP133CAG3, STM32MP133DAE7, STM32MP133DAF7, STM32MP133DAG7, STM32MP133FAE7, STM32MP133FAF7, STM32MP133FAG7, STM32MP135AAE3, STM32MP135AAF3, STM32MP135AAG3, STM32MP135CAE3, STM32MP135CAF3, STM32MP135CAG3, STM32MP135DAE7, STM32MP135DAF7, STM32MP135DAG7, STM32MP135F-DK, STM32MP135FAE7, STM32MP135FAF7, STM32MP135FAF7T, STM32MP135FAF7U, STM32MP135FAG7, STM32U031C6T6, STM32U031C6U6, STM32U031C8T6, STM32U031C8U6, STM32U031F4P6, STM32U031F6P6, STM32U031F8P6, STM32U031G6Y6TR, STM32U031G8Y6TR, STM32U031K4U6, STM32U031K6U6, STM32U031K8U6, STM32U031R6I6, STM32U031R6T6, STM32U031R8I6, STM32U031R8T6, STM32U073C8T6, STM32U073C8U6, STM32U073CBT6, STM32U073CBU6, STM32U073CCT6, STM32U073CCU6, STM32U073H8Y6TR, STM32U073HBY6TR, STM32U073HCY6TR, STM32U073K8U6, STM32U073KBU6, STM32U073KCU6, STM32U073M8I6, STM32U073M8T6, STM32U073MBI6, STM32U073MBT6, STM32U073MCI6, STM32U073MCT6, STM32U073R8I6, STM32U073R8T6, STM32U073RBI6, STM32U073RBT6, STM32U073RCI6, STM32U073RCT6, STM32U083C-DK, STM32U083CCT6, STM32U083CCU6, STM32U083HCY6TR, STM32U083KCU6, STM32U083MCI6, STM32U083MCT6, STM32U083RCI6, STM32U083RCT6, STM32U535CBT6, STM32U535CBT6Q, STM32U535CBU6, STM32U535CBU6Q, STM32U535CCT6, STM32U535CCT6Q, STM32U535CCU6, STM32U535CCU6Q, STM32U535CET6, STM32U535CET6Q, STM32U535CEU6, STM32U535CEU6Q, STM32U535JEY6QTR, STM32U535NCY6QTR, STM32U535NEY6QTR, STM32U535RBI6, STM32U535RBI6Q, STM32U535RBT6, STM32U535RBT6Q, STM32U535RCI6, STM32U535RCI6Q, STM32U535RCT6, STM32U535RCT6Q, STM32U535REI6, STM32U535REI6Q, STM32U535RET6, STM32U535RET6Q, STM32U535VCI6, STM32U535VCI6Q, STM32U535VCT6, STM32U535VCT6Q, STM32U535VEI6, STM32U535VEI6Q, STM32U535VET6, STM32U535VET6Q, STM32U545CET6, STM32U545CET6Q, STM32U545CEU6, STM32U545CEU6Q, STM32U545JEY6QTR, STM32U545NEY6QTR, STM32U545REI6, STM32U545REI6Q, STM32U545RET6, STM32U545RET6Q, STM32U545VEI6, STM32U545VEI6Q, STM32U545VET6, STM32U545VET6Q, STM32U595AIH6, STM32U595AIH6Q, STM32U595AJH6, STM32U595AJH6Q, STM32U595QII6, STM32U595QII6Q, STM32U595QJI6, STM32U595QJI6Q, STM32U595RIT6, STM32U595RIT6Q, STM32U595RJT6, STM32U595RJT6Q, STM32U595VIT6, STM32U595VIT6Q, STM32U595VJT6, STM32U595VJT6Q, STM32U595ZIT6, STM32U595ZIT6Q, STM32U595ZIY6QTR, STM32U595ZJT6, STM32U595ZJT6Q, STM32U595ZJY6QTR, STM32U599BJY6QTR, STM32U599NIH6Q, STM32U599NJH6Q, STM32U599VIT6Q, STM32U599VJT6, STM32U599VJT6Q, STM32U599ZIT6Q, STM32U599ZIY6QTR, STM32U599ZJT6Q, STM32U599ZJY6QTR, STM32U5A5AJH6, STM32U5A5AJH6Q, STM32U5A5QII3Q , STM32U5A5QJI6, STM32U5A5QJI6Q, STM32U5A5RJT6, STM32U5A5RJT6Q, STM32U5A5VJT6, STM32U5A5VJT6Q, STM32U5A5ZJT6, STM32U5A5ZJT6Q, STM32U5A5ZJY6QTR, STM32U5A9BJY6QTR, STM32U5A9J-DK, STM32U5A9NJH6Q, STM32U5A9VJT6Q, STM32U5A9ZJT6Q, STM32U5A9ZJY6QTR, STM32U5F7VIT6, STM32U5F7VIT6Q, STM32U5F7VJT6, STM32U5F7VJT6Q, STM32U5F9BJY6QTR, STM32U5F9NJH6Q, STM32U5F9VIT6Q, STM32U5F9VJT6Q, STM32U5F9ZIJ6QTR, STM32U5F9ZIT6Q, STM32U5F9ZJJ6QTR, STM32U5F9ZJT6Q, STM32U5G7VJT6, STM32U5G7VJT6Q, STM32U5G9BJY6QTR, STM32U5G9J-DK1, STM32U5G9J-DK2, STM32U5G9NJH6Q, STM32U5G9VJT6Q, STM32U5G9ZJJ6QTR, STM32U5G9ZJT6Q, STM32WB1MMCH6, STM32WBA50KEU6, STM32WBA50KEU6TR, STM32WBA50KGU6, STM32WBA50KGU6TR, STM32WBA52CEU6, STM32WBA52CEU6TR, STM32WBA52CEU7, STM32WBA52CEU7TR, STM32WBA52CGU6, STM32WBA52CGU6TR, STM32WBA52CGU6U, STM32WBA52CGU7, STM32WBA52CGU7TR, STM32WBA52KEU6, STM32WBA52KEU6TR, STM32WBA52KGU6, STM32WBA52KGU6TR, STM32WBA54CEU6, STM32WBA54CEU6TR, STM32WBA54CEU7, STM32WBA54CEU7TR, STM32WBA54CGU6, STM32WBA54CGU6TR, STM32WBA54CGU7, STM32WBA54CGU7TR, STM32WBA54KEU6, STM32WBA54KEU6TR, STM32WBA54KEU7, STM32WBA54KEU7TR, STM32WBA54KGU6, STM32WBA54KGU6TR, STM32WBA54KGU7, STM32WBA54KGU7TR, STM32WBA55CEU6, STM32WBA55CEU6TR, STM32WBA55CEU7, STM32WBA55CEU7TR, STM32WBA55CGU6, STM32WBA55CGU6TR, STM32WBA55CGU6U, STM32WBA55CGU7, STM32WBA55CGU7TR, STM32WBA55G-DK1, STM32WBA55HEF6, STM32WBA55HEF7, STM32WBA55HGF6, STM32WBA55HGF7, STM32WBA55UEI6, STM32WBA55UEI6TR, STM32WBA55UEI7, STM32WBA55UEI7TR, STM32WBA55UGI6, STM32WBA55UGI6TR, STM32WBA55UGI7, STM32WBA55UGI7TR, STM32WL5MOCH6, STM32WL5MOCH6TR]
2024-07-19 13:52:20,569 [INFO] DbMcus:218 - Found 4203 MCUs, 4203 are supported
2024-07-19 13:52:20,580 [INFO] ApiDb:423 - Load user favorites file C:\Users\shrey/.stm32cubeide/favorites.mcus.txt: 1 item(s)
2024-07-19 13:52:20,580 [INFO] ApiDb:427 - User favorites MCUs=[STM32F303CCT6]
2024-07-19 13:52:20,580 [INFO] DbMcus:224 - Set 1 / 1 favorites MCUs
2024-07-19 13:52:21,226 [INFO] BoardInfo:889 - No configuration file found for board P-NUCLEO-WB55
2024-07-19 13:52:21,227 [INFO] DbBoards:161 - Kit is not supported: P-NUCLEO-WB55
2024-07-19 13:52:21,234 [INFO] BoardInfo:889 - No configuration file found for board STEVAL-BFA001V1B
2024-07-19 13:52:21,234 [INFO] DbBoards:161 - Kit is not supported: STEVAL-BFA001V1B
2024-07-19 13:52:21,236 [INFO] BoardInfo:889 - No configuration file found for board STEVAL-BFA001V2B
2024-07-19 13:52:21,237 [INFO] DbBoards:161 - Kit is not supported: STEVAL-BFA001V2B
2024-07-19 13:52:21,457 [INFO] DbBoards:168 - Found 195 boards, 192 are supported
2024-07-19 13:52:21,458 [INFO] DbBoards:169 - Found 195 boards, 8 of them is supported for  Bsp
2024-07-19 13:52:21,469 [INFO] ApiDb:423 - Load user favorites file C:\Users\shrey/.stm32cubeide/favorites.boards.txt: 1 item(s)
2024-07-19 13:52:21,469 [INFO] ApiDb:427 - User favorites Boards=[NUCLEO-F446RE]
2024-07-19 13:52:21,469 [INFO] DbBoards:198 - Set 1 / 1 favorites Boards
2024-07-19 13:52:21,470 [INFO] McuFinderGlobals:76 - Set McuFinderConnectedMode to true
2024-07-19 13:52:21,485 [INFO] MultiScanPanel:200 - Auto-refresh data requested => check proxy status ongoing
2024-07-19 13:52:21,489 [INFO] FinderPluginLoader:95 - Searching for filters in installed packs
2024-07-19 13:52:25,473 [INFO] WebApp:161 - Instantiating new browser for Auth
2024-07-19 13:52:26,628 [INFO] LoadUrlFilesThread:185 - End of LoadServerUrlFiles without Thread
2024-07-19 13:52:26,648 [INFO] DetailPanel:341 - Set advertising image to C:/Users/shrey/STM32Cube/Repository/\en.prom-stm32h7rs-mcu-finder.jpg
2024-07-19 13:52:27,330 [INFO] WebApp:779 - Register for checkConnection events
2024-07-19 13:52:27,330 [INFO] WebApp:414 - Apply proxy settings
2024-07-19 13:52:27,330 [INFO] WebApp:499 - Chromium requires no authentication
2024-07-19 13:52:27,347 [INFO] WebApp:442 - Direct internet connection detected
2024-07-19 13:52:27,923 [INFO] WebApp:192 - Starting web application
2024-07-19 13:52:27,923 [INFO] WebApp:544 - Web application path used C:\ST\STM32CubeIDE_1.15.0\STM32CubeIDE\plugins\com.st.stm32cube.common.mx_6.11.1.202404110753\db\plugins\mcufinder\reactClient1\index.html
2024-07-19 13:52:37,442 [INFO] MultiScanPanel:200 - Auto-refresh data requested => check proxy status ongoing
2024-07-19 13:52:37,650 [INFO] LoadUrlFilesThread:185 - End of LoadServerUrlFiles without Thread
2024-07-19 13:52:37,651 [INFO] DetailPanel:341 - Set advertising image to C:/Users/shrey/STM32Cube/Repository/\en.prom-stm32h7rs-mcu-finder.jpg
2024-07-19 13:52:37,674 [INFO] DbBoards:642 - Loading board mini-images...
2024-07-19 13:52:42,775 [INFO] DbBoards:665 - Loaded 195 board mini-images
2024-07-19 13:53:18,472 [INFO] McuFinderGlobals:76 - Set McuFinderConnectedMode to true
2024-07-19 13:53:18,478 [INFO] ApiDb:448 - Save user favorites file C:\Users\shrey/.stm32cubeide/favorites.mcus.txt: 1 item(s)
2024-07-19 13:53:18,479 [INFO] ApiDb:452 - User favorites MCUs=[STM32F303CCT6]
2024-07-19 13:53:18,481 [INFO] ApiDb:448 - Save user favorites file C:\Users\shrey/.stm32cubeide/favorites.boards.txt: 1 item(s)
2024-07-19 13:53:18,482 [INFO] ApiDb:452 - User favorites Boards=[NUCLEO-F446RE]
2024-07-19 13:53:43,355 [INFO] MainUpdater:2873 - connection check result : 10
2024-07-19 13:53:43,537 [INFO] McuFinderGlobals:76 - Set McuFinderConnectedMode to true
2024-07-19 13:53:43,538 [INFO] MultiScanPanel:200 - Auto-refresh data requested => check proxy status ongoing
2024-07-19 13:53:43,539 [INFO] FinderPluginLoader:95 - Searching for filters in installed packs
2024-07-19 13:53:45,593 [INFO] LoadUrlFilesThread:185 - End of LoadServerUrlFiles without Thread
2024-07-19 13:53:45,593 [INFO] DetailPanel:341 - Set advertising image to C:/Users/shrey/STM32Cube/Repository/\en.prom-stm32h7rs-mcu-finder.jpg
2024-07-19 13:53:54,145 [INFO] McuFinderGlobals:76 - Set McuFinderConnectedMode to true
2024-07-19 13:53:54,150 [INFO] ApiDb:448 - Save user favorites file C:\Users\shrey/.stm32cubeide/favorites.mcus.txt: 1 item(s)
2024-07-19 13:53:54,150 [INFO] ApiDb:452 - User favorites MCUs=[STM32F303CCT6]
2024-07-19 15:53:58,714 [INFO] MainUpdater:2873 - connection check result : 10
2024-07-19 15:53:58,814 [INFO] McuFinderGlobals:76 - Set McuFinderConnectedMode to true
2024-07-19 15:53:58,817 [INFO] MultiScanPanel:200 - Auto-refresh data requested => check proxy status ongoing
2024-07-19 15:53:58,818 [INFO] FinderPluginLoader:95 - Searching for filters in installed packs
2024-07-19 15:53:59,670 [INFO] LoadUrlFilesThread:185 - End of LoadServerUrlFiles without Thread
2024-07-19 15:53:59,671 [INFO] DetailPanel:341 - Set advertising image to C:/Users/shrey/STM32Cube/Repository/\en.prom-stm32h7rs-mcu-finder.jpg
2024-07-19 15:54:06,306 [INFO] MultiScanPanel:200 - Auto-refresh data requested => check proxy status ongoing
2024-07-19 15:54:06,376 [INFO] LoadUrlFilesThread:185 - End of LoadServerUrlFiles without Thread
2024-07-19 15:54:06,376 [INFO] DetailPanel:341 - Set advertising image to C:/Users/shrey/STM32Cube/Repository/\en.prom-stm32h7rs-mcu-finder.jpg
2024-07-19 15:54:46,065 [INFO] McuFinderGlobals:76 - Set McuFinderConnectedMode to true
2024-07-19 15:54:46,071 [INFO] ApiDb:448 - Save user favorites file C:\Users\shrey/.stm32cubeide/favorites.mcus.txt: 1 item(s)
2024-07-19 15:54:46,071 [INFO] ApiDb:452 - User favorites MCUs=[STM32F303CCT6]
2024-07-19 15:54:46,074 [INFO] ApiDb:448 - Save user favorites file C:\Users\shrey/.stm32cubeide/favorites.boards.txt: 1 item(s)
2024-07-19 15:54:46,074 [INFO] ApiDb:452 - User favorites Boards=[NUCLEO-F446RE]
2024-07-19 15:55:33,209 [INFO] MainUpdater:2873 - connection check result : 10
2024-07-19 15:55:33,307 [INFO] McuFinderGlobals:76 - Set McuFinderConnectedMode to true
2024-07-19 15:55:33,309 [INFO] MultiScanPanel:200 - Auto-refresh data requested => check proxy status ongoing
2024-07-19 15:55:33,309 [INFO] FinderPluginLoader:95 - Searching for filters in installed packs
2024-07-19 15:55:34,266 [INFO] LoadUrlFilesThread:185 - End of LoadServerUrlFiles without Thread
2024-07-19 15:55:34,266 [INFO] DetailPanel:341 - Set advertising image to C:/Users/shrey/STM32Cube/Repository/\en.prom-stm32h7rs-mcu-finder.jpg
2024-07-19 15:55:50,407 [INFO] MultiScanPanel:200 - Auto-refresh data requested => check proxy status ongoing
2024-07-19 15:55:50,456 [INFO] LoadUrlFilesThread:185 - End of LoadServerUrlFiles without Thread
2024-07-19 15:55:50,456 [INFO] DetailPanel:341 - Set advertising image to C:/Users/shrey/STM32Cube/Repository/\en.prom-stm32h7rs-mcu-finder.jpg
2024-07-19 15:56:29,193 [INFO] McuFinderGlobals:76 - Set McuFinderConnectedMode to true
2024-07-19 15:56:29,198 [INFO] ApiDb:448 - Save user favorites file C:\Users\shrey/.stm32cubeide/favorites.mcus.txt: 1 item(s)
2024-07-19 15:56:29,198 [INFO] ApiDb:452 - User favorites MCUs=[STM32F303CCT6]
2024-07-19 15:56:29,199 [INFO] ApiDb:448 - Save user favorites file C:\Users\shrey/.stm32cubeide/favorites.boards.txt: 1 item(s)
2024-07-19 15:56:29,200 [INFO] ApiDb:452 - User favorites Boards=[NUCLEO-F446RE]
2024-07-19 16:48:40,603 [INFO] MainUpdater:2873 - connection check result : 10
2024-07-19 16:48:40,733 [INFO] McuFinderGlobals:76 - Set McuFinderConnectedMode to true
2024-07-19 16:48:40,739 [INFO] MultiScanPanel:200 - Auto-refresh data requested => check proxy status ongoing
2024-07-19 16:48:40,742 [INFO] FinderPluginLoader:95 - Searching for filters in installed packs
2024-07-19 16:48:42,815 [INFO] LoadUrlFilesThread:185 - End of LoadServerUrlFiles without Thread
2024-07-19 16:48:42,815 [INFO] DetailPanel:341 - Set advertising image to C:/Users/shrey/STM32Cube/Repository/\en.prom-stm32h7rs-mcu-finder.jpg
2024-07-19 16:48:52,230 [INFO] MultiScanPanel:200 - Auto-refresh data requested => check proxy status ongoing
2024-07-19 16:48:52,303 [INFO] LoadUrlFilesThread:185 - End of LoadServerUrlFiles without Thread
2024-07-19 16:48:52,303 [INFO] DetailPanel:341 - Set advertising image to C:/Users/shrey/STM32Cube/Repository/\en.prom-stm32h7rs-mcu-finder.jpg
2024-07-19 16:49:16,472 [INFO] McuFinderGlobals:76 - Set McuFinderConnectedMode to true
2024-07-19 16:49:16,523 [INFO] ApiDb:448 - Save user favorites file C:\Users\shrey/.stm32cubeide/favorites.mcus.txt: 1 item(s)
2024-07-19 16:49:16,523 [INFO] ApiDb:452 - User favorites MCUs=[STM32F303CCT6]
2024-07-19 16:49:16,526 [INFO] ApiDb:448 - Save user favorites file C:\Users\shrey/.stm32cubeide/favorites.boards.txt: 1 item(s)
2024-07-19 16:49:16,526 [INFO] ApiDb:452 - User favorites Boards=[NUCLEO-F446RE]
2024-07-19 19:19:27,568 [INFO] WebApp:354 - JxBrowser engine has been closed 
