2024-07-17 09:39:44,072 [INFO] Activator:176 - 


2024-07-17 09:39:44,082 [INFO] Activator:177 - !SESSION log4j initialized
2024-07-17 09:39:55,203 [INFO] LogOutputStream:77 - [STDOUT_REDIRECT] 
2024-07-17 09:40:04,444 [INFO] ApplicationProperties:184 - Using Application install path: C:\ST\STM32CubeIDE_1.15.0\STM32CubeIDE\plugins\com.st.stm32cube.common.mx_6.11.1.202404110753
2024-07-17 09:40:04,461 [INFO] DbMcusXml:78 - Set database path to: C:\ST\STM32CubeIDE_1.15.0\STM32CubeIDE\plugins\com.st.stm32cube.common.mx_6.11.1.202404110753\\db\/mcu/
2024-07-17 09:40:04,462 [INFO] ApiDb:274 - Set plugin database path to: C:\ST\STM32CubeIDE_1.15.0\STM32CubeIDE\plugins\com.st.stm32cube.common.mx_6.11.1.202404110753\\db\/plugins/boardmanager/
2024-07-17 09:40:04,462 [WARN] ApiDb:259 - Overriding images path with different value:  => C:\ST\STM32CubeIDE_1.15.0\STM32CubeIDE\plugins\com.st.stm32cube.common.mx_6.11.1.202404110753\\db\/plugins/mcufinder/images/
2024-07-17 09:40:04,468 [INFO] ApiDb:250 - Set database path to: C:\Users\shrey\.stmcufinder\plugins\mcufinder//mcu/
2024-07-17 09:40:04,469 [INFO] DbMcusAds:125 - Set database path to: C:\Users\shrey\.stmcufinder\plugins\mcufinder//mcu/
2024-07-17 09:40:04,471 [INFO] CrossReferenceDbSqlite:203 - Set database path to: C:\Users\shrey\.stmcufinder\plugins\mcufinder//mcu/cs/
2024-07-17 09:40:04,622 [INFO] RulesReader:64 - Compatibility file has been processed (297 Rules)
2024-07-17 09:40:04,720 [INFO] DbMcusXml:78 - Set database path to: C:\ST\STM32CubeIDE_1.15.0\STM32CubeIDE\plugins\com.st.stm32cube.common.mx_6.11.1.202404110753\\db\/mcu/
2024-07-17 09:40:04,720 [INFO] ApiDb:274 - Set plugin database path to: C:\ST\STM32CubeIDE_1.15.0\STM32CubeIDE\plugins\com.st.stm32cube.common.mx_6.11.1.202404110753\\db\/plugins/boardmanager/
2024-07-17 09:40:04,720 [INFO] ApiDb:261 - Set plugin images path to: C:\ST\STM32CubeIDE_1.15.0\STM32CubeIDE\plugins\com.st.stm32cube.common.mx_6.11.1.202404110753\\db\/plugins/mcufinder/images/
2024-07-17 09:40:04,721 [WARN] DbFile:41 - Overriding database path with different value: C:\Users\shrey\.stmcufinder\plugins\mcufinder/ => C:\Users\shrey\.stmcufinder\plugins\mcufinder
2024-07-17 09:40:04,721 [INFO] ApiDb:250 - Set database path to: C:\Users\shrey\.stmcufinder\plugins\mcufinder//mcu/
2024-07-17 09:40:04,721 [WARN] DbFile:41 - Overriding database path with different value: C:\Users\shrey\.stmcufinder\plugins\mcufinder/ => C:\Users\shrey\.stmcufinder\plugins\mcufinder
2024-07-17 09:40:04,721 [INFO] DbMcusAds:125 - Set database path to: C:\Users\shrey\.stmcufinder\plugins\mcufinder//mcu/
2024-07-17 09:40:04,721 [WARN] DbFile:41 - Overriding database path with different value: C:\Users\shrey\.stmcufinder\plugins\mcufinder/ => C:\Users\shrey\.stmcufinder\plugins\mcufinder
2024-07-17 09:40:04,721 [WARN] DbFile:41 - Overriding database path with different value: C:\Users\shrey\.stmcufinder\plugins\mcufinder/ => C:\Users\shrey\.stmcufinder\plugins\mcufinder
2024-07-17 09:40:04,721 [INFO] CrossReferenceDbSqlite:203 - Set database path to: C:\Users\shrey\.stmcufinder\plugins\mcufinder//mcu/cs/
2024-07-17 09:40:04,809 [INFO] MainPanel:264 - HeapMemory: 268435456
2024-07-17 09:40:04,903 [INFO] DbMcusXml:78 - Set database path to: C:\ST\STM32CubeIDE_1.15.0\STM32CubeIDE\plugins\com.st.stm32cube.common.mx_6.11.1.202404110753\\db\/mcu/
2024-07-17 09:40:04,903 [INFO] ApiDb:274 - Set plugin database path to: C:\ST\STM32CubeIDE_1.15.0\STM32CubeIDE\plugins\com.st.stm32cube.common.mx_6.11.1.202404110753\\db\/plugins/boardmanager/
2024-07-17 09:40:04,903 [INFO] ApiDb:261 - Set plugin images path to: C:\ST\STM32CubeIDE_1.15.0\STM32CubeIDE\plugins\com.st.stm32cube.common.mx_6.11.1.202404110753\\db\/plugins/mcufinder/images/
2024-07-17 09:40:04,904 [WARN] DbFile:41 - Overriding database path with different value: C:\Users\shrey\.stmcufinder\plugins\mcufinder/ => C:\Users\shrey\.stmcufinder\plugins\mcufinder
2024-07-17 09:40:04,904 [INFO] ApiDb:250 - Set database path to: C:\Users\shrey\.stmcufinder\plugins\mcufinder//mcu/
2024-07-17 09:40:04,904 [WARN] DbFile:41 - Overriding database path with different value: C:\Users\shrey\.stmcufinder\plugins\mcufinder/ => C:\Users\shrey\.stmcufinder\plugins\mcufinder
2024-07-17 09:40:04,904 [INFO] DbMcusAds:125 - Set database path to: C:\Users\shrey\.stmcufinder\plugins\mcufinder//mcu/
2024-07-17 09:40:04,904 [WARN] DbFile:41 - Overriding database path with different value: C:\Users\shrey\.stmcufinder\plugins\mcufinder/ => C:\Users\shrey\.stmcufinder\plugins\mcufinder
2024-07-17 09:40:04,904 [WARN] DbFile:41 - Overriding database path with different value: C:\Users\shrey\.stmcufinder\plugins\mcufinder/ => C:\Users\shrey\.stmcufinder\plugins\mcufinder
2024-07-17 09:40:04,904 [INFO] CrossReferenceDbSqlite:203 - Set database path to: C:\Users\shrey\.stmcufinder\plugins\mcufinder//mcu/cs/
2024-07-17 09:40:04,927 [INFO] ApplicationProperties:184 - Using Application install path: C:\ST\STM32CubeIDE_1.15.0\STM32CubeIDE\plugins\com.st.stm32cube.common.mx_6.11.1.202404110753
2024-07-17 09:40:04,930 [INFO] PluginManage:196 - Search for loadable plugins [exclusion list=, ]
2024-07-17 09:40:04,932 [INFO] PluginManage:310 - Check plugin analytics
2024-07-17 09:40:05,399 [INFO] AnalyticsPlugin:253 - Accepted Software Licenses: 
2024-07-17 09:40:05,400 [INFO] AnalyticsPlugin:255 - Accepted CMSIS Pack Licenses: 
2024-07-17 09:40:05,400 [INFO] AnalyticsPlugin:257 - Accepted Firmware Licenses: FW.F4.1.28.0
2024-07-17 09:40:05,412 [INFO] PluginManage:359 - Loaded plugin analytics (category:tool,tabindex:-1)
2024-07-17 09:40:05,413 [INFO] PluginManage:310 - Check plugin cadmodel
2024-07-17 09:40:05,452 [INFO] CADModel:105 - Init CAD model plugin
2024-07-17 09:40:05,452 [INFO] PluginManage:359 - Loaded plugin cadmodel (category:power,tabindex:5)
2024-07-17 09:40:05,453 [INFO] PluginManage:310 - Check plugin clock
2024-07-17 09:40:05,463 [INFO] PluginManage:359 - Loaded plugin clock (category:base,tabindex:2)
2024-07-17 09:40:05,464 [INFO] PluginManage:310 - Check plugin ddr
2024-07-17 09:40:05,466 [INFO] PluginManage:359 - Loaded plugin ddr (category:tool,tabindex:6)
2024-07-17 09:40:05,467 [INFO] PluginManage:310 - Check plugin filemanager
2024-07-17 09:40:05,643 [INFO] PluginManage:359 - Loaded plugin filemanager (category:base,tabindex:10)
2024-07-17 09:40:05,643 [INFO] PluginManage:310 - Check plugin ipmanager
2024-07-17 09:40:05,655 [INFO] PluginManage:359 - Loaded plugin ipmanager (category:base,tabindex:5)
2024-07-17 09:40:05,655 [INFO] PluginManage:310 - Check plugin lpbam
2024-07-17 09:40:05,669 [INFO] PluginManage:359 - Loaded plugin lpbam (category:base,tabindex:0)
2024-07-17 09:40:05,670 [INFO] PluginManage:310 - Check plugin memorymap
2024-07-17 09:40:05,687 [INFO] PluginManage:359 - Loaded plugin memorymap (category:base,tabindex:4)
2024-07-17 09:40:05,687 [INFO] PluginManage:310 - Check plugin pinoutandconfiguration
2024-07-17 09:40:05,695 [INFO] PluginManage:359 - Loaded plugin pinoutandconfiguration (category:base,tabindex:1)
2024-07-17 09:40:05,696 [INFO] PluginManage:310 - Check plugin pinoutconfig
2024-07-17 09:40:05,812 [WARN] SupportedApi:132 - Cannot load RTOS API schema: s4s-elt-must-match.1: The content of 'definitions' must match (annotation?, (simpleType | complexType)?, (unique | key | keyref)*)). A problem was found starting at: attribute.
2024-07-17 09:40:05,978 [INFO] PluginManage:359 - Loaded plugin pinoutconfig (category:base,tabindex:0)
2024-07-17 09:40:05,980 [INFO] PluginManage:310 - Check plugin power
2024-07-17 09:40:05,993 [INFO] PluginManage:359 - Loaded plugin power (category:power,tabindex:4)
2024-07-17 09:40:05,994 [INFO] PluginManage:310 - Check plugin projectmanager
2024-07-17 09:40:06,014 [INFO] PluginManage:359 - Loaded plugin projectmanager (category:projectmanager,tabindex:3)
2024-07-17 09:40:06,014 [INFO] PluginManage:310 - Check plugin thirdparty
2024-07-17 09:40:06,179 [INFO] PluginManage:359 - Loaded plugin thirdparty (category:base,tabindex:-1)
2024-07-17 09:40:06,180 [INFO] PluginManage:310 - Check plugin tools
2024-07-17 09:40:06,180 [WARN] IntegrityCheckThread:84 - waiting for thirdparty lock release [integrity check]
2024-07-17 09:40:06,181 [INFO] IntegrityCheckThread:86 - entering critical section [integrity check]
2024-07-17 09:40:06,181 [INFO] ThirdPartyUpdaterWithRetryManager:70 - Updater plugin not ready yet. [1/15]
2024-07-17 09:40:06,182 [INFO] PluginManage:359 - Loaded plugin tools (category:base,tabindex:7)
2024-07-17 09:40:06,182 [INFO] PluginManage:310 - Check plugin tutovideos
2024-07-17 09:40:06,397 [INFO] PluginManage:359 - Loaded plugin tutovideos (category:base,tabindex:-1)
2024-07-17 09:40:06,397 [INFO] PluginManage:310 - Check plugin updater
2024-07-17 09:40:06,410 [INFO] PluginManage:359 - Loaded plugin updater (category:base,tabindex:12)
2024-07-17 09:40:06,410 [INFO] PluginManage:310 - Check plugin userauth
2024-07-17 09:40:06,416 [INFO] UserAuth:114 - Init User Auth plugin
2024-07-17 09:40:06,417 [INFO] PluginManage:359 - Loaded plugin userauth (category:base,tabindex:14)
2024-07-17 09:40:06,418 [INFO] PluginManage:283 - PluginManage : Loaded plugins [17]
2024-07-17 09:40:06,723 [INFO] PinOutPanel:1561 - setPackage(No Configuration,No Configuration)
2024-07-17 09:40:06,838 [INFO] CADModel:165 - CPN selected for project level
2024-07-17 09:40:06,838 [INFO] CADModel:114 - Register for checkConnection events
2024-07-17 09:40:06,856 [INFO] IPUIPlugin:80 - create IPUIPlugin
2024-07-17 09:40:06,856 [INFO] PluginManager:220 - loadIPPluginJar : add adc
2024-07-17 09:40:06,858 [INFO] IPUIPlugin:80 - create IPUIPlugin
2024-07-17 09:40:06,858 [INFO] PluginManager:220 - loadIPPluginJar : add aes
2024-07-17 09:40:06,861 [INFO] IPUIPlugin:80 - create IPUIPlugin
2024-07-17 09:40:06,861 [INFO] PluginManager:220 - loadIPPluginJar : add can
2024-07-17 09:40:06,863 [INFO] IPUIPlugin:80 - create IPUIPlugin
2024-07-17 09:40:06,863 [INFO] PluginManager:220 - loadIPPluginJar : add comp
2024-07-17 09:40:06,865 [INFO] IPUIPlugin:80 - create IPUIPlugin
2024-07-17 09:40:06,865 [INFO] PluginManager:220 - loadIPPluginJar : add cryp
2024-07-17 09:40:06,868 [INFO] IPUIPlugin:80 - create IPUIPlugin
2024-07-17 09:40:06,868 [INFO] PluginManager:220 - loadIPPluginJar : add dfsdm
2024-07-17 09:40:06,873 [INFO] IPUIPlugin:80 - create IPUIPlugin
2024-07-17 09:40:06,874 [INFO] PluginManager:220 - loadIPPluginJar : add dma
2024-07-17 09:40:06,878 [INFO] IPUIPlugin:80 - create IPUIPlugin
2024-07-17 09:40:06,878 [INFO] PluginManager:220 - loadIPPluginJar : add dma3
2024-07-17 09:40:06,882 [INFO] IPUIPlugin:80 - create IPUIPlugin
2024-07-17 09:40:06,882 [INFO] PluginManager:220 - loadIPPluginJar : add extmemmanager
2024-07-17 09:40:06,884 [INFO] IPUIPlugin:80 - create IPUIPlugin
2024-07-17 09:40:06,884 [INFO] PluginManager:220 - loadIPPluginJar : add fatfs
2024-07-17 09:40:06,887 [INFO] IPUIPlugin:80 - create IPUIPlugin
2024-07-17 09:40:06,888 [INFO] PluginManager:220 - loadIPPluginJar : add fmc
2024-07-17 09:40:06,893 [INFO] IPUIPlugin:80 - create IPUIPlugin
2024-07-17 09:40:06,893 [INFO] PluginManager:220 - loadIPPluginJar : add freertos
2024-07-17 09:40:06,895 [INFO] IPUIPlugin:80 - create IPUIPlugin
2024-07-17 09:40:06,895 [INFO] PluginManager:220 - loadIPPluginJar : add genericplugin
2024-07-17 09:40:06,897 [INFO] IPUIPlugin:80 - create IPUIPlugin
2024-07-17 09:40:06,898 [INFO] PluginManager:220 - loadIPPluginJar : add gfxmmu
2024-07-17 09:40:06,903 [INFO] IPUIPlugin:80 - create IPUIPlugin
2024-07-17 09:40:06,903 [INFO] PluginManager:220 - loadIPPluginJar : add gic
2024-07-17 09:40:06,908 [INFO] IPUIPlugin:80 - create IPUIPlugin
2024-07-17 09:40:06,908 [INFO] PluginManager:220 - loadIPPluginJar : add gpio
2024-07-17 09:40:06,913 [INFO] IPUIPlugin:80 - create IPUIPlugin
2024-07-17 09:40:06,913 [INFO] PluginManager:220 - loadIPPluginJar : add gtzc
2024-07-17 09:40:06,917 [INFO] IPUIPlugin:80 - create IPUIPlugin
2024-07-17 09:40:06,917 [INFO] PluginManager:220 - loadIPPluginJar : add hash
2024-07-17 09:40:06,921 [INFO] IPUIPlugin:80 - create IPUIPlugin
2024-07-17 09:40:06,921 [INFO] PluginManager:220 - loadIPPluginJar : add i2c
2024-07-17 09:40:06,924 [INFO] IPUIPlugin:80 - create IPUIPlugin
2024-07-17 09:40:06,925 [INFO] PluginManager:220 - loadIPPluginJar : add i2s
2024-07-17 09:40:06,928 [INFO] IPUIPlugin:80 - create IPUIPlugin
2024-07-17 09:40:06,928 [INFO] PluginManager:220 - loadIPPluginJar : add i3c
2024-07-17 09:40:06,933 [INFO] IPUIPlugin:80 - create IPUIPlugin
2024-07-17 09:40:06,933 [INFO] PluginManager:220 - loadIPPluginJar : add ipddr
2024-07-17 09:40:06,940 [INFO] IPUIPlugin:80 - create IPUIPlugin
2024-07-17 09:40:06,940 [INFO] PluginManager:220 - loadIPPluginJar : add linkedlist
2024-07-17 09:40:06,943 [INFO] IPUIPlugin:80 - create IPUIPlugin
2024-07-17 09:40:06,944 [INFO] PluginManager:220 - loadIPPluginJar : add lorawan
2024-07-17 09:40:06,947 [INFO] IPUIPlugin:80 - create IPUIPlugin
2024-07-17 09:40:06,950 [INFO] PluginManager:220 - loadIPPluginJar : add ltdc
2024-07-17 09:40:06,958 [INFO] IPUIPlugin:80 - create IPUIPlugin
2024-07-17 09:40:06,958 [INFO] PluginManager:220 - loadIPPluginJar : add mdma
2024-07-17 09:40:06,962 [INFO] IPUIPlugin:80 - create IPUIPlugin
2024-07-17 09:40:06,962 [INFO] PluginManager:220 - loadIPPluginJar : add nvic
2024-07-17 09:40:06,965 [INFO] IPUIPlugin:80 - create IPUIPlugin
2024-07-17 09:40:06,965 [INFO] PluginManager:220 - loadIPPluginJar : add opamp
2024-07-17 09:40:06,969 [INFO] IPUIPlugin:80 - create IPUIPlugin
2024-07-17 09:40:06,969 [INFO] PluginManager:220 - loadIPPluginJar : add openamp
2024-07-17 09:40:06,973 [INFO] IPUIPlugin:80 - create IPUIPlugin
2024-07-17 09:40:06,973 [INFO] PluginManager:220 - loadIPPluginJar : add pdm2pcm
2024-07-17 09:40:06,982 [INFO] IPUIPlugin:80 - create IPUIPlugin
2024-07-17 09:40:06,986 [INFO] PluginManager:220 - loadIPPluginJar : add plateformsettings
2024-07-17 09:40:06,988 [INFO] IPUIPlugin:80 - create IPUIPlugin
2024-07-17 09:40:06,988 [INFO] PluginManager:220 - loadIPPluginJar : add quadspi
2024-07-17 09:40:06,992 [INFO] IPUIPlugin:80 - create IPUIPlugin
2024-07-17 09:40:06,992 [INFO] PluginManager:220 - loadIPPluginJar : add resmgrutility
2024-07-17 09:40:06,995 [INFO] IPUIPlugin:80 - create IPUIPlugin
2024-07-17 09:40:06,995 [INFO] PluginManager:220 - loadIPPluginJar : add sai
2024-07-17 09:40:06,999 [INFO] IPUIPlugin:80 - create IPUIPlugin
2024-07-17 09:40:06,999 [INFO] PluginManager:220 - loadIPPluginJar : add spi
2024-07-17 09:40:07,007 [INFO] IPUIPlugin:80 - create IPUIPlugin
2024-07-17 09:40:07,007 [INFO] PluginManager:220 - loadIPPluginJar : add stm32_wpan
2024-07-17 09:40:07,009 [INFO] IPUIPlugin:80 - create IPUIPlugin
2024-07-17 09:40:07,010 [INFO] PluginManager:220 - loadIPPluginJar : add tim
2024-07-17 09:40:07,014 [INFO] IPUIPlugin:80 - create IPUIPlugin
2024-07-17 09:40:07,015 [INFO] PluginManager:220 - loadIPPluginJar : add touchsensing
2024-07-17 09:40:07,018 [INFO] IPUIPlugin:80 - create IPUIPlugin
2024-07-17 09:40:07,018 [INFO] PluginManager:220 - loadIPPluginJar : add tracer_emb
2024-07-17 09:40:07,021 [INFO] IPUIPlugin:80 - create IPUIPlugin
2024-07-17 09:40:07,022 [INFO] PluginManager:220 - loadIPPluginJar : add ts
2024-07-17 09:40:07,024 [INFO] IPUIPlugin:80 - create IPUIPlugin
2024-07-17 09:40:07,025 [INFO] PluginManager:220 - loadIPPluginJar : add tsc
2024-07-17 09:40:07,028 [INFO] IPUIPlugin:80 - create IPUIPlugin
2024-07-17 09:40:07,028 [INFO] PluginManager:220 - loadIPPluginJar : add ucpd
2024-07-17 09:40:07,032 [INFO] IPUIPlugin:80 - create IPUIPlugin
2024-07-17 09:40:07,032 [INFO] PluginManager:220 - loadIPPluginJar : add usart
2024-07-17 09:40:07,036 [INFO] IPUIPlugin:80 - create IPUIPlugin
2024-07-17 09:40:07,036 [INFO] PluginManager:220 - loadIPPluginJar : add usbx
2024-07-17 09:40:07,190 [INFO] CADModel:165 - CPN selected for project level
2024-07-17 09:40:07,191 [INFO] CADModel:114 - Register for checkConnection events
2024-07-17 09:40:07,191 [FATAL] Updater:308 - Updater called before beeing initialized
2024-07-17 09:40:07,191 [ERROR] CADModel:125 - Updater not yet initialized, retry later 
2024-07-17 09:40:07,410 [INFO] CADModel:165 - CPN selected for project level
2024-07-17 09:40:07,410 [INFO] CADModel:114 - Register for checkConnection events
2024-07-17 09:40:07,410 [FATAL] Updater:308 - Updater called before beeing initialized
2024-07-17 09:40:07,410 [ERROR] CADModel:125 - Updater not yet initialized, retry later 
2024-07-17 09:40:07,414 [FATAL] Updater:308 - Updater called before beeing initialized
2024-07-17 09:40:07,571 [FATAL] Updater:308 - Updater called before beeing initialized
2024-07-17 09:40:07,574 [INFO] DbMcusAds:53 - JSON generation date=Thu May 16 14:52:01 IST 2024 (1715851321485)
2024-07-17 09:40:07,574 [FATAL] Updater:308 - Updater called before beeing initialized
2024-07-17 09:40:07,617 [WARN] DetailPanel:346 - Failed to get advertising image, set to default
2024-07-17 09:40:07,757 [FATAL] Updater:308 - Updater called before beeing initialized
2024-07-17 09:40:07,757 [FATAL] Updater:308 - Updater called before beeing initialized
2024-07-17 09:40:07,757 [FATAL] Updater:308 - Updater called before beeing initialized
2024-07-17 09:40:07,758 [WARN] DetailPanel:346 - Failed to get advertising image, set to default
2024-07-17 09:40:07,758 [FATAL] Updater:308 - Updater called before beeing initialized
2024-07-17 09:40:07,828 [ERROR] Updater:1120 - MainUpdater not yet initialized. External WinMGr cannot be set.
2024-07-17 09:40:07,830 [INFO] Updater:1056 - Updater Version found : 6.11.1
2024-07-17 09:40:07,852 [INFO] ApplicationProperties:184 - Using Application install path: C:\ST\STM32CubeIDE_1.15.0\STM32CubeIDE\plugins\com.st.stm32cube.common.mx_6.11.1.202404110753
2024-07-17 09:40:09,184 [INFO] ThirdPartyUpdaterWithRetryManager:70 - Updater plugin not ready yet. [2/15]
2024-07-17 09:40:09,428 [ERROR] LogOutputStream:75 - [STDERR_REDIRECT] Jul 17, 2024 9:40:09 AM java.util.prefs.WindowsPreferences <init>
2024-07-17 09:40:09,429 [ERROR] LogOutputStream:75 - [STDERR_REDIRECT] WARNING: Could not open/create prefs root node Software\JavaSoft\Prefs at root 0xffffffff80000002. Windows RegCreateKeyEx(...) returned error code 5.
2024-07-17 09:40:09,429 [ERROR] LogOutputStream:75 - [STDERR_REDIRECT] 
2024-07-17 09:40:09,898 [INFO] MainUpdater:2873 - connection check result : 10
2024-07-17 09:40:09,898 [INFO] MainUpdater:290 - Updater Check For Update Now.
2024-07-17 09:40:09,899 [INFO] MicroXplorer:498 - Change Database Version : DB.6.0.111
2024-07-17 09:40:09,904 [INFO] McuFinderGlobals:63 - Set McuFinder mode to 2 (CubeIDE integrated)
2024-07-17 09:40:09,910 [INFO] UserAuth:415 - Internet connection configuration mode: 1
2024-07-17 09:40:09,928 [INFO] JxBrowserEngine:152 - Initiate JxBrowser Engine with user profile folder
2024-07-17 09:40:10,144 [INFO] CheckServerUpdateThread:120 - End of CheckServer Thread
2024-07-17 09:40:10,608 [INFO] WebApp:161 - Instantiating new browser for Auth
2024-07-17 09:40:12,735 [WARN] PackLoader:240 - Cannot read IP mode file for STMicroelectronics.FP-SNS-MOTENVWB1.1.4.0
2024-07-17 09:40:12,743 [INFO] WebApp:779 - Register for checkConnection events
2024-07-17 09:40:12,745 [INFO] WebApp:414 - Apply proxy settings
2024-07-17 09:40:12,745 [INFO] WebApp:499 - Chromium requires no authentication
2024-07-17 09:40:12,748 [WARN] PackLoader:240 - Cannot read IP mode file for STMicroelectronics.X-CUBE-SMBUS.2.1.0
2024-07-17 09:40:12,754 [WARN] PackLoader:240 - Cannot read IP mode file for STMicroelectronics.X-CUBE-TOUCHGFX.4.23.1
2024-07-17 09:40:12,757 [WARN] PackLoader:240 - Cannot read IP mode file for STMicroelectronics.X-CUBE-TOUCHGFX.4.23.0
2024-07-17 09:40:12,757 [INFO] WebApp:442 - Direct internet connection detected
2024-07-17 09:40:12,761 [WARN] PackLoader:240 - Cannot read IP mode file for STMicroelectronics.X-CUBE-TOUCHGFX.4.23.2
2024-07-17 09:40:12,889 [WARN] PackLoader:240 - Cannot read IP mode file for STMicroelectronics.X-CUBE-AZRTOS-F7.1.1.0
2024-07-17 09:40:12,905 [WARN] PackLoader:240 - Cannot read IP mode file for STMicroelectronics.FP-SNS-MOTENV1.4.3.2
2024-07-17 09:40:12,922 [WARN] PackLoader:240 - Cannot read IP mode file for STMicroelectronics.FP-SNS-FLIGHT1.5.0.2
2024-07-17 09:40:12,936 [WARN] PackLoader:240 - Cannot read IP mode file for STMicroelectronics.X-CUBE-DISPLAY.3.0.0
2024-07-17 09:40:12,954 [WARN] PackLoader:240 - Cannot read IP mode file for STMicroelectronics.X-CUBE-BLE1.7.0.0
2024-07-17 09:40:12,968 [WARN] PackLoader:240 - Cannot read IP mode file for emotas.I-CUBE-CANOPEN.1.3.0
2024-07-17 09:40:12,990 [WARN] PackLoader:240 - Cannot read IP mode file for STMicroelectronics.X-CUBE-BLEMGR.3.1.0
2024-07-17 09:40:13,005 [WARN] PackLoader:240 - Cannot read IP mode file for STMicroelectronics.FP-SNS-SMARTAG2.1.2.0
2024-07-17 09:40:13,030 [INFO] LogOutputStream:77 - [STDOUT_REDIRECT] 1 : Invalid condition id : UX_CORESTACK_Condition cause : null
2024-07-17 09:40:13,030 [INFO] LogOutputStream:77 - [STDOUT_REDIRECT] 1 : Invalid condition id : UX_CORESTACK_Condition cause : null
2024-07-17 09:40:13,032 [INFO] LogOutputStream:77 - [STDOUT_REDIRECT] 1 : Invalid condition id : UX_CORESTACK_Condition cause : null
2024-07-17 09:40:13,033 [INFO] LogOutputStream:77 - [STDOUT_REDIRECT] 1 : Invalid condition id : UX_CORESTACK_Condition cause : null
2024-07-17 09:40:13,034 [INFO] LogOutputStream:77 - [STDOUT_REDIRECT] 1 : Invalid condition id : UX_CORESTACK_Condition cause : null
2024-07-17 09:40:13,040 [WARN] PackLoader:240 - Cannot read IP mode file for STMicroelectronics.X-CUBE-AZRTOS-WL.2.0.0
2024-07-17 09:40:13,050 [WARN] PackLoader:240 - Cannot read IP mode file for STMicroelectronics.FP-SNS-MOTENV1.5.0.0
2024-07-17 09:40:13,057 [WARN] PackLoader:240 - Cannot read IP mode file for wolfSSL.I-CUBE-wolfMQTT.1.19.0
2024-07-17 09:40:13,075 [WARN] PackLoader:240 - Cannot read IP mode file for WES.I-CUBE-Cesium.1.3.0
2024-07-17 09:40:13,082 [WARN] PackLoader:240 - Cannot read IP mode file for STMicroelectronics.X-CUBE-BLE2.3.3.0
2024-07-17 09:40:13,089 [WARN] PackLoader:240 - Cannot read IP mode file for STMicroelectronics.X-CUBE-TCPP.4.1.0
2024-07-17 09:40:13,103 [WARN] PackLoader:240 - Cannot read IP mode file for STMicroelectronics.X-CUBE-ALGOBUILD.1.3.0
2024-07-17 09:40:13,131 [WARN] PackLoader:240 - Cannot read IP mode file for STMicroelectronics.X-CUBE-AZRTOS-G0.1.1.0
2024-07-17 09:40:13,143 [WARN] PackLoader:240 - Cannot read IP mode file for STMicroelectronics.X-CUBE-SAFEA1.1.2.2
2024-07-17 09:40:13,160 [WARN] PackLoader:240 - Cannot read IP mode file for STMicroelectronics.X-CUBE-NFC4.3.0.0
2024-07-17 09:40:13,168 [WARN] PackLoader:240 - Cannot read IP mode file for wolfSSL.I-CUBE-wolfMQTT.1.18.0
2024-07-17 09:40:13,181 [WARN] PackLoader:240 - Cannot read IP mode file for EmbeddedOffice.I-CUBE-FS-RTOS.1.0.1
2024-07-17 09:40:13,181 [ERROR] ConditionMgr:805 - Attr not supported : Dmpu
2024-07-17 09:40:13,182 [ERROR] ConditionMgr:805 - Attr not supported : Dmpu
2024-07-17 09:40:13,182 [ERROR] ConditionMgr:805 - Attr not supported : Dmpu
2024-07-17 09:40:13,182 [ERROR] ConditionMgr:805 - Attr not supported : Dmpu
2024-07-17 09:40:13,182 [ERROR] ConditionMgr:805 - Attr not supported : Dmpu
2024-07-17 09:40:13,182 [ERROR] ConditionMgr:805 - Attr not supported : Dmpu
2024-07-17 09:40:13,182 [ERROR] ConditionMgr:805 - Attr not supported : Dmpu
2024-07-17 09:40:13,182 [ERROR] ConditionMgr:805 - Attr not supported : Dmpu
2024-07-17 09:40:13,182 [ERROR] ConditionMgr:805 - Attr not supported : Dmpu
2024-07-17 09:40:13,182 [ERROR] ConditionMgr:805 - Attr not supported : Dmpu
2024-07-17 09:40:13,182 [ERROR] ConditionMgr:805 - Attr not supported : Dmpu
2024-07-17 09:40:13,182 [ERROR] ConditionMgr:805 - Attr not supported : Dmpu
2024-07-17 09:40:13,182 [ERROR] ConditionMgr:805 - Attr not supported : Dmpu
2024-07-17 09:40:13,182 [ERROR] ConditionMgr:805 - Attr not supported : Dmpu
2024-07-17 09:40:13,182 [ERROR] ConditionMgr:805 - Attr not supported : Dmpu
2024-07-17 09:40:13,183 [ERROR] ConditionMgr:805 - Attr not supported : Dmpu
2024-07-17 09:40:13,183 [ERROR] ConditionMgr:805 - Attr not supported : Dmpu
2024-07-17 09:40:13,183 [ERROR] ConditionMgr:805 - Attr not supported : Dmpu
2024-07-17 09:40:13,183 [ERROR] ConditionMgr:805 - Attr not supported : Dmpu
2024-07-17 09:40:13,184 [ERROR] ConditionMgr:805 - Attr not supported : Dmpu
2024-07-17 09:40:13,184 [ERROR] ConditionMgr:805 - Attr not supported : Dmpu
2024-07-17 09:40:13,184 [ERROR] ConditionMgr:805 - Attr not supported : Dmpu
2024-07-17 09:40:13,184 [ERROR] ConditionMgr:805 - Attr not supported : Dmpu
2024-07-17 09:40:13,184 [ERROR] ConditionMgr:805 - Attr not supported : Dmpu
2024-07-17 09:40:13,184 [ERROR] ConditionMgr:805 - Attr not supported : Dmpu
2024-07-17 09:40:13,184 [ERROR] ConditionMgr:805 - Attr not supported : Dmpu
2024-07-17 09:40:13,184 [ERROR] ConditionMgr:805 - Attr not supported : Dmpu
2024-07-17 09:40:13,184 [ERROR] ConditionMgr:805 - Attr not supported : Dmpu
2024-07-17 09:40:13,185 [ERROR] ConditionMgr:805 - Attr not supported : Dmpu
2024-07-17 09:40:13,185 [ERROR] ConditionMgr:805 - Attr not supported : Dmpu
2024-07-17 09:40:13,185 [ERROR] ConditionMgr:805 - Attr not supported : Dmpu
2024-07-17 09:40:13,185 [ERROR] ConditionMgr:805 - Attr not supported : Dmpu
2024-07-17 09:40:13,185 [ERROR] ConditionMgr:805 - Attr not supported : Dmpu
2024-07-17 09:40:13,185 [ERROR] ConditionMgr:805 - Attr not supported : Dmpu
2024-07-17 09:40:13,185 [ERROR] ConditionMgr:805 - Attr not supported : Dmpu
2024-07-17 09:40:13,185 [ERROR] ConditionMgr:805 - Attr not supported : Dmpu
2024-07-17 09:40:13,185 [ERROR] ConditionMgr:805 - Attr not supported : Dmpu
2024-07-17 09:40:13,186 [ERROR] ConditionMgr:805 - Attr not supported : Dmpu
2024-07-17 09:40:13,186 [ERROR] ConditionMgr:805 - Attr not supported : Dmpu
2024-07-17 09:40:13,186 [ERROR] ConditionMgr:805 - Attr not supported : Dmpu
2024-07-17 09:40:13,186 [ERROR] ConditionMgr:805 - Attr not supported : Dmpu
2024-07-17 09:40:13,186 [ERROR] ConditionMgr:805 - Attr not supported : Dmpu
2024-07-17 09:40:13,186 [ERROR] ConditionMgr:805 - Attr not supported : Dmpu
2024-07-17 09:40:13,186 [ERROR] ConditionMgr:805 - Attr not supported : Dmpu
2024-07-17 09:40:13,186 [ERROR] ConditionMgr:805 - Attr not supported : Dmpu
2024-07-17 09:40:13,187 [ERROR] ConditionMgr:805 - Attr not supported : Dmpu
2024-07-17 09:40:13,187 [ERROR] ConditionMgr:805 - Attr not supported : Dmpu
2024-07-17 09:40:13,187 [ERROR] ConditionMgr:805 - Attr not supported : Dmpu
2024-07-17 09:40:13,187 [ERROR] ConditionMgr:805 - Attr not supported : Dmpu
2024-07-17 09:40:13,192 [ERROR] ConditionMgr:805 - Attr not supported : Dmpu
2024-07-17 09:40:13,192 [ERROR] ConditionMgr:805 - Attr not supported : Dmpu
2024-07-17 09:40:13,192 [ERROR] ConditionMgr:805 - Attr not supported : Dmpu
2024-07-17 09:40:13,192 [ERROR] ConditionMgr:805 - Attr not supported : Dmpu
2024-07-17 09:40:13,192 [ERROR] ConditionMgr:805 - Attr not supported : Dmpu
2024-07-17 09:40:13,192 [ERROR] ConditionMgr:805 - Attr not supported : Dmpu
2024-07-17 09:40:13,192 [ERROR] ConditionMgr:805 - Attr not supported : Dmpu
2024-07-17 09:40:13,192 [ERROR] ConditionMgr:805 - Attr not supported : Dmpu
2024-07-17 09:40:13,192 [ERROR] ConditionMgr:805 - Attr not supported : Dmpu
2024-07-17 09:40:13,193 [ERROR] ConditionMgr:805 - Attr not supported : Dmpu
2024-07-17 09:40:13,193 [ERROR] ConditionMgr:805 - Attr not supported : Dmpu
2024-07-17 09:40:13,193 [ERROR] ConditionMgr:805 - Attr not supported : Dmpu
2024-07-17 09:40:13,193 [ERROR] ConditionMgr:805 - Attr not supported : Dmpu
2024-07-17 09:40:13,193 [ERROR] ConditionMgr:805 - Attr not supported : Dmpu
2024-07-17 09:40:13,193 [ERROR] ConditionMgr:805 - Attr not supported : Dmpu
2024-07-17 09:40:13,200 [WARN] PackLoader:240 - Cannot read IP mode file for RealThread.X-CUBE-RT-Thread_Nano.4.1.1
2024-07-17 09:40:13,207 [WARN] PackLoader:240 - Cannot read IP mode file for STMicroelectronics.FP-ATR-SIGFOX1.3.2.0
2024-07-17 09:40:13,216 [WARN] PackLoader:240 - Cannot read IP mode file for STMicroelectronics.X-CUBE-EEPRMA1.5.1.0
2024-07-17 09:40:13,273 [WARN] PackLoader:240 - Cannot read IP mode file for SEGGER.I-CUBE-embOS.1.3.1
2024-07-17 09:40:13,344 [WARN] PackLoader:240 - Cannot read IP mode file for STMicroelectronics.X-CUBE-ALGOBUILD.1.4.0
2024-07-17 09:40:13,355 [WARN] PackLoader:240 - Cannot read IP mode file for STMicroelectronics.X-CUBE-GNSS1.6.0.0
2024-07-17 09:40:13,374 [WARN] PackLoader:240 - Cannot read IP mode file for STMicroelectronics.X-CUBE-AZRTOS-F4.1.1.0
2024-07-17 09:40:13,385 [WARN] PackLoader:240 - Cannot read IP mode file for STMicroelectronics.X-CUBE-FREERTOS.1.2.0
2024-07-17 09:40:13,390 [WARN] PackLoader:240 - Cannot read IP mode file for wolfSSL.I-CUBE-wolfSSL.5.6.6
2024-07-17 09:40:13,406 [WARN] PackLoader:240 - Cannot read IP mode file for STMicroelectronics.X-CUBE-AZRTOS-L5.2.0.0
2024-07-17 09:40:13,422 [WARN] PackLoader:240 - Cannot read IP mode file for STMicroelectronics.X-CUBE-NFC6.3.1.0
2024-07-17 09:40:13,430 [WARN] PackLoader:240 - Cannot read IP mode file for ITTIA_DB.I-CUBE-ITTIADB.8.8.0
2024-07-17 09:40:13,430 [INFO] WebApp:192 - Starting web application
2024-07-17 09:40:13,431 [INFO] WebApp:544 - Web application path used C:\ST\STM32CubeIDE_1.15.0\STM32CubeIDE\plugins\com.st.stm32cube.common.mx_6.11.1.202404110753\db\plugins\mcufinder\reactClient1\index.html
2024-07-17 09:40:13,439 [WARN] PackLoader:240 - Cannot read IP mode file for STMicroelectronics.X-CUBE-DPower.1.2.0
2024-07-17 09:40:13,445 [WARN] PackLoader:240 - Cannot read IP mode file for STMicroelectronics.X-CUBE-AI.9.0.0
2024-07-17 09:40:13,452 [WARN] PackLoader:240 - Cannot read IP mode file for STMicroelectronics.X-CUBE-NFC7.1.0.1
2024-07-17 09:40:13,458 [WARN] PackLoader:240 - Cannot read IP mode file for wolfSSL.I-CUBE-wolfTPM.3.2.0
2024-07-17 09:40:13,469 [WARN] PackLoader:240 - Cannot read IP mode file for STMicroelectronics.X-CUBE-AI.8.1.0
2024-07-17 09:40:13,560 [WARN] ConditionMgr:438 - getConditionDescription Invalid condition id : LAN8742 Phy interface Condition cause : null
2024-07-17 09:40:13,561 [WARN] PackLoader:240 - Cannot read IP mode file for STMicroelectronics.X-CUBE-AZRTOS-L4.2.0.0
2024-07-17 09:40:13,577 [WARN] ConditionMgr:1039 - genDependencies : Invalid condition id : LAN8742 Phy interface Condition cause : null
2024-07-17 09:40:13,578 [WARN] ConditionMgr:1039 - genDependencies : Invalid condition id : LAN8742 Phy interface Condition cause : null
2024-07-17 09:40:13,578 [WARN] ConditionMgr:1039 - genDependencies : Invalid condition id : LAN8742 Phy interface Condition cause : null
2024-07-17 09:40:13,610 [WARN] PackLoader:240 - Cannot read IP mode file for STMicroelectronics.X-CUBE-SFXS2LP1.4.0.0
2024-07-17 09:40:13,625 [WARN] ConditionMgr:438 - getConditionDescription Invalid condition id : UX DEVICE CLASS RTOS Condition cause : null
2024-07-17 09:40:13,625 [WARN] ConditionMgr:438 - getConditionDescription Invalid condition id : UX DEVICE CLASS RTOS Condition cause : null
2024-07-17 09:40:13,628 [WARN] PackLoader:240 - Cannot read IP mode file for STMicroelectronics.X-CUBE-AZRTOS-WB.2.0.0
2024-07-17 09:40:13,630 [WARN] ConditionMgr:1039 - genDependencies : Invalid condition id : UX DEVICE CLASS RTOS Condition cause : null
2024-07-17 09:40:13,631 [WARN] ConditionMgr:1039 - genDependencies : Invalid condition id : UX DEVICE CLASS RTOS Condition cause : null
2024-07-17 09:40:13,631 [WARN] ConditionMgr:1039 - genDependencies : Invalid condition id : UX DEVICE CLASS RTOS Condition cause : null
2024-07-17 09:40:13,631 [WARN] ConditionMgr:1039 - genDependencies : Invalid condition id : UX DEVICE CLASS RTOS Condition cause : null
2024-07-17 09:40:13,632 [WARN] ConditionMgr:1039 - genDependencies : Invalid condition id : UX DEVICE CLASS RTOS Condition cause : null
2024-07-17 09:40:13,645 [WARN] PackLoader:240 - Cannot read IP mode file for STMicroelectronics.X-CUBE-SUBG2.5.0.0
2024-07-17 09:40:13,673 [WARN] PackLoader:240 - Cannot read IP mode file for STMicroelectronics.X-CUBE-AZRTOS-G4.2.0.0
2024-07-17 09:40:13,708 [WARN] PackLoader:240 - Cannot read IP mode file for Infineon.AIROC-Wi-Fi-Bluetooth-STM32.1.5.1
2024-07-17 09:40:13,726 [WARN] PackLoader:240 - Cannot read IP mode file for STMicroelectronics.FP-SNS-MOTENVWB1.1.3.1
2024-07-17 09:40:13,732 [WARN] PackLoader:240 - Cannot read IP mode file for STMicroelectronics.X-CUBE-ISPU.2.0.0
2024-07-17 09:40:13,744 [WARN] PackLoader:240 - Cannot read IP mode file for STMicroelectronics.X-CUBE-ALS.1.0.2
2024-07-17 09:40:13,845 [WARN] PackLoader:240 - Cannot read IP mode file for STMicroelectronics.X-CUBE-MEMS1.10.0.0
2024-07-17 09:40:14,225 [WARN] PackLoader:240 - Cannot read IP mode file for STMicroelectronics.X-CUBE-FREERTOS.1.1.0
2024-07-17 09:40:14,239 [WARN] PackLoader:240 - Cannot read IP mode file for STMicroelectronics.X-CUBE-TOUCHGFX.4.24.0
2024-07-17 09:40:14,254 [WARN] PackLoader:240 - Cannot read IP mode file for portGmbH.I-Cube-SoM-uGOAL.1.1.0
2024-07-17 09:40:14,267 [WARN] PackLoader:240 - Cannot read IP mode file for STMicroelectronics.X-CUBE-ALS.1.0.1
2024-07-17 09:40:14,320 [WARN] PackLoader:240 - Cannot read IP mode file for STMicroelectronics.X-CUBE-AZRTOS-H7RS.1.0.0
2024-07-17 09:40:14,403 [WARN] PackLoader:240 - Cannot read IP mode file for STMicroelectronics.FP-ATR-ASTRA1.2.0.0
2024-07-17 09:40:14,420 [WARN] PackLoader:240 - Cannot read IP mode file for STMicroelectronics.X-CUBE-TOF1.3.4.1
2024-07-17 09:40:14,477 [WARN] PackLoader:240 - Cannot read IP mode file for STMicroelectronics.X-CUBE-AZRTOS-H7.3.2.0
2024-07-17 09:40:14,507 [WARN] PackLoader:240 - Cannot read IP mode file for wolfSSL.I-CUBE-wolfSSH.1.4.17
2024-07-17 09:40:14,508 [INFO] ThirdParty:978 - Integrity check success = true
2024-07-17 09:40:14,508 [INFO] IntegrityCheckThread:100 - exiting critical section [integrity check]
2024-07-17 09:40:14,508 [INFO] IntegrityCheckThread:103 - End integrity checks thread
2024-07-17 09:43:32,252 [INFO] WebApp:354 - JxBrowser engine has been closed 
2024-07-17 09:45:16,586 [INFO] Activator:176 - 


2024-07-17 09:45:16,589 [INFO] Activator:177 - !SESSION log4j initialized
2024-07-17 09:45:27,469 [INFO] LogOutputStream:77 - [STDOUT_REDIRECT] 
2024-07-17 09:45:36,270 [INFO] ApplicationProperties:184 - Using Application install path: C:\ST\STM32CubeIDE_1.15.0\STM32CubeIDE\plugins\com.st.stm32cube.common.mx_6.11.1.202404110753
2024-07-17 09:45:36,296 [INFO] DbMcusXml:78 - Set database path to: C:\ST\STM32CubeIDE_1.15.0\STM32CubeIDE\plugins\com.st.stm32cube.common.mx_6.11.1.202404110753\\db\/mcu/
2024-07-17 09:45:36,296 [INFO] ApiDb:274 - Set plugin database path to: C:\ST\STM32CubeIDE_1.15.0\STM32CubeIDE\plugins\com.st.stm32cube.common.mx_6.11.1.202404110753\\db\/plugins/boardmanager/
2024-07-17 09:45:36,296 [WARN] ApiDb:259 - Overriding images path with different value:  => C:\ST\STM32CubeIDE_1.15.0\STM32CubeIDE\plugins\com.st.stm32cube.common.mx_6.11.1.202404110753\\db\/plugins/mcufinder/images/
2024-07-17 09:45:36,310 [INFO] ApiDb:250 - Set database path to: C:\Users\shrey\.stmcufinder\plugins\mcufinder//mcu/
2024-07-17 09:45:36,311 [INFO] DbMcusAds:125 - Set database path to: C:\Users\shrey\.stmcufinder\plugins\mcufinder//mcu/
2024-07-17 09:45:36,312 [INFO] CrossReferenceDbSqlite:203 - Set database path to: C:\Users\shrey\.stmcufinder\plugins\mcufinder//mcu/cs/
2024-07-17 09:45:36,443 [INFO] RulesReader:64 - Compatibility file has been processed (297 Rules)
2024-07-17 09:45:36,545 [INFO] DbMcusXml:78 - Set database path to: C:\ST\STM32CubeIDE_1.15.0\STM32CubeIDE\plugins\com.st.stm32cube.common.mx_6.11.1.202404110753\\db\/mcu/
2024-07-17 09:45:36,546 [INFO] ApiDb:274 - Set plugin database path to: C:\ST\STM32CubeIDE_1.15.0\STM32CubeIDE\plugins\com.st.stm32cube.common.mx_6.11.1.202404110753\\db\/plugins/boardmanager/
2024-07-17 09:45:36,546 [INFO] ApiDb:261 - Set plugin images path to: C:\ST\STM32CubeIDE_1.15.0\STM32CubeIDE\plugins\com.st.stm32cube.common.mx_6.11.1.202404110753\\db\/plugins/mcufinder/images/
2024-07-17 09:45:36,546 [WARN] DbFile:41 - Overriding database path with different value: C:\Users\shrey\.stmcufinder\plugins\mcufinder/ => C:\Users\shrey\.stmcufinder\plugins\mcufinder
2024-07-17 09:45:36,546 [INFO] ApiDb:250 - Set database path to: C:\Users\shrey\.stmcufinder\plugins\mcufinder//mcu/
2024-07-17 09:45:36,547 [WARN] DbFile:41 - Overriding database path with different value: C:\Users\shrey\.stmcufinder\plugins\mcufinder/ => C:\Users\shrey\.stmcufinder\plugins\mcufinder
2024-07-17 09:45:36,547 [INFO] DbMcusAds:125 - Set database path to: C:\Users\shrey\.stmcufinder\plugins\mcufinder//mcu/
2024-07-17 09:45:36,547 [WARN] DbFile:41 - Overriding database path with different value: C:\Users\shrey\.stmcufinder\plugins\mcufinder/ => C:\Users\shrey\.stmcufinder\plugins\mcufinder
2024-07-17 09:45:36,547 [WARN] DbFile:41 - Overriding database path with different value: C:\Users\shrey\.stmcufinder\plugins\mcufinder/ => C:\Users\shrey\.stmcufinder\plugins\mcufinder
2024-07-17 09:45:36,547 [INFO] CrossReferenceDbSqlite:203 - Set database path to: C:\Users\shrey\.stmcufinder\plugins\mcufinder//mcu/cs/
2024-07-17 09:45:36,651 [INFO] MainPanel:264 - HeapMemory: 268435456
2024-07-17 09:45:36,795 [INFO] DbMcusXml:78 - Set database path to: C:\ST\STM32CubeIDE_1.15.0\STM32CubeIDE\plugins\com.st.stm32cube.common.mx_6.11.1.202404110753\\db\/mcu/
2024-07-17 09:45:36,796 [INFO] ApiDb:274 - Set plugin database path to: C:\ST\STM32CubeIDE_1.15.0\STM32CubeIDE\plugins\com.st.stm32cube.common.mx_6.11.1.202404110753\\db\/plugins/boardmanager/
2024-07-17 09:45:36,796 [INFO] ApiDb:261 - Set plugin images path to: C:\ST\STM32CubeIDE_1.15.0\STM32CubeIDE\plugins\com.st.stm32cube.common.mx_6.11.1.202404110753\\db\/plugins/mcufinder/images/
2024-07-17 09:45:36,796 [WARN] DbFile:41 - Overriding database path with different value: C:\Users\shrey\.stmcufinder\plugins\mcufinder/ => C:\Users\shrey\.stmcufinder\plugins\mcufinder
2024-07-17 09:45:36,796 [INFO] ApiDb:250 - Set database path to: C:\Users\shrey\.stmcufinder\plugins\mcufinder//mcu/
2024-07-17 09:45:36,796 [WARN] DbFile:41 - Overriding database path with different value: C:\Users\shrey\.stmcufinder\plugins\mcufinder/ => C:\Users\shrey\.stmcufinder\plugins\mcufinder
2024-07-17 09:45:36,796 [INFO] DbMcusAds:125 - Set database path to: C:\Users\shrey\.stmcufinder\plugins\mcufinder//mcu/
2024-07-17 09:45:36,796 [WARN] DbFile:41 - Overriding database path with different value: C:\Users\shrey\.stmcufinder\plugins\mcufinder/ => C:\Users\shrey\.stmcufinder\plugins\mcufinder
2024-07-17 09:45:36,796 [WARN] DbFile:41 - Overriding database path with different value: C:\Users\shrey\.stmcufinder\plugins\mcufinder/ => C:\Users\shrey\.stmcufinder\plugins\mcufinder
2024-07-17 09:45:36,797 [INFO] CrossReferenceDbSqlite:203 - Set database path to: C:\Users\shrey\.stmcufinder\plugins\mcufinder//mcu/cs/
2024-07-17 09:45:36,821 [INFO] ApplicationProperties:184 - Using Application install path: C:\ST\STM32CubeIDE_1.15.0\STM32CubeIDE\plugins\com.st.stm32cube.common.mx_6.11.1.202404110753
2024-07-17 09:45:36,823 [INFO] PluginManage:196 - Search for loadable plugins [exclusion list=, ]
2024-07-17 09:45:36,825 [INFO] PluginManage:310 - Check plugin analytics
2024-07-17 09:45:37,036 [INFO] AnalyticsPlugin:253 - Accepted Software Licenses: 
2024-07-17 09:45:37,037 [INFO] AnalyticsPlugin:255 - Accepted CMSIS Pack Licenses: 
2024-07-17 09:45:37,037 [INFO] AnalyticsPlugin:257 - Accepted Firmware Licenses: FW.F4.1.28.0
2024-07-17 09:45:37,039 [INFO] PluginManage:359 - Loaded plugin analytics (category:tool,tabindex:-1)
2024-07-17 09:45:37,040 [INFO] PluginManage:310 - Check plugin cadmodel
2024-07-17 09:45:37,109 [INFO] CADModel:105 - Init CAD model plugin
2024-07-17 09:45:37,109 [INFO] PluginManage:359 - Loaded plugin cadmodel (category:power,tabindex:5)
2024-07-17 09:45:37,109 [INFO] PluginManage:310 - Check plugin clock
2024-07-17 09:45:37,137 [INFO] PluginManage:359 - Loaded plugin clock (category:base,tabindex:2)
2024-07-17 09:45:37,138 [INFO] PluginManage:310 - Check plugin ddr
2024-07-17 09:45:37,141 [INFO] PluginManage:359 - Loaded plugin ddr (category:tool,tabindex:6)
2024-07-17 09:45:37,141 [INFO] PluginManage:310 - Check plugin filemanager
2024-07-17 09:45:37,361 [INFO] PluginManage:359 - Loaded plugin filemanager (category:base,tabindex:10)
2024-07-17 09:45:37,361 [INFO] PluginManage:310 - Check plugin ipmanager
2024-07-17 09:45:37,373 [INFO] PluginManage:359 - Loaded plugin ipmanager (category:base,tabindex:5)
2024-07-17 09:45:37,373 [INFO] PluginManage:310 - Check plugin lpbam
2024-07-17 09:45:37,394 [INFO] PluginManage:359 - Loaded plugin lpbam (category:base,tabindex:0)
2024-07-17 09:45:37,394 [INFO] PluginManage:310 - Check plugin memorymap
2024-07-17 09:45:37,424 [INFO] PluginManage:359 - Loaded plugin memorymap (category:base,tabindex:4)
2024-07-17 09:45:37,424 [INFO] PluginManage:310 - Check plugin pinoutandconfiguration
2024-07-17 09:45:37,443 [INFO] PluginManage:359 - Loaded plugin pinoutandconfiguration (category:base,tabindex:1)
2024-07-17 09:45:37,443 [INFO] PluginManage:310 - Check plugin pinoutconfig
2024-07-17 09:45:37,577 [WARN] SupportedApi:132 - Cannot load RTOS API schema: s4s-elt-must-match.1: The content of 'definitions' must match (annotation?, (simpleType | complexType)?, (unique | key | keyref)*)). A problem was found starting at: attribute.
2024-07-17 09:45:37,760 [INFO] PluginManage:359 - Loaded plugin pinoutconfig (category:base,tabindex:0)
2024-07-17 09:45:37,760 [INFO] PluginManage:310 - Check plugin power
2024-07-17 09:45:37,793 [INFO] PluginManage:359 - Loaded plugin power (category:power,tabindex:4)
2024-07-17 09:45:37,793 [INFO] PluginManage:310 - Check plugin projectmanager
2024-07-17 09:45:37,813 [INFO] PluginManage:359 - Loaded plugin projectmanager (category:projectmanager,tabindex:3)
2024-07-17 09:45:37,814 [INFO] PluginManage:310 - Check plugin thirdparty
2024-07-17 09:45:38,330 [INFO] PluginManage:359 - Loaded plugin thirdparty (category:base,tabindex:-1)
2024-07-17 09:45:38,330 [INFO] PluginManage:310 - Check plugin tools
2024-07-17 09:45:38,332 [WARN] IntegrityCheckThread:84 - waiting for thirdparty lock release [integrity check]
2024-07-17 09:45:38,338 [INFO] IntegrityCheckThread:86 - entering critical section [integrity check]
2024-07-17 09:45:38,339 [INFO] ThirdPartyUpdaterWithRetryManager:70 - Updater plugin not ready yet. [1/15]
2024-07-17 09:45:38,398 [INFO] PluginManage:359 - Loaded plugin tools (category:base,tabindex:7)
2024-07-17 09:45:38,399 [INFO] PluginManage:310 - Check plugin tutovideos
2024-07-17 09:45:38,702 [INFO] PluginManage:359 - Loaded plugin tutovideos (category:base,tabindex:-1)
2024-07-17 09:45:38,703 [INFO] PluginManage:310 - Check plugin updater
2024-07-17 09:45:38,720 [INFO] PluginManage:359 - Loaded plugin updater (category:base,tabindex:12)
2024-07-17 09:45:38,720 [INFO] PluginManage:310 - Check plugin userauth
2024-07-17 09:45:38,730 [INFO] UserAuth:114 - Init User Auth plugin
2024-07-17 09:45:38,730 [INFO] PluginManage:359 - Loaded plugin userauth (category:base,tabindex:14)
2024-07-17 09:45:38,731 [INFO] PluginManage:283 - PluginManage : Loaded plugins [17]
2024-07-17 09:45:39,219 [INFO] PinOutPanel:1561 - setPackage(No Configuration,No Configuration)
2024-07-17 09:45:39,340 [INFO] CADModel:165 - CPN selected for project level
2024-07-17 09:45:39,341 [INFO] CADModel:114 - Register for checkConnection events
2024-07-17 09:45:39,380 [INFO] IPUIPlugin:80 - create IPUIPlugin
2024-07-17 09:45:39,380 [INFO] PluginManager:220 - loadIPPluginJar : add adc
2024-07-17 09:45:39,435 [INFO] IPUIPlugin:80 - create IPUIPlugin
2024-07-17 09:45:39,435 [INFO] PluginManager:220 - loadIPPluginJar : add aes
2024-07-17 09:45:39,490 [INFO] IPUIPlugin:80 - create IPUIPlugin
2024-07-17 09:45:39,490 [INFO] PluginManager:220 - loadIPPluginJar : add can
2024-07-17 09:45:39,519 [INFO] IPUIPlugin:80 - create IPUIPlugin
2024-07-17 09:45:39,519 [INFO] PluginManager:220 - loadIPPluginJar : add comp
2024-07-17 09:45:39,564 [INFO] IPUIPlugin:80 - create IPUIPlugin
2024-07-17 09:45:39,564 [INFO] PluginManager:220 - loadIPPluginJar : add cryp
2024-07-17 09:45:39,597 [INFO] IPUIPlugin:80 - create IPUIPlugin
2024-07-17 09:45:39,597 [INFO] PluginManager:220 - loadIPPluginJar : add dfsdm
2024-07-17 09:45:39,612 [INFO] IPUIPlugin:80 - create IPUIPlugin
2024-07-17 09:45:39,613 [INFO] PluginManager:220 - loadIPPluginJar : add dma
2024-07-17 09:45:39,657 [INFO] IPUIPlugin:80 - create IPUIPlugin
2024-07-17 09:45:39,657 [INFO] PluginManager:220 - loadIPPluginJar : add dma3
2024-07-17 09:45:39,700 [INFO] IPUIPlugin:80 - create IPUIPlugin
2024-07-17 09:45:39,700 [INFO] PluginManager:220 - loadIPPluginJar : add extmemmanager
2024-07-17 09:45:39,722 [INFO] IPUIPlugin:80 - create IPUIPlugin
2024-07-17 09:45:39,722 [INFO] PluginManager:220 - loadIPPluginJar : add fatfs
2024-07-17 09:45:39,768 [INFO] IPUIPlugin:80 - create IPUIPlugin
2024-07-17 09:45:39,769 [INFO] PluginManager:220 - loadIPPluginJar : add fmc
2024-07-17 09:45:39,785 [INFO] IPUIPlugin:80 - create IPUIPlugin
2024-07-17 09:45:39,785 [INFO] PluginManager:220 - loadIPPluginJar : add freertos
2024-07-17 09:45:39,807 [INFO] IPUIPlugin:80 - create IPUIPlugin
2024-07-17 09:45:39,807 [INFO] PluginManager:220 - loadIPPluginJar : add genericplugin
2024-07-17 09:45:39,915 [INFO] IPUIPlugin:80 - create IPUIPlugin
2024-07-17 09:45:39,916 [INFO] PluginManager:220 - loadIPPluginJar : add gfxmmu
2024-07-17 09:45:40,119 [INFO] IPUIPlugin:80 - create IPUIPlugin
2024-07-17 09:45:40,119 [INFO] PluginManager:220 - loadIPPluginJar : add gic
2024-07-17 09:45:40,134 [INFO] IPUIPlugin:80 - create IPUIPlugin
2024-07-17 09:45:40,134 [INFO] PluginManager:220 - loadIPPluginJar : add gpio
2024-07-17 09:45:40,233 [INFO] IPUIPlugin:80 - create IPUIPlugin
2024-07-17 09:45:40,233 [INFO] PluginManager:220 - loadIPPluginJar : add gtzc
2024-07-17 09:45:40,268 [INFO] IPUIPlugin:80 - create IPUIPlugin
2024-07-17 09:45:40,268 [INFO] PluginManager:220 - loadIPPluginJar : add hash
2024-07-17 09:45:40,331 [INFO] IPUIPlugin:80 - create IPUIPlugin
2024-07-17 09:45:40,331 [INFO] PluginManager:220 - loadIPPluginJar : add i2c
2024-07-17 09:45:40,373 [INFO] IPUIPlugin:80 - create IPUIPlugin
2024-07-17 09:45:40,373 [INFO] PluginManager:220 - loadIPPluginJar : add i2s
2024-07-17 09:45:40,416 [INFO] IPUIPlugin:80 - create IPUIPlugin
2024-07-17 09:45:40,416 [INFO] PluginManager:220 - loadIPPluginJar : add i3c
2024-07-17 09:45:40,520 [INFO] IPUIPlugin:80 - create IPUIPlugin
2024-07-17 09:45:40,521 [INFO] PluginManager:220 - loadIPPluginJar : add ipddr
2024-07-17 09:45:40,617 [INFO] IPUIPlugin:80 - create IPUIPlugin
2024-07-17 09:45:40,617 [INFO] PluginManager:220 - loadIPPluginJar : add linkedlist
2024-07-17 09:45:40,651 [INFO] IPUIPlugin:80 - create IPUIPlugin
2024-07-17 09:45:40,651 [INFO] PluginManager:220 - loadIPPluginJar : add lorawan
2024-07-17 09:45:40,686 [INFO] IPUIPlugin:80 - create IPUIPlugin
2024-07-17 09:45:40,686 [INFO] PluginManager:220 - loadIPPluginJar : add ltdc
2024-07-17 09:45:40,701 [INFO] IPUIPlugin:80 - create IPUIPlugin
2024-07-17 09:45:40,701 [INFO] PluginManager:220 - loadIPPluginJar : add mdma
2024-07-17 09:45:40,715 [INFO] IPUIPlugin:80 - create IPUIPlugin
2024-07-17 09:45:40,715 [INFO] PluginManager:220 - loadIPPluginJar : add nvic
2024-07-17 09:45:40,751 [INFO] IPUIPlugin:80 - create IPUIPlugin
2024-07-17 09:45:40,751 [INFO] PluginManager:220 - loadIPPluginJar : add opamp
2024-07-17 09:45:40,809 [INFO] IPUIPlugin:80 - create IPUIPlugin
2024-07-17 09:45:40,809 [INFO] PluginManager:220 - loadIPPluginJar : add openamp
2024-07-17 09:45:40,851 [INFO] IPUIPlugin:80 - create IPUIPlugin
2024-07-17 09:45:40,851 [INFO] PluginManager:220 - loadIPPluginJar : add pdm2pcm
2024-07-17 09:45:40,868 [INFO] IPUIPlugin:80 - create IPUIPlugin
2024-07-17 09:45:40,870 [INFO] PluginManager:220 - loadIPPluginJar : add plateformsettings
2024-07-17 09:45:40,891 [INFO] IPUIPlugin:80 - create IPUIPlugin
2024-07-17 09:45:40,891 [INFO] PluginManager:220 - loadIPPluginJar : add quadspi
2024-07-17 09:45:40,904 [INFO] IPUIPlugin:80 - create IPUIPlugin
2024-07-17 09:45:40,904 [INFO] PluginManager:220 - loadIPPluginJar : add resmgrutility
2024-07-17 09:45:40,948 [INFO] IPUIPlugin:80 - create IPUIPlugin
2024-07-17 09:45:40,948 [INFO] PluginManager:220 - loadIPPluginJar : add sai
2024-07-17 09:45:40,982 [INFO] IPUIPlugin:80 - create IPUIPlugin
2024-07-17 09:45:40,983 [INFO] PluginManager:220 - loadIPPluginJar : add spi
2024-07-17 09:45:41,045 [INFO] IPUIPlugin:80 - create IPUIPlugin
2024-07-17 09:45:41,045 [INFO] PluginManager:220 - loadIPPluginJar : add stm32_wpan
2024-07-17 09:45:41,066 [INFO] IPUIPlugin:80 - create IPUIPlugin
2024-07-17 09:45:41,066 [INFO] PluginManager:220 - loadIPPluginJar : add tim
2024-07-17 09:45:41,119 [INFO] IPUIPlugin:80 - create IPUIPlugin
2024-07-17 09:45:41,119 [INFO] PluginManager:220 - loadIPPluginJar : add touchsensing
2024-07-17 09:45:41,141 [INFO] IPUIPlugin:80 - create IPUIPlugin
2024-07-17 09:45:41,141 [INFO] PluginManager:220 - loadIPPluginJar : add tracer_emb
2024-07-17 09:45:41,161 [INFO] IPUIPlugin:80 - create IPUIPlugin
2024-07-17 09:45:41,161 [INFO] PluginManager:220 - loadIPPluginJar : add ts
2024-07-17 09:45:41,181 [INFO] IPUIPlugin:80 - create IPUIPlugin
2024-07-17 09:45:41,181 [INFO] PluginManager:220 - loadIPPluginJar : add tsc
2024-07-17 09:45:41,201 [INFO] IPUIPlugin:80 - create IPUIPlugin
2024-07-17 09:45:41,202 [INFO] PluginManager:220 - loadIPPluginJar : add ucpd
2024-07-17 09:45:41,241 [INFO] IPUIPlugin:80 - create IPUIPlugin
2024-07-17 09:45:41,241 [INFO] PluginManager:220 - loadIPPluginJar : add usart
2024-07-17 09:45:41,278 [INFO] IPUIPlugin:80 - create IPUIPlugin
2024-07-17 09:45:41,278 [INFO] PluginManager:220 - loadIPPluginJar : add usbx
2024-07-17 09:45:41,341 [INFO] ThirdPartyUpdaterWithRetryManager:70 - Updater plugin not ready yet. [2/15]
2024-07-17 09:45:41,407 [INFO] CADModel:165 - CPN selected for project level
2024-07-17 09:45:41,407 [INFO] CADModel:114 - Register for checkConnection events
2024-07-17 09:45:41,407 [FATAL] Updater:308 - Updater called before beeing initialized
2024-07-17 09:45:41,407 [ERROR] CADModel:125 - Updater not yet initialized, retry later 
2024-07-17 09:45:41,595 [INFO] CADModel:165 - CPN selected for project level
2024-07-17 09:45:41,595 [INFO] CADModel:114 - Register for checkConnection events
2024-07-17 09:45:41,596 [FATAL] Updater:308 - Updater called before beeing initialized
2024-07-17 09:45:41,596 [ERROR] CADModel:125 - Updater not yet initialized, retry later 
2024-07-17 09:45:41,599 [FATAL] Updater:308 - Updater called before beeing initialized
2024-07-17 09:45:41,732 [FATAL] Updater:308 - Updater called before beeing initialized
2024-07-17 09:45:41,742 [INFO] DbMcusAds:53 - JSON generation date=Thu May 16 14:52:01 IST 2024 (1715851321485)
2024-07-17 09:45:41,743 [FATAL] Updater:308 - Updater called before beeing initialized
2024-07-17 09:45:41,801 [WARN] DetailPanel:346 - Failed to get advertising image, set to default
2024-07-17 09:45:41,881 [FATAL] Updater:308 - Updater called before beeing initialized
2024-07-17 09:45:41,883 [FATAL] Updater:308 - Updater called before beeing initialized
2024-07-17 09:45:41,883 [FATAL] Updater:308 - Updater called before beeing initialized
2024-07-17 09:45:41,884 [WARN] DetailPanel:346 - Failed to get advertising image, set to default
2024-07-17 09:45:41,884 [FATAL] Updater:308 - Updater called before beeing initialized
2024-07-17 09:45:41,950 [ERROR] Updater:1120 - MainUpdater not yet initialized. External WinMGr cannot be set.
2024-07-17 09:45:41,965 [INFO] Updater:1056 - Updater Version found : 6.11.1
2024-07-17 09:45:41,996 [INFO] ApplicationProperties:184 - Using Application install path: C:\ST\STM32CubeIDE_1.15.0\STM32CubeIDE\plugins\com.st.stm32cube.common.mx_6.11.1.202404110753
2024-07-17 09:45:43,576 [ERROR] LogOutputStream:75 - [STDERR_REDIRECT] Jul 17, 2024 9:45:43 AM java.util.prefs.WindowsPreferences <init>
2024-07-17 09:45:43,577 [ERROR] LogOutputStream:75 - [STDERR_REDIRECT] WARNING: Could not open/create prefs root node Software\JavaSoft\Prefs at root 0xffffffff80000002. Windows RegCreateKeyEx(...) returned error code 5.
2024-07-17 09:45:43,577 [ERROR] LogOutputStream:75 - [STDERR_REDIRECT] 
2024-07-17 09:45:44,342 [FATAL] Updater:308 - Updater called before beeing initialized
2024-07-17 09:45:44,342 [ERROR] IntegrityCheckThread:130 - Cannot retrieve database content from updater: error 21
2024-07-17 09:45:44,343 [INFO] ThirdParty:978 - Integrity check success = false
2024-07-17 09:45:44,343 [INFO] IntegrityCheckThread:100 - exiting critical section [integrity check]
2024-07-17 09:45:44,343 [INFO] IntegrityCheckThread:103 - End integrity checks thread
2024-07-17 09:45:44,398 [INFO] MainUpdater:2873 - connection check result : 10
2024-07-17 09:45:44,399 [INFO] MainUpdater:290 - Updater Check For Update Now.
2024-07-17 09:45:44,399 [INFO] MicroXplorer:498 - Change Database Version : DB.6.0.111
2024-07-17 09:45:44,427 [INFO] McuFinderGlobals:63 - Set McuFinder mode to 2 (CubeIDE integrated)
2024-07-17 09:45:44,445 [INFO] UserAuth:415 - Internet connection configuration mode: 1
2024-07-17 09:45:44,484 [INFO] JxBrowserEngine:152 - Initiate JxBrowser Engine with user profile folder
2024-07-17 09:45:44,651 [INFO] CheckServerUpdateThread:120 - End of CheckServer Thread
2024-07-17 09:45:52,157 [INFO] WebApp:161 - Instantiating new browser for Auth
2024-07-17 09:45:53,127 [INFO] WebApp:779 - Register for checkConnection events
2024-07-17 09:45:53,127 [INFO] WebApp:414 - Apply proxy settings
2024-07-17 09:45:53,127 [INFO] WebApp:499 - Chromium requires no authentication
2024-07-17 09:45:53,136 [INFO] WebApp:442 - Direct internet connection detected
2024-07-17 09:45:53,350 [INFO] WebApp:192 - Starting web application
2024-07-17 09:45:53,350 [INFO] WebApp:544 - Web application path used C:\ST\STM32CubeIDE_1.15.0\STM32CubeIDE\plugins\com.st.stm32cube.common.mx_6.11.1.202404110753\db\plugins\mcufinder\reactClient1\index.html
2024-07-17 18:28:20,178 [INFO] WebApp:354 - JxBrowser engine has been closed 
